4/1/2012 10:19:26 PM:General:-1: 0: Information: :Error reading mapfile:C:\Telavance\Development\Wei\code\WeiService\data\Traditional Chinese.ctc.map for line:System.String[].Exception Message:Item has already been added. Key in dictionary: '0488'  Key being added: '0488'
4/1/2012 10:19:26 PM:General:-1: 0: Information: :Error reading mapfile:C:\Telavance\Development\Wei\code\WeiService\data\Traditional Chinese.ctc.map for line:System.String[].Exception Message:Item has already been added. Key in dictionary: '6480'  Key being added: '6480'
4/1/2012 10:19:39 PM:General:-1: 0: Information: :Error reading mapfile:C:\Telavance\Development\Wei\code\WeiService\data\Traditional Chinese.ctc.map for line:System.String[].Exception Message:Item has already been added. Key in dictionary: '0488'  Key being added: '0488'
4/1/2012 10:19:39 PM:General:-1: 0: Information: :Error reading mapfile:C:\Telavance\Development\Wei\code\WeiService\data\Traditional Chinese.ctc.map for line:System.String[].Exception Message:Item has already been added. Key in dictionary: '6480'  Key being added: '6480'
4/1/2012 10:38:17 PM:General:-1: 0: Information: :Error reading mapfile:C:\Telavance\Development\Wei\code\WeiService\data\Traditional Chinese.ctc.map for line:System.String[].Exception Message:Item has already been added. Key in dictionary: '0488'  Key being added: '0488'
4/1/2012 10:38:17 PM:General:-1: 0: Information: :Error reading mapfile:C:\Telavance\Development\Wei\code\WeiService\data\Traditional Chinese.ctc.map for line:System.String[].Exception Message:Item has already been added. Key in dictionary: '6480'  Key being added: '6480'
4/1/2012 10:38:17 PM:General:-1: 0: Information: :Cannot find the value for 2623 in the mapfile:C:\Telavance\Development\Wei\code\WeiService\data\Traditional Chinese.ctc.map
4/1/2012 10:38:48 PM:General:-1: 0: Information: :Error reading mapfile:C:\Telavance\Development\Wei\code\WeiService\data\Traditional Chinese.ctc.map for line:System.String[].Exception Message:Item has already been added. Key in dictionary: '0488'  Key being added: '0488'
4/1/2012 10:38:48 PM:General:-1: 0: Information: :Error reading mapfile:C:\Telavance\Development\Wei\code\WeiService\data\Traditional Chinese.ctc.map for line:System.String[].Exception Message:Item has already been added. Key in dictionary: '6480'  Key being added: '6480'
4/1/2012 10:38:55 PM:General:-1: 0: Information: :Error reading mapfile:C:\Telavance\Development\Wei\code\WeiService\data\Traditional Chinese.ctc.map for line:System.String[].Exception Message:Item has already been added. Key in dictionary: '0488'  Key being added: '0488'
4/1/2012 10:38:55 PM:General:-1: 0: Information: :Error reading mapfile:C:\Telavance\Development\Wei\code\WeiService\data\Traditional Chinese.ctc.map for line:System.String[].Exception Message:Item has already been added. Key in dictionary: '6480'  Key being added: '6480'
4/1/2012 10:38:55 PM:General:-1: 0: Information: :Cannot find the value for 2623 in the mapfile:C:\Telavance\Development\Wei\code\WeiService\data\Traditional Chinese.ctc.map
4/1/2012 10:40:24 PM:General:-1: 0: Information: :Error reading mapfile:C:\Telavance\Development\Wei\code\WeiService\data\Traditional Chinese.ctc.map for line:System.String[].Exception Message:Item has already been added. Key in dictionary: '0488'  Key being added: '0488'
4/1/2012 10:40:24 PM:General:-1: 0: Information: :Error reading mapfile:C:\Telavance\Development\Wei\code\WeiService\data\Traditional Chinese.ctc.map for line:System.String[].Exception Message:Item has already been added. Key in dictionary: '6480'  Key being added: '6480'
4/1/2012 10:40:24 PM:General:-1: 0: Error: :Error loading the map file:C:\Telavance\Development\WEI\code\WeiService\data\simplified Chinese.ctc.map for language:zh-CN. ExceptionMessage:The handle is invalid.

4/1/2012 10:40:24 PM:General:-1: 0: Error: :   at System.IO.__Error.WinIOError(Int32 errorCode, String maybeFullPath)
   at System.IO.FileStream.ReadCore(Byte[] buffer, Int32 offset, Int32 count)
   at System.IO.FileStream.Read(Byte[] array, Int32 offset, Int32 count)
   at System.IO.StreamReader.ReadBuffer()
   at System.IO.StreamReader.ReadLine()
   at Telavance.AdvantageSuite.Wei.WeiTranslator.MapFile.initiliaze() in C:\Telavance\Development\Wei\code\WeiTranslator\MapFile.cs:line 101
   at Telavance.AdvantageSuite.Wei.WeiTranslator.MapFile..ctor(String language, String filename, Int32 keyIndex, Int32 valueIndex) in C:\Telavance\Development\Wei\code\WeiTranslator\MapFile.cs:line 74
   at Telavance.AdvantageSuite.Wei.WeiTranslator.Translator..ctor(WeiConfiguration weiConfig) in C:\Telavance\Development\Wei\code\WeiTranslator\Translator.cs:line 140
4/1/2012 10:45:20 PM:General:-1: 0: Information: :Error reading mapfile:C:\Telavance\Development\Wei\code\WeiService\data\Traditional Chinese.ctc.map for line:System.String[].Exception Message:Item has already been added. Key in dictionary: '0488'  Key being added: '0488'
4/1/2012 10:45:21 PM:General:-1: 0: Information: :Error reading mapfile:C:\Telavance\Development\Wei\code\WeiService\data\Traditional Chinese.ctc.map for line:System.String[].Exception Message:Item has already been added. Key in dictionary: '6480'  Key being added: '6480'
4/1/2012 11:02:45 PM:General:-1: 0: Information: :Error reading mapfile:C:\Telavance\Development\Wei\code\WeiService\data\Traditional Chinese.ctc.map for line:System.String[].Exception Message:Item has already been added. Key in dictionary: '0488'  Key being added: '0488'
4/1/2012 11:02:45 PM:General:-1: 0: Information: :Error reading mapfile:C:\Telavance\Development\Wei\code\WeiService\data\Traditional Chinese.ctc.map for line:System.String[].Exception Message:Item has already been added. Key in dictionary: '6480'  Key being added: '6480'
4/1/2012 11:03:40 PM:General:-1: 0: Information: :Error reading mapfile:C:\Telavance\Development\Wei\code\WeiService\data\Traditional Chinese.ctc.map for line:System.String[].Exception Message:Item has already been added. Key in dictionary: '0488'  Key being added: '0488'
4/1/2012 11:03:40 PM:General:-1: 0: Information: :Error reading mapfile:C:\Telavance\Development\Wei\code\WeiService\data\Traditional Chinese.ctc.map for line:System.String[].Exception Message:Item has already been added. Key in dictionary: '6480'  Key being added: '6480'
4/1/2012 11:04:12 PM:General:-1: 0: Information: :Cannot find the value for 2623 in the mapfile:C:\Telavance\Development\Wei\code\WeiService\data\Traditional Chinese.ctc.map
4/1/2012 11:04:12 PM:General:-1: 0: Verbose: :Raw translated response:{
 "data": {
  "translations": [
   {
    "translatedText": "Akio Singapore state-owned 2623 mechanical engineering private limited"
   }
  ]
 }
}

4/1/2012 11:04:12 PM:General:-1: 0: Verbose: :convertedString:明 雄 新 加 坡 國 營 2623 械 工 程 私 人 有 限. Translated:Akio Singapore state-owned 2623 mechanical engineering private limited
4/1/2012 11:05:27 PM:General:-1: 0: Information: :Cannot find the value for 2623 in the mapfile:C:\Telavance\Development\Wei\code\WeiService\data\Traditional Chinese.ctc.map
4/1/2012 11:11:25 PM:General:-1: 0: Information: :Error reading mapfile:C:\Telavance\Development\Wei\code\WeiService\data\Traditional Chinese.ctc.map for line:System.String[].Exception Message:Item has already been added. Key in dictionary: '0488'  Key being added: '0488'
4/1/2012 11:11:25 PM:General:-1: 0: Information: :Error reading mapfile:C:\Telavance\Development\Wei\code\WeiService\data\Traditional Chinese.ctc.map for line:System.String[].Exception Message:Item has already been added. Key in dictionary: '6480'  Key being added: '6480'
4/1/2012 11:11:31 PM:General:-1: 0: Verbose: :Raw translated response:{
 "data": {
  "translations": [
   {
    "translatedText": "Wok security support"
   }
  ]
 }
}

4/1/2012 11:11:31 PM:General:-1: 0: Verbose: :convertedString:鑊 保 撑. Translated:Wok security support
4/1/2012 11:18:56 PM:General:-1: 0: Information: :Error reading mapfile:C:\Telavance\Development\Wei\code\WeiService\data\Traditional Chinese.ctc.map for line:System.String[].Exception Message:Item has already been added. Key in dictionary: '0488'  Key being added: '0488'
4/1/2012 11:18:56 PM:General:-1: 0: Information: :Error reading mapfile:C:\Telavance\Development\Wei\code\WeiService\data\Traditional Chinese.ctc.map for line:System.String[].Exception Message:Item has already been added. Key in dictionary: '6480'  Key being added: '6480'
4/1/2012 11:29:08 PM:General:-1: 0: Information: :Cannot find the value for 2623 in the mapfile:C:\Telavance\Development\Wei\code\WeiService\data\Traditional Chinese.ctc.map
4/1/2012 11:29:08 PM:General:-1: 0: Verbose: :Raw translated response:{
 "data": {
  "translations": [
   {
    "translatedText": "Akio Singapore state-owned 2623 mechanical engineering private limited"
   }
  ]
 }
}

4/1/2012 11:29:08 PM:General:-1: 0: Verbose: :convertedString:明 雄 新 加 坡 國 營 2623 械 工 程 私 人 有 限. Translated:Akio Singapore state-owned 2623 mechanical engineering private limited
4/1/2012 11:29:08 PM:General:-1: 0: Information: :Cannot find the value for 2623 in the mapfile:C:\Telavance\Development\Wei\code\WeiService\data\Traditional Chinese.ctc.map
4/1/2012 11:32:37 PM:General:-1: 0: Information: :Error reading mapfile:C:\Telavance\Development\Wei\code\WeiService\data\Traditional Chinese.ctc.map for line:System.String[].Exception Message:Item has already been added. Key in dictionary: '0488'  Key being added: '0488'
4/1/2012 11:32:37 PM:General:-1: 0: Information: :Error reading mapfile:C:\Telavance\Development\Wei\code\WeiService\data\Traditional Chinese.ctc.map for line:System.String[].Exception Message:Item has already been added. Key in dictionary: '6480'  Key being added: '6480'
4/1/2012 11:32:59 PM:General:-1: 0: Information: :Error reading mapfile:C:\Telavance\Development\Wei\code\WeiService\data\Traditional Chinese.ctc.map for line:System.String[].Exception Message:Item has already been added. Key in dictionary: '0488'  Key being added: '0488'
4/1/2012 11:32:59 PM:General:-1: 0: Information: :Error reading mapfile:C:\Telavance\Development\Wei\code\WeiService\data\Traditional Chinese.ctc.map for line:System.String[].Exception Message:Item has already been added. Key in dictionary: '6480'  Key being added: '6480'
4/1/2012 11:35:44 PM:General:-1: 0: Information: :Cannot find the value for 2623 in the mapfile:C:\Telavance\Development\Wei\code\WeiService\data\Traditional Chinese.ctc.map
4/1/2012 11:35:44 PM:General:-1: 0: Information: :Error reading mapfile:C:\Telavance\Development\Wei\code\WeiService\data\Traditional Chinese.ctc.map for line:System.String[].Exception Message:Item has already been added. Key in dictionary: '0488'  Key being added: '0488'
4/1/2012 11:35:44 PM:General:-1: 0: Information: :Error reading mapfile:C:\Telavance\Development\Wei\code\WeiService\data\Traditional Chinese.ctc.map for line:System.String[].Exception Message:Item has already been added. Key in dictionary: '6480'  Key being added: '6480'
4/1/2012 11:35:49 PM:General:-1: 0: Information: :Cannot find the value for 2623 in the mapfile:C:\Telavance\Development\Wei\code\WeiService\data\Traditional Chinese.ctc.map
4/1/2012 11:35:49 PM:General:-1: 0: Verbose: :Raw translated response:{
 "data": {
  "translations": [
   {
    "translatedText": "Akio Singapore state-owned 2623 mechanical engineering private limited"
   }
  ]
 }
}

4/1/2012 11:35:49 PM:General:-1: 0: Verbose: :convertedString:明 雄 新 加 坡 國 營 2623 械 工 程 私 人 有 限. Translated:Akio Singapore state-owned 2623 mechanical engineering private limited
4/1/2012 11:35:49 PM:General:-1: 0: Information: :Cannot find the value for 2623 in the mapfile:C:\Telavance\Development\Wei\code\WeiService\data\Traditional Chinese.ctc.map
4/1/2012 11:35:49 PM:General:-1: 0: Verbose: :Raw translated response:{
 "data": {
  "translations": [
   {
    "translatedText": "Akio the Singapore state-owned 2623 Mechanical Engineering Pte Ltd"
   }
  ]
 }
}

4/1/2012 11:35:49 PM:General:-1: 0: Verbose: :convertedString:明 雄 新 加 坡 國 營 2623 械 工 程 私 人 有 限 公 司. Translated:Akio the Singapore state-owned 2623 Mechanical Engineering Pte Ltd
4/1/2012 11:35:49 PM:General:-1: 0: Information: :Cannot find the value for 2623 in the mapfile:C:\Telavance\Development\Wei\code\WeiService\data\Traditional Chinese.ctc.map
4/1/2012 11:40:50 PM:General:-1: 0: Information: :Error reading mapfile:C:\Telavance\Development\Wei\code\WeiService\data\Traditional Chinese.ctc.map for line:System.String[].Exception Message:Item has already been added. Key in dictionary: '0488'  Key being added: '0488'
4/1/2012 11:40:50 PM:General:-1: 0: Information: :Error reading mapfile:C:\Telavance\Development\Wei\code\WeiService\data\Traditional Chinese.ctc.map for line:System.String[].Exception Message:Item has already been added. Key in dictionary: '6480'  Key being added: '6480'
4/1/2012 11:41:02 PM:General:-1: 0: Information: :Error reading mapfile:C:\Telavance\Development\Wei\code\WeiService\data\Traditional Chinese.ctc.map for line:System.String[].Exception Message:Item has already been added. Key in dictionary: '0488'  Key being added: '0488'
4/1/2012 11:41:02 PM:General:-1: 0: Information: :Error reading mapfile:C:\Telavance\Development\Wei\code\WeiService\data\Traditional Chinese.ctc.map for line:System.String[].Exception Message:Item has already been added. Key in dictionary: '6480'  Key being added: '6480'
4/1/2012 11:41:07 PM:General:-1: 0: Verbose: :Raw translated response:{
 "data": {
  "translations": [
   {
    "translatedText": "Akio State Mechanical Engineering Pte Ltd in Singapore"
   }
  ]
 }
}

4/1/2012 11:41:07 PM:General:-1: 0: Verbose: :convertedString:明 雄 新 加 坡 國 營 机 械 工 程 私 人 有 限 公 司. Translated:Akio State Mechanical Engineering Pte Ltd in Singapore
4/1/2012 11:41:20 PM:General:-1: 0: Information: :Error reading mapfile:C:\Telavance\Development\Wei\code\WeiService\data\Traditional Chinese.ctc.map for line:System.String[].Exception Message:Item has already been added. Key in dictionary: '0488'  Key being added: '0488'
4/1/2012 11:41:20 PM:General:-1: 0: Information: :Error reading mapfile:C:\Telavance\Development\Wei\code\WeiService\data\Traditional Chinese.ctc.map for line:System.String[].Exception Message:Item has already been added. Key in dictionary: '6480'  Key being added: '6480'
4/1/2012 11:41:25 PM:General:-1: 0: Verbose: :Raw translated response:{
 "data": {
  "translations": [
   {
    "translatedText": "Akio Singapore state-owned mechanical engineering private limited"
   }
  ]
 }
}

4/1/2012 11:41:25 PM:General:-1: 0: Verbose: :convertedString:明 雄 新 加 坡 國 營 机 械 工 程 私 人 有 限. Translated:Akio Singapore state-owned mechanical engineering private limited
4/1/2012 11:50:58 PM:General:-1: 0: Information: :Error reading mapfile:C:\Telavance\Development\Wei\code\WeiService\data\Traditional Chinese.ctc.map for line:System.String[].Exception Message:Item has already been added. Key in dictionary: '0488'  Key being added: '0488'
4/1/2012 11:50:58 PM:General:-1: 0: Information: :Error reading mapfile:C:\Telavance\Development\Wei\code\WeiService\data\Traditional Chinese.ctc.map for line:System.String[].Exception Message:Item has already been added. Key in dictionary: '6480'  Key being added: '6480'
4/1/2012 11:51:09 PM:General:-1: 0: Information: :Error reading mapfile:C:\Telavance\Development\Wei\code\WeiService\data\Traditional Chinese.ctc.map for line:System.String[].Exception Message:Item has already been added. Key in dictionary: '0488'  Key being added: '0488'
4/1/2012 11:51:09 PM:General:-1: 0: Information: :Error reading mapfile:C:\Telavance\Development\Wei\code\WeiService\data\Traditional Chinese.ctc.map for line:System.String[].Exception Message:Item has already been added. Key in dictionary: '6480'  Key being added: '6480'
4/1/2012 11:51:38 PM:General:-1: 0: Information: :Error reading mapfile:C:\Telavance\Development\Wei\code\WeiService\data\Traditional Chinese.ctc.map for line:System.String[].Exception Message:Item has already been added. Key in dictionary: '0488'  Key being added: '0488'
4/1/2012 11:51:38 PM:General:-1: 0: Information: :Error reading mapfile:C:\Telavance\Development\Wei\code\WeiService\data\Traditional Chinese.ctc.map for line:System.String[].Exception Message:Item has already been added. Key in dictionary: '6480'  Key being added: '6480'
4/1/2012 11:53:00 PM:General:-1: 0: Information: :Error reading mapfile:C:\Telavance\Development\Wei\code\WeiService\data\Traditional Chinese.ctc.map for line:System.String[].Exception Message:Item has already been added. Key in dictionary: '0488'  Key being added: '0488'
4/1/2012 11:53:00 PM:General:-1: 0: Information: :Error reading mapfile:C:\Telavance\Development\Wei\code\WeiService\data\Traditional Chinese.ctc.map for line:System.String[].Exception Message:Item has already been added. Key in dictionary: '6480'  Key being added: '6480'
4/1/2012 11:53:10 PM:General:-1: 0: Information: :Error reading mapfile:C:\Telavance\Development\Wei\code\WeiService\data\Traditional Chinese.ctc.map for line:System.String[].Exception Message:Item has already been added. Key in dictionary: '0488'  Key being added: '0488'
4/1/2012 11:53:10 PM:General:-1: 0: Information: :Error reading mapfile:C:\Telavance\Development\Wei\code\WeiService\data\Traditional Chinese.ctc.map for line:System.String[].Exception Message:Item has already been added. Key in dictionary: '6480'  Key being added: '6480'
4/1/2012 11:53:45 PM:General:-1: 0: Information: :Error reading mapfile:C:\Telavance\Development\Wei\code\WeiService\data\Traditional Chinese.ctc.map for line:System.String[].Exception Message:Item has already been added. Key in dictionary: '0488'  Key being added: '0488'
4/1/2012 11:53:45 PM:General:-1: 0: Information: :Error reading mapfile:C:\Telavance\Development\Wei\code\WeiService\data\Traditional Chinese.ctc.map for line:System.String[].Exception Message:Item has already been added. Key in dictionary: '6480'  Key being added: '6480'
4/1/2012 11:54:18 PM:General:-1: 0: Information: :Error reading mapfile:C:\Telavance\Development\Wei\code\WeiService\data\Traditional Chinese.ctc.map for line:System.String[].Exception Message:Item has already been added. Key in dictionary: '0488'  Key being added: '0488'
4/1/2012 11:54:18 PM:General:-1: 0: Information: :Error reading mapfile:C:\Telavance\Development\Wei\code\WeiService\data\Traditional Chinese.ctc.map for line:System.String[].Exception Message:Item has already been added. Key in dictionary: '6480'  Key being added: '6480'
4/1/2012 11:54:32 PM:General:-1: 0: Information: :Error reading mapfile:C:\Telavance\Development\Wei\code\WeiService\data\Traditional Chinese.ctc.map for line:System.String[].Exception Message:Item has already been added. Key in dictionary: '0488'  Key being added: '0488'
4/1/2012 11:54:32 PM:General:-1: 0: Information: :Error reading mapfile:C:\Telavance\Development\Wei\code\WeiService\data\Traditional Chinese.ctc.map for line:System.String[].Exception Message:Item has already been added. Key in dictionary: '6480'  Key being added: '6480'
4/1/2012 11:55:57 PM:General:-1: 0: Information: :Error reading mapfile:C:\Telavance\Development\Wei\code\WeiService\data\Traditional Chinese.ctc.map for line:System.String[].Exception Message:Item has already been added. Key in dictionary: '0488'  Key being added: '0488'
4/1/2012 11:55:57 PM:General:-1: 0: Information: :Error reading mapfile:C:\Telavance\Development\Wei\code\WeiService\data\Traditional Chinese.ctc.map for line:System.String[].Exception Message:Item has already been added. Key in dictionary: '6480'  Key being added: '6480'
4/1/2012 11:56:09 PM:General:-1: 0: Information: :Error reading mapfile:C:\Telavance\Development\Wei\code\WeiService\data\Traditional Chinese.ctc.map for line:System.String[].Exception Message:Item has already been added. Key in dictionary: '0488'  Key being added: '0488'
4/1/2012 11:56:09 PM:General:-1: 0: Information: :Error reading mapfile:C:\Telavance\Development\Wei\code\WeiService\data\Traditional Chinese.ctc.map for line:System.String[].Exception Message:Item has already been added. Key in dictionary: '6480'  Key being added: '6480'
4/1/2012 11:56:16 PM:General:-1: 0: Verbose: :Raw translated response:{
 "data": {
  "translations": [
   {
    "translatedText": "Akio Singapore state-owned mechanical engineering private limited"
   }
  ]
 }
}

4/1/2012 11:56:16 PM:General:-1: 0: Verbose: :convertedString:明 雄 新 加 坡 国 营 机 械 工 程 私 人 有 限. Translated:Akio Singapore state-owned mechanical engineering private limited
4/1/2012 11:58:29 PM:General:-1: 0: Information: :Error reading mapfile:C:\Telavance\Development\Wei\code\WeiService\data\Traditional Chinese.ctc.map for line:System.String[].Exception Message:Item has already been added. Key in dictionary: '0488'  Key being added: '0488'
4/1/2012 11:58:29 PM:General:-1: 0: Information: :Error reading mapfile:C:\Telavance\Development\Wei\code\WeiService\data\Traditional Chinese.ctc.map for line:System.String[].Exception Message:Item has already been added. Key in dictionary: '6480'  Key being added: '6480'
