4/2/2012 12:01:07 AM:General:-1: 0: Information: :Cannot find the value for 8427 in the mapfile:C:\Telavance\Development\WEI\code\WeiService\data\simplified Chinese.ctc.map
4/2/2012 12:01:07 AM:General:-1: 0: Information: :Error reading mapfile:C:\Telavance\Development\Wei\code\WeiService\data\Traditional Chinese.ctc.map for line:System.String[].Exception Message:Item has already been added. Key in dictionary: '0488'  Key being added: '0488'
4/2/2012 12:01:07 AM:General:-1: 0: Information: :Error reading mapfile:C:\Telavance\Development\Wei\code\WeiService\data\Traditional Chinese.ctc.map for line:System.String[].Exception Message:Item has already been added. Key in dictionary: '6480'  Key being added: '6480'
4/2/2012 12:01:44 AM:General:-1: 0: Verbose: :Raw translated response:{
 "data": {
  "translations": [
   {
    "translatedText": "Wok Paul 8427"
   }
  ]
 }
}

4/2/2012 12:01:44 AM:General:-1: 0: Verbose: :convertedString:镬 保 8427 . Translated:Wok Paul 8427
4/2/2012 12:01:44 AM:General:-1: 0: Information: :Cannot find the value for 8427 in the mapfile:C:\Telavance\Development\WEI\code\WeiService\data\simplified Chinese.ctc.map
4/2/2012 12:01:55 AM:General:-1: 0: Information: :Error reading mapfile:C:\Telavance\Development\Wei\code\WeiService\data\Traditional Chinese.ctc.map for line:System.String[].Exception Message:Item has already been added. Key in dictionary: '0488'  Key being added: '0488'
4/2/2012 12:01:55 AM:General:-1: 0: Information: :Error reading mapfile:C:\Telavance\Development\Wei\code\WeiService\data\Traditional Chinese.ctc.map for line:System.String[].Exception Message:Item has already been added. Key in dictionary: '6480'  Key being added: '6480'
4/2/2012 12:02:01 AM:General:-1: 0: Verbose: :Raw translated response:{
 "data": {
  "translations": [
   {
    "translatedText": "Akio Singapore state-owned mechanical engineering private limited"
   }
  ]
 }
}

4/2/2012 12:02:01 AM:General:-1: 0: Verbose: :convertedString:明 雄 新 加 坡 国 营 机 械 工 程 私 人 有 限. Translated:Akio Singapore state-owned mechanical engineering private limited
4/2/2012 12:05:14 AM:General:-1: 0: Information: :Error reading mapfile:C:\Telavance\Development\Wei\code\WeiService\data\Traditional Chinese.ctc.map for line:System.String[].Exception Message:Item has already been added. Key in dictionary: '0488'  Key being added: '0488'
4/2/2012 12:05:14 AM:General:-1: 0: Information: :Error reading mapfile:C:\Telavance\Development\Wei\code\WeiService\data\Traditional Chinese.ctc.map for line:System.String[].Exception Message:Item has already been added. Key in dictionary: '6480'  Key being added: '6480'
4/2/2012 12:05:29 AM:General:-1: 0: Information: :Error reading mapfile:C:\Telavance\Development\Wei\code\WeiService\data\Traditional Chinese.ctc.map for line:System.String[].Exception Message:Item has already been added. Key in dictionary: '0488'  Key being added: '0488'
4/2/2012 12:05:29 AM:General:-1: 0: Information: :Error reading mapfile:C:\Telavance\Development\Wei\code\WeiService\data\Traditional Chinese.ctc.map for line:System.String[].Exception Message:Item has already been added. Key in dictionary: '6480'  Key being added: '6480'
4/2/2012 12:05:35 AM:General:-1: 0: Verbose: :Raw translated response:<string xmlns="http://schemas.microsoft.com/2003/10/Serialization/">Teruo Singapore State-run engineering private limited</string>
4/2/2012 12:05:35 AM:General:-1: 0: Verbose: :convertedString:明 雄 新 加 坡 国 营 机 械 工 程 私 人 有 限. Translated:Teruo Singapore State-run engineering private limited
4/2/2012 12:07:42 AM:General:-1: 0: Information: :Error reading mapfile:C:\Telavance\Development\Wei\code\WeiService\data\Traditional Chinese.ctc.map for line:System.String[].Exception Message:Item has already been added. Key in dictionary: '0488'  Key being added: '0488'
4/2/2012 12:07:42 AM:General:-1: 0: Information: :Error reading mapfile:C:\Telavance\Development\Wei\code\WeiService\data\Traditional Chinese.ctc.map for line:System.String[].Exception Message:Item has already been added. Key in dictionary: '6480'  Key being added: '6480'
4/2/2012 12:07:48 AM:General:-1: 0: Verbose: :Raw translated response:<string xmlns="http://schemas.microsoft.com/2003/10/Serialization/">Teruo Singapore State-run engineering private limited</string>
4/2/2012 12:07:48 AM:General:-1: 0: Verbose: :convertedString:明 雄 新 加 坡 国 营 机 械 工 程 私 人 有 限. Translated:Teruo Singapore State-run engineering private limited
4/2/2012 12:09:50 AM:General:-1: 0: Information: :Error reading mapfile:C:\Telavance\Development\Wei\code\WeiService\data\Traditional Chinese.ctc.map for line:System.String[].Exception Message:Item has already been added. Key in dictionary: '0488'  Key being added: '0488'
4/2/2012 12:09:50 AM:General:-1: 0: Information: :Error reading mapfile:C:\Telavance\Development\Wei\code\WeiService\data\Traditional Chinese.ctc.map for line:System.String[].Exception Message:Item has already been added. Key in dictionary: '6480'  Key being added: '6480'
4/2/2012 12:09:55 AM:General:-1: 0: Verbose: :Raw translated response:<string xmlns="http://schemas.microsoft.com/2003/10/Serialization/">Teruo Singapore</string>
4/2/2012 12:09:55 AM:General:-1: 0: Verbose: :convertedString:明 雄 新 加 坡. Translated:Teruo Singapore
4/2/2012 12:10:59 AM:General:-1: 0: Information: :Error reading mapfile:C:\Telavance\Development\Wei\code\WeiService\data\Traditional Chinese.ctc.map for line:System.String[].Exception Message:Item has already been added. Key in dictionary: '0488'  Key being added: '0488'
4/2/2012 12:10:59 AM:General:-1: 0: Information: :Error reading mapfile:C:\Telavance\Development\Wei\code\WeiService\data\Traditional Chinese.ctc.map for line:System.String[].Exception Message:Item has already been added. Key in dictionary: '6480'  Key being added: '6480'
4/2/2012 12:11:11 AM:General:-1: 0: Information: :Error reading mapfile:C:\Telavance\Development\Wei\code\WeiService\data\Traditional Chinese.ctc.map for line:System.String[].Exception Message:Item has already been added. Key in dictionary: '0488'  Key being added: '0488'
4/2/2012 12:11:11 AM:General:-1: 0: Information: :Error reading mapfile:C:\Telavance\Development\Wei\code\WeiService\data\Traditional Chinese.ctc.map for line:System.String[].Exception Message:Item has already been added. Key in dictionary: '6480'  Key being added: '6480'
4/2/2012 12:11:17 AM:General:-1: 0: Verbose: :Raw translated response:{
 "data": {
  "translations": [
   {
    "translatedText": "Akio Singapore"
   }
  ]
 }
}

4/2/2012 12:11:17 AM:General:-1: 0: Verbose: :convertedString:明 雄 新 加 坡. Translated:Akio Singapore
4/2/2012 12:13:13 AM:General:-1: 0: Information: :Error reading mapfile:C:\Telavance\Development\Wei\code\WeiService\data\Traditional Chinese.ctc.map for line:System.String[].Exception Message:Item has already been added. Key in dictionary: '0488'  Key being added: '0488'
4/2/2012 12:13:13 AM:General:-1: 0: Information: :Error reading mapfile:C:\Telavance\Development\Wei\code\WeiService\data\Traditional Chinese.ctc.map for line:System.String[].Exception Message:Item has already been added. Key in dictionary: '6480'  Key being added: '6480'
4/2/2012 12:13:27 AM:General:-1: 0: Information: :Error reading mapfile:C:\Telavance\Development\Wei\code\WeiService\data\Traditional Chinese.ctc.map for line:System.String[].Exception Message:Item has already been added. Key in dictionary: '0488'  Key being added: '0488'
4/2/2012 12:13:28 AM:General:-1: 0: Information: :Error reading mapfile:C:\Telavance\Development\Wei\code\WeiService\data\Traditional Chinese.ctc.map for line:System.String[].Exception Message:Item has already been added. Key in dictionary: '6480'  Key being added: '6480'
4/2/2012 12:13:34 AM:General:-1: 0: Verbose: :Raw translated response:{
 "data": {
  "translations": [
   {
    "translatedText": "Akio Singapore state-owned mechanical engineering private limited"
   }
  ]
 }
}

4/2/2012 12:13:34 AM:General:-1: 0: Verbose: :convertedString:明 雄 新 加 坡 國 營 机 械 工 程 私 人 有 限. Translated:Akio Singapore state-owned mechanical engineering private limited
4/2/2012 12:13:34 AM:General:-1: 0: Verbose: :Raw translated response:{
 "data": {
  "translations": [
   {
    "translatedText": "Akio Singapore state-owned mechanical engineering private limited"
   }
  ]
 }
}

4/2/2012 12:13:34 AM:General:-1: 0: Verbose: :convertedString:明 雄 新 加 坡 國 營 机 械 工 程 私 人 有 限. Translated:Akio Singapore state-owned mechanical engineering private limited
4/2/2012 12:14:35 AM:General:-1: 0: Information: :Error reading mapfile:C:\Telavance\Development\Wei\code\WeiService\data\Traditional Chinese.ctc.map for line:System.String[].Exception Message:Item has already been added. Key in dictionary: '0488'  Key being added: '0488'
4/2/2012 12:14:35 AM:General:-1: 0: Information: :Error reading mapfile:C:\Telavance\Development\Wei\code\WeiService\data\Traditional Chinese.ctc.map for line:System.String[].Exception Message:Item has already been added. Key in dictionary: '6480'  Key being added: '6480'
4/2/2012 12:20:41 AM:General:-1: 0: Information: :Error reading mapfile:C:\Telavance\Development\Wei\code\WeiService\data\Traditional Chinese.ctc.map for line:System.String[].Exception Message:Item has already been added. Key in dictionary: '0488'  Key being added: '0488'
4/2/2012 12:20:41 AM:General:-1: 0: Information: :Error reading mapfile:C:\Telavance\Development\Wei\code\WeiService\data\Traditional Chinese.ctc.map for line:System.String[].Exception Message:Item has already been added. Key in dictionary: '6480'  Key being added: '6480'
4/2/2012 12:20:50 AM:General:-1: 0: Verbose: :Raw translated response:{
 "data": {
  "translations": [
   {
    "translatedText": "Akio State Mechanical Engineering Pte Ltd in Singapore"
   }
  ]
 }
}

4/2/2012 12:20:50 AM:General:-1: 0: Verbose: :convertedString:明 雄 新 加 坡 國 營 机 械 工 程 私 人 有 限 公 司. Translated:Akio State Mechanical Engineering Pte Ltd in Singapore
4/2/2012 12:26:07 AM:General:-1: 0: Information: :Error reading mapfile:C:\Telavance\Development\Wei\code\WeiService\data\Traditional Chinese.ctc.map for line:System.String[].Exception Message:Item has already been added. Key in dictionary: '0488'  Key being added: '0488'
4/2/2012 12:26:07 AM:General:-1: 0: Information: :Error reading mapfile:C:\Telavance\Development\Wei\code\WeiService\data\Traditional Chinese.ctc.map for line:System.String[].Exception Message:Item has already been added. Key in dictionary: '6480'  Key being added: '6480'
4/2/2012 12:26:17 AM:General:-1: 0: Information: :Error reading mapfile:C:\Telavance\Development\Wei\code\WeiService\data\Traditional Chinese.ctc.map for line:System.String[].Exception Message:Item has already been added. Key in dictionary: '0488'  Key being added: '0488'
4/2/2012 12:26:17 AM:General:-1: 0: Information: :Error reading mapfile:C:\Telavance\Development\Wei\code\WeiService\data\Traditional Chinese.ctc.map for line:System.String[].Exception Message:Item has already been added. Key in dictionary: '6480'  Key being added: '6480'
4/2/2012 12:26:22 AM:General:-1: 0: Verbose: :Raw translated response:{
 "data": {
  "translations": [
   {
    "translatedText": "Akio State Mechanical Engineering Pte Ltd in Singapore"
   }
  ]
 }
}

4/2/2012 12:26:22 AM:General:-1: 0: Verbose: :convertedString:明 雄 新 加 坡 国 营 机 械 工 程 私 人 有 限 公 司. Translated:Akio State Mechanical Engineering Pte Ltd in Singapore
4/2/2012 12:27:06 AM:General:-1: 0: Information: :Error reading mapfile:C:\Telavance\Development\Wei\code\WeiService\data\Traditional Chinese.ctc.map for line:System.String[].Exception Message:Item has already been added. Key in dictionary: '0488'  Key being added: '0488'
4/2/2012 12:27:06 AM:General:-1: 0: Information: :Error reading mapfile:C:\Telavance\Development\Wei\code\WeiService\data\Traditional Chinese.ctc.map for line:System.String[].Exception Message:Item has already been added. Key in dictionary: '6480'  Key being added: '6480'
4/2/2012 12:27:19 AM:General:-1: 0: Information: :Error reading mapfile:C:\Telavance\Development\Wei\code\WeiService\data\Traditional Chinese.ctc.map for line:System.String[].Exception Message:Item has already been added. Key in dictionary: '0488'  Key being added: '0488'
4/2/2012 12:27:19 AM:General:-1: 0: Information: :Error reading mapfile:C:\Telavance\Development\Wei\code\WeiService\data\Traditional Chinese.ctc.map for line:System.String[].Exception Message:Item has already been added. Key in dictionary: '6480'  Key being added: '6480'
4/2/2012 12:27:24 AM:General:-1: 0: Verbose: :Raw translated response:<string xmlns="http://schemas.microsoft.com/2003/10/Serialization/">Teruo Singapore State-run engineering Pte Ltd</string>
4/2/2012 12:27:24 AM:General:-1: 0: Verbose: :convertedString:明 雄 新 加 坡 国 营 机 械 工 程 私 人 有 限 公 司. Translated:Teruo Singapore State-run engineering Pte Ltd
