7/22/2011 4:26:38 AM:General:-1: 0: Error: :Error loading the map file:C:\Telavance\Development\WEI\wei\code\WeiService\data\Traditional Chinese.ctc.map for language:zh-tw. ExceptionMessage:Could not find a part of the path 'C:\Telavance\Development\WEI\wei\code\WeiService\data\Traditional Chinese.ctc.map'.
7/22/2011 4:26:39 AM:General:-1: 0: Error: :   at System.IO.__Error.WinIOError(Int32 errorCode, String maybeFullPath)
   at System.IO.FileStream.Init(String path, FileMode mode, FileAccess access, Int32 rights, Boolean useRights, FileShare share, Int32 bufferSize, FileOptions options, SECURITY_ATTRIBUTES secAttrs, String msgPath, Boolean bFromProxy, Boolean useLongPath)
   at System.IO.FileStream..ctor(String path, FileMode mode, FileAccess access, FileShare share, Int32 bufferSize, FileOptions options)
   at System.IO.StreamReader..ctor(String path, Encoding encoding, Boolean detectEncodingFromByteOrderMarks, Int32 bufferSize)
   at System.IO.StreamReader..ctor(String path)
   at Telavance.AdvantageSuite.Wei.WeiTranslator.MapFile.initiliaze() in C:\Telavance\Development\Wei\code\WeiTranslator\MapFile.cs:line 98
   at Telavance.AdvantageSuite.Wei.WeiTranslator.MapFile..ctor(String language, String filename, Int32 keyIndex, Int32 valueIndex) in C:\Telavance\Development\Wei\code\WeiTranslator\MapFile.cs:line 74
   at Telavance.AdvantageSuite.Wei.WeiTranslator.Translator..ctor(WeiConfiguration weiConfig) in C:\Telavance\Development\Wei\code\WeiTranslator\Translator.cs:line 137
7/22/2011 4:28:28 AM:General:-1: 0: Error: :Error loading the map file:C:\Telavance\Development\WEI\wei\code\WeiService\data\Traditional Chinese.ctc.map for language:zh-tw. ExceptionMessage:Could not find a part of the path 'C:\Telavance\Development\WEI\wei\code\WeiService\data\Traditional Chinese.ctc.map'.
7/22/2011 4:28:28 AM:General:-1: 0: Error: :   at System.IO.__Error.WinIOError(Int32 errorCode, String maybeFullPath)
   at System.IO.FileStream.Init(String path, FileMode mode, FileAccess access, Int32 rights, Boolean useRights, FileShare share, Int32 bufferSize, FileOptions options, SECURITY_ATTRIBUTES secAttrs, String msgPath, Boolean bFromProxy, Boolean useLongPath)
   at System.IO.FileStream..ctor(String path, FileMode mode, FileAccess access, FileShare share, Int32 bufferSize, FileOptions options)
   at System.IO.StreamReader..ctor(String path, Encoding encoding, Boolean detectEncodingFromByteOrderMarks, Int32 bufferSize)
   at System.IO.StreamReader..ctor(String path)
   at Telavance.AdvantageSuite.Wei.WeiTranslator.MapFile.initiliaze() in C:\Telavance\Development\Wei\code\WeiTranslator\MapFile.cs:line 98
   at Telavance.AdvantageSuite.Wei.WeiTranslator.MapFile..ctor(String language, String filename, Int32 keyIndex, Int32 valueIndex) in C:\Telavance\Development\Wei\code\WeiTranslator\MapFile.cs:line 74
   at Telavance.AdvantageSuite.Wei.WeiTranslator.Translator..ctor(WeiConfiguration weiConfig) in C:\Telavance\Development\Wei\code\WeiTranslator\Translator.cs:line 137
7/22/2011 4:30:50 AM:General:-1: 0: Error: :Error loading the map file:C:\Telavance\Development\WEI\wei\code\WeiService\data\Traditional Chinese.ctc.map for language:zh-tw. ExceptionMessage:Could not find a part of the path 'C:\Telavance\Development\WEI\wei\code\WeiService\data\Traditional Chinese.ctc.map'.
7/22/2011 4:30:50 AM:General:-1: 0: Error: :   at System.IO.__Error.WinIOError(Int32 errorCode, String maybeFullPath)
   at System.IO.FileStream.Init(String path, FileMode mode, FileAccess access, Int32 rights, Boolean useRights, FileShare share, Int32 bufferSize, FileOptions options, SECURITY_ATTRIBUTES secAttrs, String msgPath, Boolean bFromProxy, Boolean useLongPath)
   at System.IO.FileStream..ctor(String path, FileMode mode, FileAccess access, FileShare share, Int32 bufferSize, FileOptions options)
   at System.IO.StreamReader..ctor(String path, Encoding encoding, Boolean detectEncodingFromByteOrderMarks, Int32 bufferSize)
   at System.IO.StreamReader..ctor(String path)
   at Telavance.AdvantageSuite.Wei.WeiTranslator.MapFile.initiliaze() in C:\Telavance\Development\Wei\code\WeiTranslator\MapFile.cs:line 98
   at Telavance.AdvantageSuite.Wei.WeiTranslator.MapFile..ctor(String language, String filename, Int32 keyIndex, Int32 valueIndex) in C:\Telavance\Development\Wei\code\WeiTranslator\MapFile.cs:line 74
   at Telavance.AdvantageSuite.Wei.WeiTranslator.Translator..ctor(WeiConfiguration weiConfig) in C:\Telavance\Development\Wei\code\WeiTranslator\Translator.cs:line 137
7/22/2011 4:34:11 AM:General:-1: 0: Error: :Error loading the map file:C:\Telavance\Development\WEI\wei\code\WeiService\data\Traditional Chinese.ctc.map for language:zh-tw. ExceptionMessage:Could not find a part of the path 'C:\Telavance\Development\WEI\wei\code\WeiService\data\Traditional Chinese.ctc.map'.
7/22/2011 4:34:11 AM:General:-1: 0: Error: :   at System.IO.__Error.WinIOError(Int32 errorCode, String maybeFullPath)
   at System.IO.FileStream.Init(String path, FileMode mode, FileAccess access, Int32 rights, Boolean useRights, FileShare share, Int32 bufferSize, FileOptions options, SECURITY_ATTRIBUTES secAttrs, String msgPath, Boolean bFromProxy, Boolean useLongPath)
   at System.IO.FileStream..ctor(String path, FileMode mode, FileAccess access, FileShare share, Int32 bufferSize, FileOptions options)
   at System.IO.StreamReader..ctor(String path, Encoding encoding, Boolean detectEncodingFromByteOrderMarks, Int32 bufferSize)
   at System.IO.StreamReader..ctor(String path)
   at Telavance.AdvantageSuite.Wei.WeiTranslator.MapFile.initiliaze() in C:\Telavance\Development\Wei\code\WeiTranslator\MapFile.cs:line 98
   at Telavance.AdvantageSuite.Wei.WeiTranslator.MapFile..ctor(String language, String filename, Int32 keyIndex, Int32 valueIndex) in C:\Telavance\Development\Wei\code\WeiTranslator\MapFile.cs:line 74
   at Telavance.AdvantageSuite.Wei.WeiTranslator.Translator..ctor(WeiConfiguration weiConfig) in C:\Telavance\Development\Wei\code\WeiTranslator\Translator.cs:line 137
7/22/2011 4:36:05 AM:General:-1: 0: Information: :Error reading mapfile:C:\Telavance\Development\Wei\code\WeiService\data\Traditional Chinese.ctc.map for line:System.String[].Exception Message:Item has already been added. Key in dictionary: '0488'  Key being added: '0488'
7/22/2011 4:36:05 AM:General:-1: 0: Information: :Error reading mapfile:C:\Telavance\Development\Wei\code\WeiService\data\Traditional Chinese.ctc.map for line:System.String[].Exception Message:Item has already been added. Key in dictionary: '6480'  Key being added: '6480'
7/22/2011 4:37:33 AM:General:-1: 0: Verbose: :Raw translated response:{"responseData": {"translatedText":"Osama bin Laden"}, "responseDetails": null, "responseStatus": 200}
7/22/2011 4:37:33 AM:General:-1: 0: Verbose: :convertedString:烏 薩 馬 本 拉 丹. Translated:Osama bin Laden
7/22/2011 4:44:36 AM:General:-1: 0: Information: :Error reading mapfile:C:\Telavance\Development\Wei\code\WeiService\data\Traditional Chinese.ctc.map for line:System.String[].Exception Message:Item has already been added. Key in dictionary: '0488'  Key being added: '0488'
7/22/2011 4:44:36 AM:General:-1: 0: Information: :Error reading mapfile:C:\Telavance\Development\Wei\code\WeiService\data\Traditional Chinese.ctc.map for line:System.String[].Exception Message:Item has already been added. Key in dictionary: '6480'  Key being added: '6480'
7/22/2011 4:44:43 AM:General:-1: 0: Verbose: :Raw translated response:{"responseData": {"translatedText":"Osama bin Laden"}, "responseDetails": null, "responseStatus": 200}
7/22/2011 4:44:43 AM:General:-1: 0: Verbose: :convertedString:烏 薩 馬 本 拉 丹. Translated:Osama bin Laden
7/22/2011 4:44:53 AM:General:-1: 0: Verbose: :Raw translated response:{"responseData": {"translatedText":"Osama bin Laden"}, "responseDetails": null, "responseStatus": 200}
7/22/2011 4:44:53 AM:General:-1: 0: Verbose: :convertedString:烏 薩 馬 本 拉 丹. Translated:Osama bin Laden
7/22/2011 4:46:10 AM:General:-1: 0: Information: :Error reading mapfile:C:\Telavance\Development\Wei\code\WeiService\data\Traditional Chinese.ctc.map for line:System.String[].Exception Message:Item has already been added. Key in dictionary: '0488'  Key being added: '0488'
7/22/2011 4:46:10 AM:General:-1: 0: Information: :Error reading mapfile:C:\Telavance\Development\Wei\code\WeiService\data\Traditional Chinese.ctc.map for line:System.String[].Exception Message:Item has already been added. Key in dictionary: '6480'  Key being added: '6480'
7/22/2011 4:46:15 AM:General:-1: 0: Verbose: :Raw translated response:{"responseData": {"translatedText":"Osama bin Laden"}, "responseDetails": null, "responseStatus": 200}
7/22/2011 4:46:15 AM:General:-1: 0: Verbose: :convertedString:烏 薩 馬 本 拉 丹. Translated:Osama bin Laden
7/22/2011 4:52:49 AM:General:-1: 0: Verbose: :Raw translated response:{"responseData": {"translatedText":"Osama bin Laden"}, "responseDetails": null, "responseStatus": 200}
7/22/2011 4:52:49 AM:General:-1: 0: Verbose: :convertedString:烏 薩 馬 本 拉 丹. Translated:Osama bin Laden
7/22/2011 4:53:16 AM:General:-1: 0: Information: :Error reading mapfile:C:\Telavance\Development\Wei\code\WeiService\data\Traditional Chinese.ctc.map for line:System.String[].Exception Message:Item has already been added. Key in dictionary: '0488'  Key being added: '0488'
7/22/2011 4:53:17 AM:General:-1: 0: Information: :Error reading mapfile:C:\Telavance\Development\Wei\code\WeiService\data\Traditional Chinese.ctc.map for line:System.String[].Exception Message:Item has already been added. Key in dictionary: '6480'  Key being added: '6480'
7/22/2011 4:53:26 AM:General:-1: 0: Verbose: :Raw translated response:{"responseData": {"translatedText":"Osama bin Laden"}, "responseDetails": null, "responseStatus": 200}
7/22/2011 4:53:26 AM:General:-1: 0: Verbose: :convertedString:烏 薩 馬 本 拉 丹. Translated:Osama bin Laden
7/22/2011 4:53:26 AM:General:-1: 0: Verbose: :Raw translated response:{"responseData": {"translatedText":"Osama bin Laden"}, "responseDetails": null, "responseStatus": 200}
7/22/2011 4:53:26 AM:General:-1: 0: Verbose: :convertedString:烏 薩 馬 本 拉 丹. Translated:Osama bin Laden
7/22/2011 4:54:48 AM:General:-1: 0: Information: :Error reading mapfile:C:\Telavance\Development\Wei\code\WeiService\data\Traditional Chinese.ctc.map for line:System.String[].Exception Message:Item has already been added. Key in dictionary: '0488'  Key being added: '0488'
7/22/2011 4:54:48 AM:General:-1: 0: Information: :Error reading mapfile:C:\Telavance\Development\Wei\code\WeiService\data\Traditional Chinese.ctc.map for line:System.String[].Exception Message:Item has already been added. Key in dictionary: '6480'  Key being added: '6480'
7/22/2011 4:55:06 AM:General:-1: 0: Verbose: :Raw translated response:{"responseData": {"translatedText":"Osama bin Laden"}, "responseDetails": null, "responseStatus": 200}
7/22/2011 4:55:06 AM:General:-1: 0: Verbose: :convertedString:烏 薩 馬 本 拉 丹. Translated:Osama bin Laden
7/22/2011 4:55:44 AM:General:-1: 0: Verbose: :Raw translated response:{"responseData": {"translatedText":"Osama bin Laden"}, "responseDetails": null, "responseStatus": 200}
7/22/2011 4:55:44 AM:General:-1: 0: Verbose: :convertedString:烏 薩 馬 本 拉 丹. Translated:Osama bin Laden
7/22/2011 4:57:59 AM:General:-1: 0: Information: :Error reading mapfile:C:\Telavance\Development\Wei\code\WeiService\data\Traditional Chinese.ctc.map for line:System.String[].Exception Message:Item has already been added. Key in dictionary: '0488'  Key being added: '0488'
7/22/2011 4:57:59 AM:General:-1: 0: Information: :Error reading mapfile:C:\Telavance\Development\Wei\code\WeiService\data\Traditional Chinese.ctc.map for line:System.String[].Exception Message:Item has already been added. Key in dictionary: '6480'  Key being added: '6480'
7/22/2011 4:58:07 AM:General:-1: 0: Verbose: :Raw translated response:{"responseData": {"translatedText":"Osama bin Laden"}, "responseDetails": null, "responseStatus": 200}
7/22/2011 4:58:07 AM:General:-1: 0: Verbose: :convertedString:烏 薩 馬 本 拉 丹. Translated:Osama bin Laden
7/22/2011 4:58:42 AM:General:-1: 0: Verbose: :Raw translated response:{"responseData": {"translatedText":"Osama bin Laden"}, "responseDetails": null, "responseStatus": 200}
7/22/2011 4:58:42 AM:General:-1: 0: Verbose: :convertedString:烏 薩 馬 本 拉 丹. Translated:Osama bin Laden
7/22/2011 4:59:50 AM:General:-1: 0: Information: :Error reading mapfile:C:\Telavance\Development\Wei\code\WeiService\data\Traditional Chinese.ctc.map for line:System.String[].Exception Message:Item has already been added. Key in dictionary: '0488'  Key being added: '0488'
7/22/2011 4:59:50 AM:General:-1: 0: Information: :Error reading mapfile:C:\Telavance\Development\Wei\code\WeiService\data\Traditional Chinese.ctc.map for line:System.String[].Exception Message:Item has already been added. Key in dictionary: '6480'  Key being added: '6480'
7/22/2011 5:00:21 AM:General:-1: 0: Verbose: :Raw translated response:{"responseData": {"translatedText":"3527 5646 7,456,260,921,390,030"}, "responseDetails": null, "responseStatus": 200}
7/22/2011 5:00:49 AM:General:-1: 0: Verbose: :convertedString:3527 5646 7456 2609 2139 0030. Translated:3527 5646 7,456,260,921,390,030
7/22/2011 5:11:10 AM:General:-1: 0: Information: :Error reading mapfile:C:\Telavance\Development\Wei\code\WeiService\data\Traditional Chinese.ctc.map for line:System.String[].Exception Message:Item has already been added. Key in dictionary: '0488'  Key being added: '0488'
7/22/2011 5:11:11 AM:General:-1: 0: Information: :Error reading mapfile:C:\Telavance\Development\Wei\code\WeiService\data\Traditional Chinese.ctc.map for line:System.String[].Exception Message:Item has already been added. Key in dictionary: '6480'  Key being added: '6480'
7/22/2011 5:11:16 AM:General:-1: 0: Verbose: :Raw translated response:{"responseData": {"translatedText":"Osama bin Laden"}, "responseDetails": null, "responseStatus": 200}
7/22/2011 5:11:16 AM:General:-1: 0: Verbose: :convertedString:烏 薩 馬 本 拉 丹. Translated:Osama bin Laden
7/22/2011 5:13:42 AM:General:-1: 0: Verbose: :Raw translated response:{"responseData": {"translatedText":"Osama bin Laden"}, "responseDetails": null, "responseStatus": 200}
7/22/2011 5:13:42 AM:General:-1: 0: Verbose: :convertedString:烏 薩 馬 本 拉 丹. Translated:Osama bin Laden
7/22/2011 5:15:10 AM:General:-1: 0: Information: :Error reading mapfile:C:\Telavance\Development\Wei\code\WeiService\data\Traditional Chinese.ctc.map for line:System.String[].Exception Message:Item has already been added. Key in dictionary: '0488'  Key being added: '0488'
7/22/2011 5:15:10 AM:General:-1: 0: Information: :Error reading mapfile:C:\Telavance\Development\Wei\code\WeiService\data\Traditional Chinese.ctc.map for line:System.String[].Exception Message:Item has already been added. Key in dictionary: '6480'  Key being added: '6480'
7/22/2011 5:16:02 AM:General:-1: 0: Verbose: :Raw translated response:{"responseData": {"translatedText":"Osama bin Laden"}, "responseDetails": null, "responseStatus": 200}
7/22/2011 5:16:19 AM:General:-1: 0: Verbose: :convertedString:烏 薩 馬 本 拉 丹. Translated:Osama bin Laden
7/22/2011 5:19:03 AM:General:-1: 0: Verbose: :Raw translated response:{"responseData": {"translatedText":"Osama bin Laden"}, "responseDetails": null, "responseStatus": 200}
7/22/2011 5:19:03 AM:General:-1: 0: Verbose: :convertedString:烏 薩 馬 本 拉 丹. Translated:Osama bin Laden
7/22/2011 5:37:21 AM:General:-1: 0: Information: :Error reading mapfile:C:\Telavance\Development\Wei\code\WeiService\data\Traditional Chinese.ctc.map for line:System.String[].Exception Message:Item has already been added. Key in dictionary: '0488'  Key being added: '0488'
7/22/2011 5:37:21 AM:General:-1: 0: Information: :Error reading mapfile:C:\Telavance\Development\Wei\code\WeiService\data\Traditional Chinese.ctc.map for line:System.String[].Exception Message:Item has already been added. Key in dictionary: '6480'  Key being added: '6480'
7/22/2011 5:43:39 AM:General:-1: 0: Information: :Error reading mapfile:C:\Telavance\Development\Wei\code\WeiService\data\Traditional Chinese.ctc.map for line:System.String[].Exception Message:Item has already been added. Key in dictionary: '0488'  Key being added: '0488'
7/22/2011 5:43:39 AM:General:-1: 0: Information: :Error reading mapfile:C:\Telavance\Development\Wei\code\WeiService\data\Traditional Chinese.ctc.map for line:System.String[].Exception Message:Item has already been added. Key in dictionary: '6480'  Key being added: '6480'
7/22/2011 5:48:15 AM:General:-1: 0: Verbose: :Raw translated response:{"responseData": {"translatedText":"35"}, "responseDetails": null, "responseStatus": 200}
7/22/2011 5:48:47 AM:General:-1: 0: Verbose: :convertedString:35. Translated:35
