7/24/2011 8:56:31 PM:General:-1: 0: Information: :Error reading mapfile:C:\Telavance\Development\Wei\code\WeiService\data\Traditional Chinese.ctc.map for line:System.String[].Exception Message:Item has already been added. Key in dictionary: '0488'  Key being added: '0488'
7/24/2011 8:56:31 PM:General:-1: 0: Information: :Error reading mapfile:C:\Telavance\Development\Wei\code\WeiService\data\Traditional Chinese.ctc.map for line:System.String[].Exception Message:Item has already been added. Key in dictionary: '6480'  Key being added: '6480'
7/24/2011 8:56:32 PM:General:-1: 0: Verbose: :Raw translated response:{"responseData": {"translatedText":"Osama bin Laden"}, "responseDetails": null, "responseStatus": 200}
7/24/2011 8:56:32 PM:General:-1: 0: Verbose: :convertedString:烏 薩 馬 本 拉 丹. Translated:Osama bin Laden
7/24/2011 8:56:32 PM:General:-1: 0: Verbose: :Raw translated response:{"responseData": {"translatedText":"Osama bin Laden"}, "responseDetails": null, "responseStatus": 200}
7/24/2011 8:56:32 PM:General:-1: 0: Verbose: :convertedString:烏 薩 馬 本 拉 丹. Translated:Osama bin Laden
7/24/2011 9:03:54 PM:General:-1: 0: Information: :Error reading mapfile:C:\Telavance\Development\Wei\code\WeiService\data\Traditional Chinese.ctc.map for line:System.String[].Exception Message:Item has already been added. Key in dictionary: '0488'  Key being added: '0488'
7/24/2011 9:03:54 PM:General:-1: 0: Information: :Error reading mapfile:C:\Telavance\Development\Wei\code\WeiService\data\Traditional Chinese.ctc.map for line:System.String[].Exception Message:Item has already been added. Key in dictionary: '6480'  Key being added: '6480'
7/24/2011 9:12:48 PM:General:-1: 0: Verbose: :Raw translated response:{"responseData": {"translatedText":"3"}, "responseDetails": null, "responseStatus": 200}
7/24/2011 9:12:48 PM:General:-1: 0: Verbose: :convertedString:3. Translated:3
7/24/2011 9:12:48 PM:General:-1: 0: Verbose: :Raw translated response:{"responseData": {"translatedText":"Osama bin Laden"}, "responseDetails": null, "responseStatus": 200}
7/24/2011 9:12:48 PM:General:-1: 0: Verbose: :convertedString:烏 薩 馬 本 拉 丹. Translated:Osama bin Laden
7/24/2011 9:12:54 PM:General:-1: 0: Information: :Error reading mapfile:C:\Telavance\Development\Wei\code\WeiService\data\Traditional Chinese.ctc.map for line:System.String[].Exception Message:Item has already been added. Key in dictionary: '0488'  Key being added: '0488'
7/24/2011 9:12:54 PM:General:-1: 0: Information: :Error reading mapfile:C:\Telavance\Development\Wei\code\WeiService\data\Traditional Chinese.ctc.map for line:System.String[].Exception Message:Item has already been added. Key in dictionary: '6480'  Key being added: '6480'
7/24/2011 9:13:25 PM:General:-1: 0: Verbose: :Raw translated response:{"responseData": {"translatedText":"Osama bin Laden"}, "responseDetails": null, "responseStatus": 200}
7/24/2011 9:13:25 PM:General:-1: 0: Verbose: :convertedString:烏 薩 馬 本 拉 丹. Translated:Osama bin Laden
7/24/2011 9:13:25 PM:General:-1: 0: Verbose: :Raw translated response:{"responseData": {"translatedText":"Osama bin Laden"}, "responseDetails": null, "responseStatus": 200}
7/24/2011 9:13:25 PM:General:-1: 0: Verbose: :convertedString:烏 薩 馬 本 拉 丹. Translated:Osama bin Laden
7/24/2011 9:13:33 PM:General:-1: 0: Information: :Error reading mapfile:C:\Telavance\Development\Wei\code\WeiService\data\Traditional Chinese.ctc.map for line:System.String[].Exception Message:Item has already been added. Key in dictionary: '0488'  Key being added: '0488'
7/24/2011 9:13:33 PM:General:-1: 0: Information: :Error reading mapfile:C:\Telavance\Development\Wei\code\WeiService\data\Traditional Chinese.ctc.map for line:System.String[].Exception Message:Item has already been added. Key in dictionary: '6480'  Key being added: '6480'
7/24/2011 9:15:02 PM:General:-1: 0: Verbose: :Raw translated response:{"responseData": {"translatedText":"Osama bin Laden"}, "responseDetails": null, "responseStatus": 200}
7/24/2011 9:15:02 PM:General:-1: 0: Verbose: :convertedString:烏 薩 馬 本 拉 丹. Translated:Osama bin Laden
7/24/2011 10:12:16 PM:General:-1: 0: Information: :Error reading mapfile:C:\Telavance\Development\Wei\code\WeiService\data\Traditional Chinese.ctc.map for line:System.String[].Exception Message:Item has already been added. Key in dictionary: '0488'  Key being added: '0488'
7/24/2011 10:12:16 PM:General:-1: 0: Information: :Error reading mapfile:C:\Telavance\Development\Wei\code\WeiService\data\Traditional Chinese.ctc.map for line:System.String[].Exception Message:Item has already been added. Key in dictionary: '6480'  Key being added: '6480'
7/24/2011 10:17:04 PM:General:-1: 0: Verbose: :Raw translated response:{"responseData": {"translatedText":"Osama bin Laden"}, "responseDetails": null, "responseStatus": 200}
7/24/2011 10:17:04 PM:General:-1: 0: Verbose: :convertedString:烏 薩 馬 本 拉 丹. Translated:Osama bin Laden
7/24/2011 10:17:04 PM:General:-1: 0: Verbose: :Raw translated response:{"responseData": {"translatedText":"Osama bin Laden"}, "responseDetails": null, "responseStatus": 200}
7/24/2011 10:17:04 PM:General:-1: 0: Verbose: :convertedString:烏 薩 馬 本 拉 丹. Translated:Osama bin Laden
7/24/2011 10:17:41 PM:General:-1: 0: Information: :Error reading mapfile:C:\Telavance\Development\Wei\code\WeiService\data\Traditional Chinese.ctc.map for line:System.String[].Exception Message:Item has already been added. Key in dictionary: '0488'  Key being added: '0488'
7/24/2011 10:17:41 PM:General:-1: 0: Information: :Error reading mapfile:C:\Telavance\Development\Wei\code\WeiService\data\Traditional Chinese.ctc.map for line:System.String[].Exception Message:Item has already been added. Key in dictionary: '6480'  Key being added: '6480'
7/24/2011 10:18:32 PM:General:-1: 0: Verbose: :Raw translated response:{"responseData": {"translatedText":"Osama bin Laden"}, "responseDetails": null, "responseStatus": 200}
7/24/2011 10:18:32 PM:General:-1: 0: Verbose: :convertedString:烏 薩 馬 本 拉 丹. Translated:Osama bin Laden
7/24/2011 10:19:18 PM:General:-1: 0: Verbose: :Raw translated response:{"responseData": {"translatedText":"Osama bin Laden"}, "responseDetails": null, "responseStatus": 200}
7/24/2011 10:19:18 PM:General:-1: 0: Verbose: :convertedString:烏 薩 馬 本 拉 丹. Translated:Osama bin Laden
7/24/2011 10:19:51 PM:General:-1: 0: Information: :Error reading mapfile:C:\Telavance\Development\Wei\code\WeiService\data\Traditional Chinese.ctc.map for line:System.String[].Exception Message:Item has already been added. Key in dictionary: '0488'  Key being added: '0488'
7/24/2011 10:19:51 PM:General:-1: 0: Information: :Error reading mapfile:C:\Telavance\Development\Wei\code\WeiService\data\Traditional Chinese.ctc.map for line:System.String[].Exception Message:Item has already been added. Key in dictionary: '6480'  Key being added: '6480'
7/24/2011 10:19:56 PM:General:-1: 0: Verbose: :Raw translated response:{"responseData": {"translatedText":"Osama bin Laden"}, "responseDetails": null, "responseStatus": 200}
7/24/2011 10:19:56 PM:General:-1: 0: Verbose: :convertedString:烏 薩 馬 本 拉 丹. Translated:Osama bin Laden
7/24/2011 10:20:18 PM:General:-1: 0: Verbose: :Raw translated response:{"responseData": {"translatedText":"Osama bin Laden"}, "responseDetails": null, "responseStatus": 200}
7/24/2011 10:20:18 PM:General:-1: 0: Verbose: :convertedString:烏 薩 馬 本 拉 丹. Translated:Osama bin Laden
7/24/2011 10:20:24 PM:General:-1: 0: Information: :Error reading mapfile:C:\Telavance\Development\Wei\code\WeiService\data\Traditional Chinese.ctc.map for line:System.String[].Exception Message:Item has already been added. Key in dictionary: '0488'  Key being added: '0488'
7/24/2011 10:20:24 PM:General:-1: 0: Information: :Error reading mapfile:C:\Telavance\Development\Wei\code\WeiService\data\Traditional Chinese.ctc.map for line:System.String[].Exception Message:Item has already been added. Key in dictionary: '6480'  Key being added: '6480'
7/24/2011 10:20:46 PM:General:-1: 0: Verbose: :Raw translated response:{"responseData": {"translatedText":"Osama bin Laden"}, "responseDetails": null, "responseStatus": 200}
7/24/2011 10:20:46 PM:General:-1: 0: Verbose: :convertedString:烏 薩 馬 本 拉 丹. Translated:Osama bin Laden
7/24/2011 10:20:58 PM:General:-1: 0: Verbose: :Raw translated response:{"responseData": {"translatedText":"Osama bin Laden"}, "responseDetails": null, "responseStatus": 200}
7/24/2011 10:20:58 PM:General:-1: 0: Verbose: :convertedString:烏 薩 馬 本 拉 丹. Translated:Osama bin Laden
7/24/2011 10:22:07 PM:General:-1: 0: Information: :Error reading mapfile:C:\Telavance\Development\Wei\code\WeiService\data\Traditional Chinese.ctc.map for line:System.String[].Exception Message:Item has already been added. Key in dictionary: '0488'  Key being added: '0488'
7/24/2011 10:22:07 PM:General:-1: 0: Information: :Error reading mapfile:C:\Telavance\Development\Wei\code\WeiService\data\Traditional Chinese.ctc.map for line:System.String[].Exception Message:Item has already been added. Key in dictionary: '6480'  Key being added: '6480'
7/24/2011 10:24:32 PM:General:-1: 0: Information: :Error reading mapfile:C:\Telavance\Development\Wei\code\WeiService\data\Traditional Chinese.ctc.map for line:System.String[].Exception Message:Item has already been added. Key in dictionary: '0488'  Key being added: '0488'
7/24/2011 10:24:32 PM:General:-1: 0: Information: :Error reading mapfile:C:\Telavance\Development\Wei\code\WeiService\data\Traditional Chinese.ctc.map for line:System.String[].Exception Message:Item has already been added. Key in dictionary: '6480'  Key being added: '6480'
7/24/2011 10:26:52 PM:General:-1: 0: Information: :Error reading mapfile:C:\Telavance\Development\Wei\code\WeiService\data\Traditional Chinese.ctc.map for line:System.String[].Exception Message:Item has already been added. Key in dictionary: '0488'  Key being added: '0488'
7/24/2011 10:26:52 PM:General:-1: 0: Information: :Error reading mapfile:C:\Telavance\Development\Wei\code\WeiService\data\Traditional Chinese.ctc.map for line:System.String[].Exception Message:Item has already been added. Key in dictionary: '6480'  Key being added: '6480'
7/24/2011 10:26:56 PM:General:-1: 0: Verbose: :Raw translated response:{"responseData": {"translatedText":"Osama bin Laden"}, "responseDetails": null, "responseStatus": 200}
7/24/2011 10:26:56 PM:General:-1: 0: Verbose: :convertedString:烏 薩 馬 本 拉 丹. Translated:Osama bin Laden
7/24/2011 11:39:50 PM:General:-1: 0: Information: :Error reading mapfile:C:\Telavance\Development\Wei\code\WeiService\data\Traditional Chinese.ctc.map for line:System.String[].Exception Message:Item has already been added. Key in dictionary: '0488'  Key being added: '0488'
7/24/2011 11:39:50 PM:General:-1: 0: Information: :Error reading mapfile:C:\Telavance\Development\Wei\code\WeiService\data\Traditional Chinese.ctc.map for line:System.String[].Exception Message:Item has already been added. Key in dictionary: '6480'  Key being added: '6480'
7/24/2011 11:39:55 PM:General:-1: 0: Verbose: :Raw translated response:{"responseData": {"translatedText":"Osama bin Laden"}, "responseDetails": null, "responseStatus": 200}
7/24/2011 11:39:55 PM:General:-1: 0: Verbose: :convertedString:烏 薩 馬 本 拉 丹. Translated:Osama bin Laden
7/24/2011 11:57:26 PM:General:-1: 0: Information: :Error reading mapfile:C:\Telavance\Development\Wei\code\WeiService\data\Traditional Chinese.ctc.map for line:System.String[].Exception Message:Item has already been added. Key in dictionary: '0488'  Key being added: '0488'
7/24/2011 11:57:26 PM:General:-1: 0: Information: :Error reading mapfile:C:\Telavance\Development\Wei\code\WeiService\data\Traditional Chinese.ctc.map for line:System.String[].Exception Message:Item has already been added. Key in dictionary: '6480'  Key being added: '6480'
