4/5/2012 3:34:20 AM:General:-1: 0: Information: :Error reading mapfile:C:\Telavance\Development\Wei\code\WeiService\data\Traditional Chinese.ctc.map for line:System.String[].Exception Message:Item has already been added. Key in dictionary: '0488'  Key being added: '0488'
4/5/2012 3:34:20 AM:General:-1: 0: Information: :Error reading mapfile:C:\Telavance\Development\Wei\code\WeiService\data\Traditional Chinese.ctc.map for line:System.String[].Exception Message:Item has already been added. Key in dictionary: '6480'  Key being added: '6480'
4/5/2012 3:34:38 AM:General:-1: 0: Information: :Error reading mapfile:C:\Telavance\Development\Wei\code\WeiService\data\Traditional Chinese.ctc.map for line:System.String[].Exception Message:Item has already been added. Key in dictionary: '0488'  Key being added: '0488'
4/5/2012 3:34:38 AM:General:-1: 0: Information: :Error reading mapfile:C:\Telavance\Development\Wei\code\WeiService\data\Traditional Chinese.ctc.map for line:System.String[].Exception Message:Item has already been added. Key in dictionary: '6480'  Key being added: '6480'
4/5/2012 3:34:44 AM:General:-1: 0: Verbose: :Raw translated response:<string xmlns="http://schemas.microsoft.com/2003/10/Serialization/">Teruo Singapore State-run engineering Pte Ltd</string>
4/5/2012 3:34:44 AM:General:-1: 0: Verbose: :convertedString:明 雄 新 加 坡 国 营 机 械 工 程 私 人 有 限 公 司. Translated:Teruo Singapore State-run engineering Pte Ltd
4/5/2012 3:35:59 AM:General:-1: 0: Information: :Error reading mapfile:C:\Telavance\Development\Wei\code\WeiService\data\Traditional Chinese.ctc.map for line:System.String[].Exception Message:Item has already been added. Key in dictionary: '0488'  Key being added: '0488'
4/5/2012 3:35:59 AM:General:-1: 0: Information: :Error reading mapfile:C:\Telavance\Development\Wei\code\WeiService\data\Traditional Chinese.ctc.map for line:System.String[].Exception Message:Item has already been added. Key in dictionary: '6480'  Key being added: '6480'
4/5/2012 3:36:10 AM:General:-1: 0: Information: :Error reading mapfile:C:\Telavance\Development\Wei\code\WeiService\data\Traditional Chinese.ctc.map for line:System.String[].Exception Message:Item has already been added. Key in dictionary: '0488'  Key being added: '0488'
4/5/2012 3:36:10 AM:General:-1: 0: Information: :Error reading mapfile:C:\Telavance\Development\Wei\code\WeiService\data\Traditional Chinese.ctc.map for line:System.String[].Exception Message:Item has already been added. Key in dictionary: '6480'  Key being added: '6480'
4/5/2012 3:36:16 AM:General:-1: 0: Verbose: :Raw translated response:{
 "data": {
  "translations": [
   {
    "translatedText": "Akio State Mechanical Engineering Pte Ltd in Singapore"
   }
  ]
 }
}

4/5/2012 3:36:16 AM:General:-1: 0: Verbose: :convertedString:明 雄 新 加 坡 國 營 机 械 工 程 私 人 有 限 公 司. Translated:Akio State Mechanical Engineering Pte Ltd in Singapore
4/5/2012 3:36:44 AM:General:-1: 0: Information: :Error reading mapfile:C:\Telavance\Development\Wei\code\WeiService\data\Traditional Chinese.ctc.map for line:System.String[].Exception Message:Item has already been added. Key in dictionary: '0488'  Key being added: '0488'
4/5/2012 3:36:44 AM:General:-1: 0: Information: :Error reading mapfile:C:\Telavance\Development\Wei\code\WeiService\data\Traditional Chinese.ctc.map for line:System.String[].Exception Message:Item has already been added. Key in dictionary: '6480'  Key being added: '6480'
4/5/2012 3:36:49 AM:General:-1: 0: Verbose: :Raw translated response:{
 "data": {
  "translations": [
   {
    "translatedText": "拉巴赫纳阿 米阿布费拉 Hamza Ahmed m Hu 比费萨尔纳阿米,"
   }
  ]
 }
}

4/5/2012 3:36:49 AM:General:-1: 0: Verbose: :convertedString:拉 巴 赫 納 阿 米 阿 布 費 拉 艾 哈 邁 德 米 胡 比 費 薩 尔 納 阿 米 哈 姆 扎. Translated:拉巴赫纳阿 米阿布费拉 Hamza Ahmed m Hu 比费萨尔纳阿米,
4/5/2012 3:41:30 AM:General:-1: 0: Information: :Error reading mapfile:C:\Telavance\Development\Wei\code\WeiService\data\Traditional Chinese.ctc.map for line:System.String[].Exception Message:Item has already been added. Key in dictionary: '0488'  Key being added: '0488'
4/5/2012 3:41:30 AM:General:-1: 0: Information: :Error reading mapfile:C:\Telavance\Development\Wei\code\WeiService\data\Traditional Chinese.ctc.map for line:System.String[].Exception Message:Item has already been added. Key in dictionary: '6480'  Key being added: '6480'
4/5/2012 3:41:34 AM:General:-1: 0: Verbose: :Raw translated response:{
 "data": {
  "translations": [
   {
    "translatedText": "拉巴赫纳阿 Mi Abu"
   }
  ]
 }
}

4/5/2012 3:41:34 AM:General:-1: 0: Verbose: :convertedString:拉 巴 赫 納 阿 米 阿 布. Translated:拉巴赫纳阿 Mi Abu
4/5/2012 3:48:26 AM:General:-1: 0: Information: :Error reading mapfile:C:\Telavance\Development\Wei\code\WeiService\data\Traditional Chinese.ctc.map for line:System.String[].Exception Message:Item has already been added. Key in dictionary: '0488'  Key being added: '0488'
4/5/2012 3:48:26 AM:General:-1: 0: Information: :Error reading mapfile:C:\Telavance\Development\Wei\code\WeiService\data\Traditional Chinese.ctc.map for line:System.String[].Exception Message:Item has already been added. Key in dictionary: '6480'  Key being added: '6480'
4/5/2012 3:48:31 AM:General:-1: 0: Verbose: :Raw translated response:{
 "data": {
  "translations": [
   {
    "translatedText": "达夫里雷米拉 赫迪迈西阿 Budde"
   }
  ]
 }
}

4/5/2012 3:48:31 AM:General:-1: 0: Verbose: :convertedString:達 夫 里 雷 米 拉 赫 迪 邁 西 阿 布 德. Translated:达夫里雷米拉 赫迪迈西阿 Budde
4/5/2012 3:51:50 AM:General:-1: 0: Information: :Error reading mapfile:C:\Telavance\Development\Wei\code\WeiService\data\Traditional Chinese.ctc.map for line:System.String[].Exception Message:Item has already been added. Key in dictionary: '0488'  Key being added: '0488'
4/5/2012 3:51:50 AM:General:-1: 0: Information: :Error reading mapfile:C:\Telavance\Development\Wei\code\WeiService\data\Traditional Chinese.ctc.map for line:System.String[].Exception Message:Item has already been added. Key in dictionary: '6480'  Key being added: '6480'
4/5/2012 3:52:03 AM:General:-1: 0: Information: :Error reading mapfile:C:\Telavance\Development\Wei\code\WeiService\data\Traditional Chinese.ctc.map for line:System.String[].Exception Message:Item has already been added. Key in dictionary: '0488'  Key being added: '0488'
4/5/2012 3:52:03 AM:General:-1: 0: Information: :Error reading mapfile:C:\Telavance\Development\Wei\code\WeiService\data\Traditional Chinese.ctc.map for line:System.String[].Exception Message:Item has already been added. Key in dictionary: '6480'  Key being added: '6480'
4/5/2012 3:52:07 AM:General:-1: 0: Verbose: :Raw translated response:{
 "data": {
  "translations": [
   {
    "translatedText": "达夫里雷米拉 赫迪迈西阿 Budde"
   }
  ]
 }
}

4/5/2012 3:52:07 AM:General:-1: 0: Verbose: :convertedString:達 夫 里 雷 米 拉 赫 迪 邁 西 阿 布 德. Translated:达夫里雷米拉 赫迪迈西阿 Budde
4/5/2012 3:56:28 AM:General:-1: 0: Information: :Error reading mapfile:C:\Telavance\Development\Wei\code\WeiService\data\Traditional Chinese.ctc.map for line:System.String[].Exception Message:Item has already been added. Key in dictionary: '0488'  Key being added: '0488'
4/5/2012 3:56:28 AM:General:-1: 0: Information: :Error reading mapfile:C:\Telavance\Development\Wei\code\WeiService\data\Traditional Chinese.ctc.map for line:System.String[].Exception Message:Item has already been added. Key in dictionary: '6480'  Key being added: '6480'
4/5/2012 3:56:35 AM:General:-1: 0: Verbose: :Raw translated response:{
 "data": {
  "translations": [
   {
    "translatedText": "Switzerland the Abdul 拉赫曼卡迈 勒阿里乌阿拉 Minka Kamal"
   }
  ]
 }
}

4/5/2012 3:56:35 AM:General:-1: 0: Verbose: :convertedString:瑞 士 阿 卜 杜 勒 拉 赫 曼 卡 邁 勒 阿 里 烏 阿 拉 明 卡 邁 勒. Translated:Switzerland the Abdul 拉赫曼卡迈 勒阿里乌阿拉 Minka Kamal
4/5/2012 4:02:36 AM:General:-1: 0: Information: :Error reading mapfile:C:\Telavance\Development\Wei\code\WeiService\data\Traditional Chinese.ctc.map for line:System.String[].Exception Message:Item has already been added. Key in dictionary: '0488'  Key being added: '0488'
4/5/2012 4:02:36 AM:General:-1: 0: Information: :Error reading mapfile:C:\Telavance\Development\Wei\code\WeiService\data\Traditional Chinese.ctc.map for line:System.String[].Exception Message:Item has already been added. Key in dictionary: '6480'  Key being added: '6480'
4/5/2012 4:02:42 AM:General:-1: 0: Verbose: :Raw translated response:{
 "data": {
  "translations": [
   {
    "translatedText": "Mohammed A 斯利达赫马 Chennai Mohammed 拉巴赫阿斯 Lika Erlei Figure"
   }
  ]
 }
}

4/5/2012 4:02:42 AM:General:-1: 0: Verbose: :convertedString:穆 罕 默 德 阿 斯 利 達 赫 馬 奈 穆 罕 默 德 拉 巴 赫 阿 斯 利 卡 尔 雷 圖. Translated:Mohammed A 斯利达赫马 Chennai Mohammed 拉巴赫阿斯 Lika Erlei Figure
4/5/2012 4:06:58 AM:General:-1: 0: Information: :Error reading mapfile:C:\Telavance\Development\Wei\code\WeiService\data\Traditional Chinese.ctc.map for line:System.String[].Exception Message:Item has already been added. Key in dictionary: '0488'  Key being added: '0488'
4/5/2012 4:06:59 AM:General:-1: 0: Information: :Error reading mapfile:C:\Telavance\Development\Wei\code\WeiService\data\Traditional Chinese.ctc.map for line:System.String[].Exception Message:Item has already been added. Key in dictionary: '6480'  Key being added: '6480'
4/5/2012 4:07:04 AM:General:-1: 0: Verbose: :Raw translated response:{
 "data": {
  "translations": [
   {
    "translatedText": "Muhammad Astley"
   }
  ]
 }
}

4/5/2012 4:07:04 AM:General:-1: 0: Verbose: :convertedString:穆 罕 默 德 阿 斯 利. Translated:Muhammad Astley
4/5/2012 4:08:52 AM:General:-1: 0: Information: :Error reading mapfile:C:\Telavance\Development\Wei\code\WeiService\data\Traditional Chinese.ctc.map for line:System.String[].Exception Message:Item has already been added. Key in dictionary: '0488'  Key being added: '0488'
4/5/2012 4:08:52 AM:General:-1: 0: Information: :Error reading mapfile:C:\Telavance\Development\Wei\code\WeiService\data\Traditional Chinese.ctc.map for line:System.String[].Exception Message:Item has already been added. Key in dictionary: '6480'  Key being added: '6480'
4/5/2012 4:08:57 AM:General:-1: 0: Verbose: :Raw translated response:{
 "data": {
  "translations": [
   {
    "translatedText": "Muhammad the A 斯利达赫马 Chennai Mohammed"
   }
  ]
 }
}

4/5/2012 4:08:57 AM:General:-1: 0: Verbose: :convertedString:穆 罕 默 德 阿 斯 利 達 赫 馬 奈 穆 罕 默 德. Translated:Muhammad the A 斯利达赫马 Chennai Mohammed
4/5/2012 4:10:29 AM:General:-1: 0: Information: :Error reading mapfile:C:\Telavance\Development\Wei\code\WeiService\data\Traditional Chinese.ctc.map for line:System.String[].Exception Message:Item has already been added. Key in dictionary: '0488'  Key being added: '0488'
4/5/2012 4:10:29 AM:General:-1: 0: Information: :Error reading mapfile:C:\Telavance\Development\Wei\code\WeiService\data\Traditional Chinese.ctc.map for line:System.String[].Exception Message:Item has already been added. Key in dictionary: '6480'  Key being added: '6480'
4/5/2012 4:10:34 AM:General:-1: 0: Verbose: :Raw translated response:{
 "data": {
  "translations": [
   {
    "translatedText": "Muhammad A 斯利达赫马, Chennai Mohammed 拉巴赫阿斯 Lika Erlei Figure"
   }
  ]
 }
}

4/5/2012 4:10:34 AM:General:-1: 0: Verbose: :convertedString:穆 罕 默 德 阿 斯 利 達 赫 馬 奈 穆 罕 默 德 拉 巴 赫 阿 斯 利 卡 尔 雷 圖. Translated:Muhammad A 斯利达赫马, Chennai Mohammed 拉巴赫阿斯 Lika Erlei Figure
4/5/2012 4:14:15 AM:General:-1: 0: Information: :Error reading mapfile:C:\Telavance\Development\Wei\code\WeiService\data\Traditional Chinese.ctc.map for line:System.String[].Exception Message:Item has already been added. Key in dictionary: '0488'  Key being added: '0488'
4/5/2012 4:14:16 AM:General:-1: 0: Information: :Error reading mapfile:C:\Telavance\Development\Wei\code\WeiService\data\Traditional Chinese.ctc.map for line:System.String[].Exception Message:Item has already been added. Key in dictionary: '6480'  Key being added: '6480'
4/5/2012 4:14:21 AM:General:-1: 0: Verbose: :Raw translated response:{
 "data": {
  "translations": [
   {
    "translatedText": "努尔丁达里卜 Qi through Murad"
   }
  ]
 }
}

4/5/2012 4:14:21 AM:General:-1: 0: Verbose: :convertedString:努 尔 丁 達 里 卜 齊 通 穆 拉 德. Translated:努尔丁达里卜 Qi through Murad
4/5/2012 4:18:27 AM:General:-1: 0: Information: :Error reading mapfile:C:\Telavance\Development\Wei\code\WeiService\data\Traditional Chinese.ctc.map for line:System.String[].Exception Message:Item has already been added. Key in dictionary: '0488'  Key being added: '0488'
4/5/2012 4:18:27 AM:General:-1: 0: Information: :Error reading mapfile:C:\Telavance\Development\Wei\code\WeiService\data\Traditional Chinese.ctc.map for line:System.String[].Exception Message:Item has already been added. Key in dictionary: '6480'  Key being added: '6480'
4/5/2012 4:18:32 AM:General:-1: 0: Verbose: :Raw translated response:{
 "data": {
  "translations": [
   {
    "translatedText": "Abdul pull Herman Guba Li Tu Yile"
   }
  ]
 }
}

4/5/2012 4:18:32 AM:General:-1: 0: Verbose: :convertedString:阿 卜 杜 勒 拉 赫 曼 賈 巴 利 圖 伊 勒. Translated:Abdul pull Herman Guba Li Tu Yile
4/5/2012 4:22:49 AM:General:-1: 0: Information: :Error reading mapfile:C:\Telavance\Development\Wei\code\WeiService\data\Traditional Chinese.ctc.map for line:System.String[].Exception Message:Item has already been added. Key in dictionary: '0488'  Key being added: '0488'
4/5/2012 4:22:49 AM:General:-1: 0: Information: :Error reading mapfile:C:\Telavance\Development\Wei\code\WeiService\data\Traditional Chinese.ctc.map for line:System.String[].Exception Message:Item has already been added. Key in dictionary: '6480'  Key being added: '6480'
4/5/2012 4:22:54 AM:General:-1: 0: Verbose: :Raw translated response:{
 "data": {
  "translations": [
   {
    "translatedText": "法塔赫穆克塔 years"
   }
  ]
 }
}

4/5/2012 4:22:54 AM:General:-1: 0: Verbose: :convertedString:法 塔 赫 穆 克 塔 里. Translated:法塔赫穆克塔 years
4/5/2012 4:24:45 AM:General:-1: 0: Information: :Error reading mapfile:C:\Telavance\Development\Wei\code\WeiService\data\Traditional Chinese.ctc.map for line:System.String[].Exception Message:Item has already been added. Key in dictionary: '0488'  Key being added: '0488'
4/5/2012 4:24:45 AM:General:-1: 0: Information: :Error reading mapfile:C:\Telavance\Development\Wei\code\WeiService\data\Traditional Chinese.ctc.map for line:System.String[].Exception Message:Item has already been added. Key in dictionary: '6480'  Key being added: '6480'
4/5/2012 4:24:50 AM:General:-1: 0: Verbose: :Raw translated response:{
 "data": {
  "translations": [
   {
    "translatedText": "法塔赫穆克塔 里法里德努瓦拉哈 拉萨法里德 the Hu 阿里雷苏斯 Knut"
   }
  ]
 }
}

4/5/2012 4:24:50 AM:General:-1: 0: Verbose: :convertedString:法 塔 赫 穆 克 塔 里 法 里 德 努 瓦 拉 哈 拉 薩 法 里 德 胡 阿 里 雷 蘇 斯 努 努. Translated:法塔赫穆克塔 里法里德努瓦拉哈 拉萨法里德 the Hu 阿里雷苏斯 Knut
4/5/2012 5:04:18 AM:General:-1: 0: Information: :Error reading mapfile:C:\Telavance\Development\Wei\code\WeiService\data\Traditional Chinese.ctc.map for line:System.String[].Exception Message:Item has already been added. Key in dictionary: '0488'  Key being added: '0488'
4/5/2012 5:04:18 AM:General:-1: 0: Information: :Error reading mapfile:C:\Telavance\Development\Wei\code\WeiService\data\Traditional Chinese.ctc.map for line:System.String[].Exception Message:Item has already been added. Key in dictionary: '6480'  Key being added: '6480'
4/5/2012 5:04:23 AM:General:-1: 0: Verbose: :Raw translated response:{
 "data": {
  "translations": [
   {
    "translatedText": "努尔丁塞德 test Yijia Nu"
   }
  ]
 }
}

4/5/2012 5:04:23 AM:General:-1: 0: Verbose: :convertedString:努 尔 丁 塞 德 考 伊 賈 努. Translated:努尔丁塞德 test Yijia Nu
4/5/2012 5:17:20 AM:General:-1: 0: Information: :Error reading mapfile:C:\Telavance\Development\Wei\code\WeiService\data\Traditional Chinese.ctc.map for line:System.String[].Exception Message:Item has already been added. Key in dictionary: '0488'  Key being added: '0488'
4/5/2012 5:17:20 AM:General:-1: 0: Information: :Error reading mapfile:C:\Telavance\Development\Wei\code\WeiService\data\Traditional Chinese.ctc.map for line:System.String[].Exception Message:Item has already been added. Key in dictionary: '6480'  Key being added: '6480'
4/5/2012 5:17:24 AM:General:-1: 0: Verbose: :Raw translated response:{
 "data": {
  "translations": [
   {
    "translatedText": "The Abdul plus 尼塞勒马尼, 苏菲安塞努 基穆迪库巴"
   }
  ]
 }
}

4/5/2012 5:17:24 AM:General:-1: 0: Verbose: :convertedString:阿 卜 杜 勒 加 尼 塞 勒 馬 尼 蘇 菲 安 塞 努 基 穆 迪 庫 巴. Translated:The Abdul plus 尼塞勒马尼, 苏菲安塞努 基穆迪库巴
4/5/2012 5:25:22 AM:General:-1: 0: Information: :Error reading mapfile:C:\Telavance\Development\Wei\code\WeiService\data\Traditional Chinese.ctc.map for line:System.String[].Exception Message:Item has already been added. Key in dictionary: '0488'  Key being added: '0488'
4/5/2012 5:25:22 AM:General:-1: 0: Information: :Error reading mapfile:C:\Telavance\Development\Wei\code\WeiService\data\Traditional Chinese.ctc.map for line:System.String[].Exception Message:Item has already been added. Key in dictionary: '6480'  Key being added: '6480'
4/5/2012 5:25:26 AM:General:-1: 0: Verbose: :Raw translated response:{
 "data": {
  "translations": [
   {
    "translatedText": "Muhammad Ting Zhu Alicante"
   }
  ]
 }
}

4/5/2012 5:25:26 AM:General:-1: 0: Verbose: :convertedString:穆 罕 默 德 廷 朱 阿 利. Translated:Muhammad Ting Zhu Alicante
4/5/2012 5:31:49 AM:General:-1: 0: Information: :Error reading mapfile:C:\Telavance\Development\Wei\code\WeiService\data\Traditional Chinese.ctc.map for line:System.String[].Exception Message:Item has already been added. Key in dictionary: '0488'  Key being added: '0488'
4/5/2012 5:31:49 AM:General:-1: 0: Information: :Error reading mapfile:C:\Telavance\Development\Wei\code\WeiService\data\Traditional Chinese.ctc.map for line:System.String[].Exception Message:Item has already been added. Key in dictionary: '6480'  Key being added: '6480'
4/5/2012 5:31:54 AM:General:-1: 0: Verbose: :Raw translated response:{
 "data": {
  "translations": [
   {
    "translatedText": "法扎勒拉希姆"
   }
  ]
 }
}

4/5/2012 5:31:54 AM:General:-1: 0: Verbose: :convertedString:法 扎 勒 拉 希 姆. Translated:法扎勒拉希姆
4/5/2012 5:36:13 AM:General:-1: 0: Information: :Error reading mapfile:C:\Telavance\Development\Wei\code\WeiService\data\Traditional Chinese.ctc.map for line:System.String[].Exception Message:Item has already been added. Key in dictionary: '0488'  Key being added: '0488'
4/5/2012 5:36:13 AM:General:-1: 0: Information: :Error reading mapfile:C:\Telavance\Development\Wei\code\WeiService\data\Traditional Chinese.ctc.map for line:System.String[].Exception Message:Item has already been added. Key in dictionary: '6480'  Key being added: '6480'
4/5/2012 5:36:17 AM:General:-1: 0: Verbose: :Raw translated response:{
 "data": {
  "translations": [
   {
    "translatedText": "法泽勒拉希姆"
   }
  ]
 }
}

4/5/2012 5:36:17 AM:General:-1: 0: Verbose: :convertedString:法 澤 勒 拉 希 姆. Translated:法泽勒拉希姆
4/5/2012 5:40:14 AM:General:-1: 0: Information: :Error reading mapfile:C:\Telavance\Development\Wei\code\WeiService\data\Traditional Chinese.ctc.map for line:System.String[].Exception Message:Item has already been added. Key in dictionary: '0488'  Key being added: '0488'
4/5/2012 5:40:14 AM:General:-1: 0: Information: :Error reading mapfile:C:\Telavance\Development\Wei\code\WeiService\data\Traditional Chinese.ctc.map for line:System.String[].Exception Message:Item has already been added. Key in dictionary: '6480'  Key being added: '6480'
4/5/2012 5:40:20 AM:General:-1: 0: Verbose: :Raw translated response:{
 "data": {
  "translations": [
   {
    "translatedText": "法齐勒拉希姆"
   }
  ]
 }
}

4/5/2012 5:40:20 AM:General:-1: 0: Verbose: :convertedString:法 齊 勒 拉 希 姆. Translated:法齐勒拉希姆
4/5/2012 5:42:32 AM:General:-1: 0: Information: :Error reading mapfile:C:\Telavance\Development\Wei\code\WeiService\data\Traditional Chinese.ctc.map for line:System.String[].Exception Message:Item has already been added. Key in dictionary: '0488'  Key being added: '0488'
4/5/2012 5:42:32 AM:General:-1: 0: Information: :Error reading mapfile:C:\Telavance\Development\Wei\code\WeiService\data\Traditional Chinese.ctc.map for line:System.String[].Exception Message:Item has already been added. Key in dictionary: '6480'  Key being added: '6480'
4/5/2012 5:42:39 AM:General:-1: 0: Verbose: :Raw translated response:{
 "data": {
  "translations": [
   {
    "translatedText": "法齐勒拉赫曼"
   }
  ]
 }
}

4/5/2012 5:42:39 AM:General:-1: 0: Verbose: :convertedString:法 齊 勒 拉 赫 曼. Translated:法齐勒拉赫曼
4/5/2012 5:48:21 AM:General:-1: 0: Information: :Error reading mapfile:C:\Telavance\Development\Wei\code\WeiService\data\Traditional Chinese.ctc.map for line:System.String[].Exception Message:Item has already been added. Key in dictionary: '0488'  Key being added: '0488'
4/5/2012 5:48:21 AM:General:-1: 0: Information: :Error reading mapfile:C:\Telavance\Development\Wei\code\WeiService\data\Traditional Chinese.ctc.map for line:System.String[].Exception Message:Item has already been added. Key in dictionary: '6480'  Key being added: '6480'
4/5/2012 5:48:31 AM:General:-1: 0: Verbose: :Raw translated response:{
 "data": {
  "translations": [
   {
    "translatedText": "达夫里雷米拉 赫迪迈西阿 Budde"
   }
  ]
 }
}

4/5/2012 5:48:31 AM:General:-1: 0: Verbose: :convertedString:達 夫 里 雷 米 拉 赫 迪 邁 西 阿 布 德. Translated:达夫里雷米拉 赫迪迈西阿 Budde
4/5/2012 5:56:16 AM:General:-1: 0: Information: :Error reading mapfile:C:\Telavance\Development\Wei\code\WeiService\data\Traditional Chinese.ctc.map for line:System.String[].Exception Message:Item has already been added. Key in dictionary: '0488'  Key being added: '0488'
4/5/2012 5:56:16 AM:General:-1: 0: Information: :Error reading mapfile:C:\Telavance\Development\Wei\code\WeiService\data\Traditional Chinese.ctc.map for line:System.String[].Exception Message:Item has already been added. Key in dictionary: '6480'  Key being added: '6480'
4/5/2012 5:56:22 AM:General:-1: 0: Verbose: :Raw translated response:{
 "data": {
  "translations": [
   {
    "translatedText": "拉巴赫纳阿 米阿布费拉 Hamza Ahmed m Hu 比费萨尔纳阿米,"
   }
  ]
 }
}

4/5/2012 5:56:22 AM:General:-1: 0: Verbose: :convertedString:拉 巴 赫 納 阿 米 阿 布 費 拉 艾 哈 邁 德 米 胡 比 費 薩 尔 納 阿 米 哈 姆 扎. Translated:拉巴赫纳阿 米阿布费拉 Hamza Ahmed m Hu 比费萨尔纳阿米,
