4/06/2012 10:57:03 PM:General:-1: 0: Information: :Starting Wei Service
4/06/2012 10:57:03 PM:General:-1: 0: Information: :Error reading mapfile:C:\Telavance\Development\Wei\code\WeiService\data\Traditional Chinese.ctc.map for line:System.String[].Exception Message:Item has already been added. Key in dictionary: '0488'  Key being added: '0488'
4/06/2012 10:57:03 PM:General:-1: 0: Information: :Error reading mapfile:C:\Telavance\Development\Wei\code\WeiService\data\Traditional Chinese.ctc.map for line:System.String[].Exception Message:Item has already been added. Key in dictionary: '6480'  Key being added: '6480'
4/06/2012 10:57:03 PM:General:-1: 0: Verbose: :Starting initailize in InterfaceManager
4/06/2012 10:57:03 PM:General:-1: 0: Verbose: :Executed getInterfaces
4/06/2012 10:57:03 PM:General:-1: 0: Verbose: :Has data from getInterfaces
4/06/2012 10:57:03 PM:General:-1: 0: Information: :Starting Interface:MQDriver1 with interface id 3 DriverType:MQ Driver HandlerType: PRIME
4/06/2012 10:57:04 PM:General:-1: 0: Information: :config:remote:False;queueManager:QM_MQ1;connectionName:;channelName:;inputQueue:WeiInput;okQueue:WeiOk;confirmQueue:WeiConfirm;errorQueue:WeiError;ofacInputQueue:PrimeInput;ofacOkQueue:PrimeOk;ofacConfirmQueue:PrimeConfirm
4/06/2012 10:57:04 PM:General:-1: 0: Information: :Succesully connected to the queue manager:QM_MQ1
4/06/2012 10:57:04 PM:General:-1: 0: Information: :Succesully connected to the queue:WeiInput
4/06/2012 10:57:04 PM:General:-1: 0: Information: :Succesully connected to the queue:WeiOk
4/06/2012 10:57:04 PM:General:-1: 0: Information: :Succesully connected to the queue:WeiConfirm
4/06/2012 10:57:04 PM:General:-1: 0: Information: :Succesully connected to the queue:WeiError
4/06/2012 10:57:04 PM:General:-1: 0: Information: :Succesully connected to the queue:PrimeInput
4/06/2012 10:57:04 PM:General:-1: 0: Information: :Succesully connected to the queue:PrimeOk
4/06/2012 10:57:04 PM:General:-1: 0: Information: :Succesully connected to the queue:PrimeConfirm
4/06/2012 10:57:04 PM:General:-1: 0: Information: :Started Interface:MQDriver1
4/06/2012 10:57:04 PM:General:-1: 0: Verbose: :Exiting initailize in InterfaceManager
4/06/2012 10:57:04 PM:General:-1: 0: Error: :Error Starting Wei Service. ExceptionMessage:HTTP could not register URL http://+:8000/WeiMonitoring/. Another application has already registered this URL with HTTP.SYS.
4/06/2012 10:57:04 PM:General:-1: 0: Error: :   at System.ServiceModel.Channels.SharedHttpTransportManager.OnOpen()
   at System.ServiceModel.Channels.TransportManager.Open(TransportChannelListener channelListener)
   at System.ServiceModel.Channels.TransportManagerContainer.Open(SelectTransportManagersCallback selectTransportManagerCallback)
   at System.ServiceModel.Channels.TransportChannelListener.OnOpen(TimeSpan timeout)
   at System.ServiceModel.Channels.HttpChannelListener.OnOpen(TimeSpan timeout)
   at System.ServiceModel.Channels.CommunicationObject.Open(TimeSpan timeout)
   at System.ServiceModel.Dispatcher.ChannelDispatcher.OnOpen(TimeSpan timeout)
   at System.ServiceModel.Channels.CommunicationObject.Open(TimeSpan timeout)
   at System.ServiceModel.ServiceHostBase.OnOpen(TimeSpan timeout)
   at System.ServiceModel.Channels.CommunicationObject.Open(TimeSpan timeout)
   at System.ServiceModel.Channels.CommunicationObject.Open()
   at Telavance.AdvantageSuite.Wei.WeiService.WeiService.OnStart(String[] args) in C:\Telavance\Development\Wei\code\WeiService\WeiService.cs:line 87
