18/06/2012 9:34:08 PM:General:-1: 0: Information: :Starting Wei Service
18/06/2012 9:34:09 PM:General:-1: 0: Information: :Error reading mapfile:C:\Telavance\Development\Wei\code\WeiService\data\Traditional Chinese.ctc.map for line:System.String[].Exception Message:Item has already been added. Key in dictionary: '0488'  Key being added: '0488'
18/06/2012 9:34:09 PM:General:-1: 0: Information: :Error reading mapfile:C:\Telavance\Development\Wei\code\WeiService\data\Traditional Chinese.ctc.map for line:System.String[].Exception Message:Item has already been added. Key in dictionary: '6480'  Key being added: '6480'
18/06/2012 9:34:09 PM:General:-1: 0: Verbose: :Starting initailize in InterfaceManager
18/06/2012 9:34:09 PM:General:-1: 0: Verbose: :Executed getInterfaces
18/06/2012 9:34:09 PM:General:-1: 0: Verbose: :Has data from getInterfaces
18/06/2012 9:34:53 PM:General:-1: 0: Information: :Starting Interface:MQDriver1 with interface id 3 DriverType:MQ Driver HandlerType: PRIME
18/06/2012 9:35:43 PM:General:-1: 0: Information: :config:remote:False;queueManager:QM_MQ1;connectionName:;channelName:;inputQueue:WeiInput;okQueue:WeiOk;confirmQueue:WeiConfirm;errorQueue:WeiError;ofacInputQueue:PrimeInput;ofacOkQueue:PrimeOk;ofacConfirmQueue:PrimeConfirm
18/06/2012 9:37:50 PM:General:-1: 0: Information: :Succesully connected to the queue manager:QM_MQ1
18/06/2012 9:37:59 PM:General:-1: 0: Information: :Succesully connected to the queue:WeiInput
18/06/2012 9:38:01 PM:General:-1: 0: Information: :Succesully connected to the queue:WeiOk
18/06/2012 9:38:03 PM:General:-1: 0: Information: :Succesully connected to the queue:WeiConfirm
18/06/2012 9:38:04 PM:General:-1: 0: Information: :Succesully connected to the queue:WeiError
18/06/2012 9:38:06 PM:General:-1: 0: Information: :Succesully connected to the queue:PrimeInput
18/06/2012 9:38:08 PM:General:-1: 0: Information: :Succesully connected to the queue:PrimeOk
18/06/2012 9:38:15 PM:General:-1: 0: Information: :Succesully connected to the queue:PrimeConfirm
18/06/2012 9:40:31 PM:General:-1: 0: Information: :Started Interface:MQDriver1
18/06/2012 9:40:31 PM:General:-1: 0: Verbose: :Exiting initialize in InterfaceManager
18/06/2012 9:40:33 PM:General:-1: 0: Information: :Started Wei Service
18/06/2012 9:42:52 PM:General:-1: 0: Information: :Starting Wei Service
18/06/2012 9:42:52 PM:General:-1: 0: Information: :Error reading mapfile:C:\Telavance\Development\Wei\code\WeiService\data\Traditional Chinese.ctc.map for line:System.String[].Exception Message:Item has already been added. Key in dictionary: '0488'  Key being added: '0488'
18/06/2012 9:42:52 PM:General:-1: 0: Information: :Error reading mapfile:C:\Telavance\Development\Wei\code\WeiService\data\Traditional Chinese.ctc.map for line:System.String[].Exception Message:Item has already been added. Key in dictionary: '6480'  Key being added: '6480'
18/06/2012 9:42:52 PM:General:-1: 0: Verbose: :Starting initailize in InterfaceManager
18/06/2012 9:42:52 PM:General:-1: 0: Verbose: :Executed getInterfaces
18/06/2012 9:42:52 PM:General:-1: 0: Verbose: :Has data from getInterfaces
18/06/2012 9:47:17 PM:General:-1: 0: Information: :Starting Interface:MQDriver1 with interface id 3 DriverType:MQ Driver HandlerType: PRIME
18/06/2012 9:47:18 PM:General:-1: 0: Information: :config:remote:False;queueManager:QM_MQ1;connectionName:;channelName:;inputQueue:WeiInput;okQueue:WeiOk;confirmQueue:WeiConfirm;errorQueue:WeiError;ofacInputQueue:PrimeInput;ofacOkQueue:PrimeOk;ofacConfirmQueue:PrimeConfirm
18/06/2012 9:47:19 PM:General:-1: 0: Information: :Succesully connected to the queue manager:QM_MQ1
18/06/2012 9:47:19 PM:General:-1: 0: Information: :Succesully connected to the queue:WeiInput
18/06/2012 9:47:19 PM:General:-1: 0: Information: :Succesully connected to the queue:WeiOk
18/06/2012 9:47:19 PM:General:-1: 0: Information: :Succesully connected to the queue:WeiConfirm
18/06/2012 9:47:19 PM:General:-1: 0: Information: :Succesully connected to the queue:WeiError
18/06/2012 9:47:19 PM:General:-1: 0: Information: :Succesully connected to the queue:PrimeInput
18/06/2012 9:47:19 PM:General:-1: 0: Information: :Succesully connected to the queue:PrimeOk
18/06/2012 9:47:19 PM:General:-1: 0: Information: :Succesully connected to the queue:PrimeConfirm
18/06/2012 9:47:19 PM:General:-1: 0: Information: :Started Interface:MQDriver1
18/06/2012 9:47:19 PM:General:-1: 0: Verbose: :Exiting initialize in InterfaceManager
18/06/2012 9:47:21 PM:General:-1: 0: Information: :Started Wei Service
18/06/2012 11:07:34 PM:General:-1: 0: Information: :Starting Wei Service
18/06/2012 11:07:34 PM:General:-1: 0: Information: :Error reading mapfile:C:\Telavance\Development\Wei\code\WeiService\data\Traditional Chinese.ctc.map for line:System.String[].Exception Message:Item has already been added. Key in dictionary: '0488'  Key being added: '0488'
18/06/2012 11:07:34 PM:General:-1: 0: Information: :Error reading mapfile:C:\Telavance\Development\Wei\code\WeiService\data\Traditional Chinese.ctc.map for line:System.String[].Exception Message:Item has already been added. Key in dictionary: '6480'  Key being added: '6480'
18/06/2012 11:07:34 PM:General:-1: 0: Verbose: :Starting initailize in InterfaceManager
18/06/2012 11:07:34 PM:General:-1: 0: Verbose: :Executed getInterfaces
18/06/2012 11:07:34 PM:General:-1: 0: Verbose: :Has data from getInterfaces
18/06/2012 11:07:39 PM:General:-1: 0: Information: :Starting Interface:MQDriver1 with interface id 3 DriverType:MQ Driver HandlerType: PRIME
18/06/2012 11:09:05 PM:General:-1: 0: Information: :config:remote:False;queueManager:QM_MQ1;connectionName:;channelName:;inputQueue:WeiInput;okQueue:WeiOk;confirmQueue:WeiConfirm;errorQueue:WeiError;ofacInputQueue:PrimeInput;ofacOkQueue:PrimeOk;ofacConfirmQueue:PrimeConfirm
18/06/2012 11:09:13 PM:General:-1: 0: Information: :Succesully connected to the queue manager:QM_MQ1
18/06/2012 11:09:15 PM:General:-1: 0: Information: :Succesully connected to the queue:WeiInput
18/06/2012 11:09:16 PM:General:-1: 0: Information: :Succesully connected to the queue:WeiOk
18/06/2012 11:09:18 PM:General:-1: 0: Information: :Succesully connected to the queue:WeiConfirm
18/06/2012 11:09:19 PM:General:-1: 0: Information: :Succesully connected to the queue:WeiError
18/06/2012 11:09:20 PM:General:-1: 0: Information: :Succesully connected to the queue:PrimeInput
18/06/2012 11:09:20 PM:General:-1: 0: Information: :Succesully connected to the queue:PrimeOk
18/06/2012 11:09:21 PM:General:-1: 0: Information: :Succesully connected to the queue:PrimeConfirm
18/06/2012 11:09:39 PM:General:-1: 0: Information: :Started Interface:MQDriver1
18/06/2012 11:09:51 PM:General:-1: 0: Verbose: :Exiting initialize in InterfaceManager
18/06/2012 11:12:06 PM:General:-1: 0: Information: :Starting Wei Service
18/06/2012 11:12:06 PM:General:-1: 0: Information: :Error reading mapfile:C:\Telavance\Development\Wei\code\WeiService\data\Traditional Chinese.ctc.map for line:System.String[].Exception Message:Item has already been added. Key in dictionary: '0488'  Key being added: '0488'
18/06/2012 11:12:06 PM:General:-1: 0: Information: :Error reading mapfile:C:\Telavance\Development\Wei\code\WeiService\data\Traditional Chinese.ctc.map for line:System.String[].Exception Message:Item has already been added. Key in dictionary: '6480'  Key being added: '6480'
18/06/2012 11:12:06 PM:General:-1: 0: Verbose: :Starting initailize in InterfaceManager
18/06/2012 11:12:06 PM:General:-1: 0: Verbose: :Executed getInterfaces
18/06/2012 11:12:06 PM:General:-1: 0: Verbose: :Has data from getInterfaces
18/06/2012 11:12:06 PM:General:-1: 0: Information: :Starting Interface:MQDriver1 with interface id 3 DriverType:MQ Driver HandlerType: PRIME
18/06/2012 11:12:07 PM:General:-1: 0: Information: :config:remote:False;queueManager:QM_MQ1;connectionName:;channelName:;inputQueue:WeiInput;okQueue:WeiOk;confirmQueue:WeiConfirm;errorQueue:WeiError;ofacInputQueue:PrimeInput;ofacOkQueue:PrimeOk;ofacConfirmQueue:PrimeConfirm
18/06/2012 11:12:07 PM:General:-1: 0: Information: :Succesully connected to the queue manager:QM_MQ1
18/06/2012 11:12:07 PM:General:-1: 0: Information: :Succesully connected to the queue:WeiInput
18/06/2012 11:12:07 PM:General:-1: 0: Information: :Succesully connected to the queue:WeiOk
18/06/2012 11:12:07 PM:General:-1: 0: Information: :Succesully connected to the queue:WeiConfirm
18/06/2012 11:12:07 PM:General:-1: 0: Information: :Succesully connected to the queue:WeiError
18/06/2012 11:12:07 PM:General:-1: 0: Information: :Succesully connected to the queue:PrimeInput
18/06/2012 11:12:07 PM:General:-1: 0: Information: :Succesully connected to the queue:PrimeOk
18/06/2012 11:12:07 PM:General:-1: 0: Information: :Succesully connected to the queue:PrimeConfirm
18/06/2012 11:12:07 PM:General:-1: 0: Information: :Started Interface:MQDriver1
18/06/2012 11:12:07 PM:General:-1: 0: Verbose: :Exiting initialize in InterfaceManager
18/06/2012 11:12:07 PM:General:-1: 0: Information: :Started Wei Service
