25/06/2012 5:27:48 AM:General:-1: 0: Information: :Starting Wei Service
25/06/2012 5:27:48 AM:General:-1: 0: Information: :Error reading mapfile:C:\Telavance\Development\Wei\code\WeiService\data\Traditional Chinese.ctc.map for line:System.String[].Exception Message:Item has already been added. Key in dictionary: '0488'  Key being added: '0488'
25/06/2012 5:27:49 AM:General:-1: 0: Information: :Error reading mapfile:C:\Telavance\Development\Wei\code\WeiService\data\Traditional Chinese.ctc.map for line:System.String[].Exception Message:Item has already been added. Key in dictionary: '6480'  Key being added: '6480'
25/06/2012 5:27:49 AM:General:-1: 0: Verbose: :Starting initailize in InterfaceManager
25/06/2012 5:27:50 AM:General:-1: 0: Verbose: :Executed getInterfaces
25/06/2012 5:27:50 AM:General:-1: 0: Verbose: :Has data from getInterfaces
25/06/2012 5:27:57 AM:General:-1: 0: Information: :Starting Interface:MQDriver1 with interface id 3 DriverType:MQ Driver HandlerType: PRIME
25/06/2012 5:28:03 AM:General:-1: 0: Information: :config:remote:False;queueManager:QM_MQ1;connectionName:;channelName:;inputQueue:WeiInput;okQueue:WeiOk;confirmQueue:WeiConfirm;errorQueue:WeiError;ofacInputQueue:PrimeInput;ofacOkQueue:PrimeOk;ofacConfirmQueue:PrimeConfirm
25/06/2012 5:28:04 AM:General:-1: 0: Error: :Error starting the interface. ExceptionMessage:MQRC_Q_MGR_NOT_AVAILABLE
25/06/2012 5:28:04 AM:General:-1: 0: Error: :   at Telavance.AdvantageSuite.Wei.MQDriver.MQDriver.start()
   at Telavance.AdvantageSuite.Wei.WeiService.InterfaceManager.initailize(WeiService service) in C:\Telavance\Development\Wei\code\WeiService\InterfaceManager.cs:line 154
25/06/2012 5:28:04 AM:General:-1: 0: Verbose: :Exiting initialize in InterfaceManager
25/06/2012 5:28:06 AM:General:-1: 0: Information: :Started Wei Service
25/06/2012 6:34:54 AM:General:-1: 0: Information: :Starting Wei Service
25/06/2012 6:34:55 AM:General:-1: 0: Information: :Error reading mapfile:C:\Telavance\Development\Wei\code\WeiService\data\Traditional Chinese.ctc.map for line:System.String[].Exception Message:Item has already been added. Key in dictionary: '0488'  Key being added: '0488'
25/06/2012 6:34:55 AM:General:-1: 0: Information: :Error reading mapfile:C:\Telavance\Development\Wei\code\WeiService\data\Traditional Chinese.ctc.map for line:System.String[].Exception Message:Item has already been added. Key in dictionary: '6480'  Key being added: '6480'
25/06/2012 6:34:55 AM:General:-1: 0: Verbose: :Starting initailize in InterfaceManager
25/06/2012 6:34:55 AM:General:-1: 0: Verbose: :Executed getInterfaces
25/06/2012 6:34:55 AM:General:-1: 0: Verbose: :Has data from getInterfaces
25/06/2012 6:34:55 AM:General:-1: 0: Information: :Starting Interface:MQDriver1 with interface id 3 DriverType:MQ Driver HandlerType: PRIME
25/06/2012 6:34:55 AM:General:-1: 0: Information: :config:remote:False;queueManager:QM_MQ1;connectionName:;channelName:;inputQueue:WeiInput;okQueue:WeiOk;confirmQueue:WeiConfirm;errorQueue:WeiError;ofacInputQueue:PrimeInput;ofacOkQueue:PrimeOk;ofacConfirmQueue:PrimeConfirm
25/06/2012 6:34:55 AM:General:-1: 0: Error: :Error starting the interface. ExceptionMessage:MQRC_Q_MGR_NOT_AVAILABLE
25/06/2012 6:34:55 AM:General:-1: 0: Error: :   at Telavance.AdvantageSuite.Wei.MQDriver.MQDriver.start()
   at Telavance.AdvantageSuite.Wei.WeiService.InterfaceManager.initailize(WeiService service) in C:\Telavance\Development\Wei\code\WeiService\InterfaceManager.cs:line 154
25/06/2012 6:34:55 AM:General:-1: 0: Verbose: :Exiting initialize in InterfaceManager
25/06/2012 6:34:57 AM:General:-1: 0: Information: :Started Wei Service
25/06/2012 6:45:18 AM:General:-1: 0: Information: :Starting Wei Service
25/06/2012 6:45:19 AM:General:-1: 0: Information: :Error reading mapfile:C:\Telavance\Development\Wei\code\WeiService\data\Traditional Chinese.ctc.map for line:System.String[].Exception Message:Item has already been added. Key in dictionary: '0488'  Key being added: '0488'
25/06/2012 6:45:19 AM:General:-1: 0: Information: :Error reading mapfile:C:\Telavance\Development\Wei\code\WeiService\data\Traditional Chinese.ctc.map for line:System.String[].Exception Message:Item has already been added. Key in dictionary: '6480'  Key being added: '6480'
25/06/2012 6:45:19 AM:General:-1: 0: Verbose: :Starting initailize in InterfaceManager
25/06/2012 6:45:19 AM:General:-1: 0: Verbose: :Executed getInterfaces
25/06/2012 6:45:19 AM:General:-1: 0: Verbose: :Has data from getInterfaces
25/06/2012 6:45:19 AM:General:-1: 0: Information: :Starting Interface:MQDriver1 with interface id 3 DriverType:MQ Driver HandlerType: PRIME
25/06/2012 6:45:19 AM:General:-1: 0: Information: :config:remote:False;queueManager:QM_MQ1;connectionName:;channelName:;inputQueue:WeiInput;okQueue:WeiOk;confirmQueue:WeiConfirm;errorQueue:WeiError;ofacInputQueue:PrimeInput;ofacOkQueue:PrimeOk;ofacConfirmQueue:PrimeConfirm
25/06/2012 6:45:19 AM:General:-1: 0: Error: :Error starting the interface. ExceptionMessage:MQRC_Q_MGR_NOT_AVAILABLE
25/06/2012 6:45:19 AM:General:-1: 0: Error: :   at Telavance.AdvantageSuite.Wei.MQDriver.MQDriver.start()
   at Telavance.AdvantageSuite.Wei.WeiService.InterfaceManager.initailize(WeiService service) in C:\Telavance\Development\Wei\code\WeiService\InterfaceManager.cs:line 154
25/06/2012 6:45:19 AM:General:-1: 0: Verbose: :Exiting initialize in InterfaceManager
25/06/2012 6:46:24 AM:General:-1: 0: Information: :Starting Wei Service
25/06/2012 6:46:24 AM:General:-1: 0: Information: :Error reading mapfile:C:\Telavance\Development\Wei\code\WeiService\data\Traditional Chinese.ctc.map for line:System.String[].Exception Message:Item has already been added. Key in dictionary: '0488'  Key being added: '0488'
25/06/2012 6:46:24 AM:General:-1: 0: Information: :Error reading mapfile:C:\Telavance\Development\Wei\code\WeiService\data\Traditional Chinese.ctc.map for line:System.String[].Exception Message:Item has already been added. Key in dictionary: '6480'  Key being added: '6480'
25/06/2012 6:46:24 AM:General:-1: 0: Verbose: :Starting initailize in InterfaceManager
25/06/2012 6:46:24 AM:General:-1: 0: Verbose: :Executed getInterfaces
25/06/2012 6:46:24 AM:General:-1: 0: Verbose: :Has data from getInterfaces
25/06/2012 6:46:24 AM:General:-1: 0: Information: :Starting Interface:MQDriver1 with interface id 3 DriverType:MQ Driver HandlerType: PRIME
25/06/2012 6:46:25 AM:General:-1: 0: Information: :config:remote:False;queueManager:QM_MQ1;connectionName:;channelName:;inputQueue:WeiInput;okQueue:WeiOk;confirmQueue:WeiConfirm;errorQueue:WeiError;ofacInputQueue:PrimeInput;ofacOkQueue:PrimeOk;ofacConfirmQueue:PrimeConfirm
25/06/2012 6:46:25 AM:General:-1: 0: Error: :Error starting the interface. ExceptionMessage:MQRC_Q_MGR_NOT_AVAILABLE
25/06/2012 6:46:25 AM:General:-1: 0: Error: :   at Telavance.AdvantageSuite.Wei.MQDriver.MQDriver.start()
   at Telavance.AdvantageSuite.Wei.WeiService.InterfaceManager.initailize(WeiService service) in C:\Telavance\Development\Wei\code\WeiService\InterfaceManager.cs:line 154
25/06/2012 6:46:25 AM:General:-1: 0: Verbose: :Exiting initialize in InterfaceManager
25/06/2012 6:46:25 AM:General:-1: 0: Information: :Started Wei Service
