5/12/2012 3:18:41 AM:General:-1: 0: Information: :RequestId:10607. Started processing the request
5/12/2012 3:18:41 AM:General:-1: 0: Information: :RequestId:10607. Translation started for the request
5/12/2012 3:18:41 AM:General:-1: 0: Information: :Request id:10607 is processed by an instance of Telavance.AdvantageSuite.Wei.WeiService.DefaultParser
5/12/2012 3:18:41 AM:General:-1: 0: Information: :RequestId:10607. Message Has CTC
5/12/2012 3:18:41 AM:General:-1: 0: Information: :RequestId:10607. Translation complete
5/12/2012 3:18:41 AM:General:-1: 0: Error: :Error sending the message to  PrimeInput                                       queue. ExceptionMessage:MQRC_Q_FULL
5/12/2012 3:18:41 AM:General:-1: 0: Error: :   at IBM.WMQ.MQBase.throwNewMQException()
   at IBM.WMQ.MQDestination.Put(MQMessage message, MQPutMessageOptions pmo)
   at Telavance.AdvantageSuite.Wei.MQDriver.MQDriver.sendMessage(String queueName, Int32 requestId, MQQueue queue, MQQueueManager manager, String messageId, String message, String correlationId, Object lockObject)
5/12/2012 3:18:41 AM:General:-1: 0: Error: :Cannot send for OFAC check for requestid:10607
5/12/2012 3:18:41 AM:General:-1: 0: Error: :Error sending the message to  WeiError                                         queue. ExceptionMessage:MQRC_Q_FULL
5/12/2012 3:18:41 AM:General:-1: 0: Error: :   at IBM.WMQ.MQBase.throwNewMQException()
   at IBM.WMQ.MQDestination.Put(MQMessage message, MQPutMessageOptions pmo)
   at Telavance.AdvantageSuite.Wei.MQDriver.MQDriver.sendMessage(String queueName, Int32 requestId, MQQueue queue, MQQueueManager manager, String messageId, String message, String correlationId, Object lockObject)
5/12/2012 3:18:41 AM:General:-1: 0: Information: :RequestId:10608. Started processing the request
5/12/2012 3:18:41 AM:General:-1: 0: Information: :RequestId:10608. Translation started for the request
5/12/2012 3:18:42 AM:General:-1: 0: Information: :Request id:10608 is processed by an instance of Telavance.AdvantageSuite.Wei.WeiService.DefaultParser
5/12/2012 3:18:42 AM:General:-1: 0: Information: :RequestId:10608. Message Has CTC
5/12/2012 3:18:42 AM:General:-1: 0: Information: :RequestId:10608. Translation complete
5/12/2012 3:18:42 AM:General:-1: 0: Error: :Error sending the message to  PrimeInput                                       queue. ExceptionMessage:MQRC_Q_FULL
5/12/2012 3:18:42 AM:General:-1: 0: Error: :   at IBM.WMQ.MQBase.throwNewMQException()
   at IBM.WMQ.MQDestination.Put(MQMessage message, MQPutMessageOptions pmo)
   at Telavance.AdvantageSuite.Wei.MQDriver.MQDriver.sendMessage(String queueName, Int32 requestId, MQQueue queue, MQQueueManager manager, String messageId, String message, String correlationId, Object lockObject)
5/12/2012 3:18:42 AM:General:-1: 0: Error: :Cannot send for OFAC check for requestid:10608
5/12/2012 3:18:42 AM:General:-1: 0: Error: :Error sending the message to  WeiError                                         queue. ExceptionMessage:MQRC_Q_FULL
5/12/2012 3:18:42 AM:General:-1: 0: Error: :   at IBM.WMQ.MQBase.throwNewMQException()
   at IBM.WMQ.MQDestination.Put(MQMessage message, MQPutMessageOptions pmo)
   at Telavance.AdvantageSuite.Wei.MQDriver.MQDriver.sendMessage(String queueName, Int32 requestId, MQQueue queue, MQQueueManager manager, String messageId, String message, String correlationId, Object lockObject)
5/12/2012 3:18:42 AM:General:-1: 0: Information: :RequestId:10609. Started processing the request
5/12/2012 3:18:42 AM:General:-1: 0: Information: :RequestId:10609. Translation started for the request
5/12/2012 3:18:42 AM:General:-1: 0: Information: :Request id:10609 is processed by an instance of Telavance.AdvantageSuite.Wei.WeiService.DefaultParser
5/12/2012 3:18:42 AM:General:-1: 0: Information: :RequestId:10609. Message Has CTC
5/12/2012 3:18:42 AM:General:-1: 0: Information: :RequestId:10609. Translation complete
5/12/2012 3:18:42 AM:General:-1: 0: Error: :Error sending the message to  PrimeInput                                       queue. ExceptionMessage:MQRC_Q_FULL
5/12/2012 3:18:42 AM:General:-1: 0: Error: :   at IBM.WMQ.MQBase.throwNewMQException()
   at IBM.WMQ.MQDestination.Put(MQMessage message, MQPutMessageOptions pmo)
   at Telavance.AdvantageSuite.Wei.MQDriver.MQDriver.sendMessage(String queueName, Int32 requestId, MQQueue queue, MQQueueManager manager, String messageId, String message, String correlationId, Object lockObject)
5/12/2012 3:18:42 AM:General:-1: 0: Error: :Cannot send for OFAC check for requestid:10609
5/12/2012 3:18:42 AM:General:-1: 0: Error: :Error sending the message to  WeiError                                         queue. ExceptionMessage:MQRC_Q_FULL
5/12/2012 3:18:42 AM:General:-1: 0: Error: :   at IBM.WMQ.MQBase.throwNewMQException()
   at IBM.WMQ.MQDestination.Put(MQMessage message, MQPutMessageOptions pmo)
   at Telavance.AdvantageSuite.Wei.MQDriver.MQDriver.sendMessage(String queueName, Int32 requestId, MQQueue queue, MQQueueManager manager, String messageId, String message, String correlationId, Object lockObject)
5/12/2012 3:18:42 AM:General:-1: 0: Information: :RequestId:10610. Started processing the request
5/12/2012 3:18:42 AM:General:-1: 0: Information: :RequestId:10610. Translation started for the request
5/12/2012 3:18:42 AM:General:-1: 0: Information: :Request id:10610 is processed by an instance of Telavance.AdvantageSuite.Wei.WeiService.DefaultParser
5/12/2012 3:18:42 AM:General:-1: 0: Information: :RequestId:10610. Message Has CTC
5/12/2012 3:18:42 AM:General:-1: 0: Information: :RequestId:10610. Translation complete
5/12/2012 3:18:42 AM:General:-1: 0: Error: :Error sending the message to  PrimeInput                                       queue. ExceptionMessage:MQRC_Q_FULL
5/12/2012 3:18:42 AM:General:-1: 0: Error: :   at IBM.WMQ.MQBase.throwNewMQException()
   at IBM.WMQ.MQDestination.Put(MQMessage message, MQPutMessageOptions pmo)
   at Telavance.AdvantageSuite.Wei.MQDriver.MQDriver.sendMessage(String queueName, Int32 requestId, MQQueue queue, MQQueueManager manager, String messageId, String message, String correlationId, Object lockObject)
5/12/2012 3:18:42 AM:General:-1: 0: Error: :Cannot send for OFAC check for requestid:10610
5/12/2012 3:18:42 AM:General:-1: 0: Error: :Error sending the message to  WeiError                                         queue. ExceptionMessage:MQRC_Q_FULL
5/12/2012 3:18:42 AM:General:-1: 0: Error: :   at IBM.WMQ.MQBase.throwNewMQException()
   at IBM.WMQ.MQDestination.Put(MQMessage message, MQPutMessageOptions pmo)
   at Telavance.AdvantageSuite.Wei.MQDriver.MQDriver.sendMessage(String queueName, Int32 requestId, MQQueue queue, MQQueueManager manager, String messageId, String message, String correlationId, Object lockObject)
5/12/2012 3:18:42 AM:General:-1: 0: Information: :RequestId:10611. Started processing the request
5/12/2012 3:18:42 AM:General:-1: 0: Information: :RequestId:10611. Translation started for the request
5/12/2012 3:18:42 AM:General:-1: 0: Information: :Request id:10611 is processed by an instance of Telavance.AdvantageSuite.Wei.WeiService.DefaultParser
5/12/2012 3:18:42 AM:General:-1: 0: Information: :RequestId:10611. Message Has CTC
5/12/2012 3:18:42 AM:General:-1: 0: Information: :RequestId:10611. Translation complete
5/12/2012 3:18:42 AM:General:-1: 0: Error: :Error sending the message to  PrimeInput                                       queue. ExceptionMessage:MQRC_Q_FULL
5/12/2012 3:18:42 AM:General:-1: 0: Error: :   at IBM.WMQ.MQBase.throwNewMQException()
   at IBM.WMQ.MQDestination.Put(MQMessage message, MQPutMessageOptions pmo)
   at Telavance.AdvantageSuite.Wei.MQDriver.MQDriver.sendMessage(String queueName, Int32 requestId, MQQueue queue, MQQueueManager manager, String messageId, String message, String correlationId, Object lockObject)
5/12/2012 3:18:42 AM:General:-1: 0: Error: :Cannot send for OFAC check for requestid:10611
5/12/2012 3:18:42 AM:General:-1: 0: Error: :Error sending the message to  WeiError                                         queue. ExceptionMessage:MQRC_Q_FULL
5/12/2012 3:18:42 AM:General:-1: 0: Error: :   at IBM.WMQ.MQBase.throwNewMQException()
   at IBM.WMQ.MQDestination.Put(MQMessage message, MQPutMessageOptions pmo)
   at Telavance.AdvantageSuite.Wei.MQDriver.MQDriver.sendMessage(String queueName, Int32 requestId, MQQueue queue, MQQueueManager manager, String messageId, String message, String correlationId, Object lockObject)
