4/21/2012 8:56:49 PM:General:-1: 0: Information: :Starting Wei Service
4/21/2012 8:56:49 PM:General:-1: 0: Information: :Error reading mapfile:C:\Telavance\Development\Wei\code\WeiService\data\Traditional Chinese.ctc.map for line:System.String[].Exception Message:Item has already been added. Key in dictionary: '0488'  Key being added: '0488'
4/21/2012 8:56:49 PM:General:-1: 0: Information: :Error reading mapfile:C:\Telavance\Development\Wei\code\WeiService\data\Traditional Chinese.ctc.map for line:System.String[].Exception Message:Item has already been added. Key in dictionary: '6480'  Key being added: '6480'
4/21/2012 8:56:49 PM:General:-1: 0: Verbose: :Starting initailize in InterfaceManager
4/21/2012 8:56:50 PM:General:-1: 0: Verbose: :Executed getInterfaces
4/21/2012 8:56:50 PM:General:-1: 0: Verbose: :Has data from getInterfaces
4/21/2012 8:56:50 PM:General:-1: 0: Information: :Starting Interface:MQDriver1 with interface id 3 DriverType:MQ Driver HandlerType: PRIME
4/21/2012 8:56:50 PM:General:-1: 0: Information: :config:remote:False;queueManager:QM_MQ1;connectionName:;channelName:;inputQueue:WeiInput;okQueue:WeiOk;confirmQueue:WeiConfirm;errorQueue:WeiError;ofacInputQueue:PrimeInput;ofacOkQueue:PrimeOk;ofacConfirmQueue:PrimeConfirm
4/21/2012 8:56:50 PM:General:-1: 0: Information: :Succesully connected to the queue manager:QM_MQ1
4/21/2012 8:56:50 PM:General:-1: 0: Information: :Succesully connected to the queue:WeiInput
4/21/2012 8:56:50 PM:General:-1: 0: Information: :Succesully connected to the queue:WeiOk
4/21/2012 8:56:50 PM:General:-1: 0: Information: :Succesully connected to the queue:WeiConfirm
4/21/2012 8:56:50 PM:General:-1: 0: Information: :Succesully connected to the queue:WeiError
4/21/2012 8:56:50 PM:General:-1: 0: Information: :Succesully connected to the queue:PrimeInput
4/21/2012 8:56:50 PM:General:-1: 0: Information: :Succesully connected to the queue:PrimeOk
4/21/2012 8:56:50 PM:General:-1: 0: Information: :Succesully connected to the queue:PrimeConfirm
4/21/2012 8:56:50 PM:General:-1: 0: Information: :Started Interface:MQDriver1
4/21/2012 8:56:50 PM:General:-1: 0: Verbose: :Exiting initailize in InterfaceManager
4/21/2012 8:56:50 PM:General:-1: 0: Information: :Started Wei Service
4/21/2012 9:39:22 PM:General:-1: 0: Information: :Starting Wei Service
4/21/2012 9:39:22 PM:General:-1: 0: Information: :Error reading mapfile:C:\Telavance\Development\Wei\code\WeiService\data\Traditional Chinese.ctc.map for line:System.String[].Exception Message:Item has already been added. Key in dictionary: '0488'  Key being added: '0488'
4/21/2012 9:39:22 PM:General:-1: 0: Information: :Error reading mapfile:C:\Telavance\Development\Wei\code\WeiService\data\Traditional Chinese.ctc.map for line:System.String[].Exception Message:Item has already been added. Key in dictionary: '6480'  Key being added: '6480'
4/21/2012 9:39:22 PM:General:-1: 0: Verbose: :Starting initailize in InterfaceManager
4/21/2012 9:39:23 PM:General:-1: 0: Verbose: :Executed getInterfaces
4/21/2012 9:39:23 PM:General:-1: 0: Verbose: :Has data from getInterfaces
4/21/2012 9:39:23 PM:General:-1: 0: Information: :Starting Interface:MQDriver1 with interface id 3 DriverType:MQ Driver HandlerType: PRIME
4/21/2012 9:39:23 PM:General:-1: 0: Information: :config:remote:False;queueManager:QM_MQ1;connectionName:;channelName:;inputQueue:WeiInput;okQueue:WeiOk;confirmQueue:WeiConfirm;errorQueue:WeiError;ofacInputQueue:PrimeInput;ofacOkQueue:PrimeOk;ofacConfirmQueue:PrimeConfirm
4/21/2012 9:39:24 PM:General:-1: 0: Information: :Succesully connected to the queue manager:QM_MQ1
4/21/2012 9:39:24 PM:General:-1: 0: Information: :Succesully connected to the queue:WeiInput
4/21/2012 9:39:24 PM:General:-1: 0: Information: :Succesully connected to the queue:WeiOk
4/21/2012 9:39:24 PM:General:-1: 0: Information: :Succesully connected to the queue:WeiConfirm
4/21/2012 9:39:24 PM:General:-1: 0: Information: :Succesully connected to the queue:WeiError
4/21/2012 9:39:24 PM:General:-1: 0: Information: :Succesully connected to the queue:PrimeInput
4/21/2012 9:39:24 PM:General:-1: 0: Information: :Succesully connected to the queue:PrimeOk
4/21/2012 9:39:24 PM:General:-1: 0: Information: :Succesully connected to the queue:PrimeConfirm
4/21/2012 9:39:24 PM:General:-1: 0: Information: :Started Interface:MQDriver1
4/21/2012 9:39:24 PM:General:-1: 0: Verbose: :Exiting initailize in InterfaceManager
4/21/2012 9:39:25 PM:General:-1: 0: Information: :Started Wei Service
4/21/2012 10:09:03 PM:General:-1: 0: Information: :Starting Wei Service
4/21/2012 10:09:04 PM:General:-1: 0: Information: :Error reading mapfile:C:\Telavance\Development\Wei\code\WeiService\data\Traditional Chinese.ctc.map for line:System.String[].Exception Message:Item has already been added. Key in dictionary: '0488'  Key being added: '0488'
4/21/2012 10:09:04 PM:General:-1: 0: Information: :Error reading mapfile:C:\Telavance\Development\Wei\code\WeiService\data\Traditional Chinese.ctc.map for line:System.String[].Exception Message:Item has already been added. Key in dictionary: '6480'  Key being added: '6480'
4/21/2012 10:09:04 PM:General:-1: 0: Verbose: :Starting initailize in InterfaceManager
4/21/2012 10:09:04 PM:General:-1: 0: Verbose: :Executed getInterfaces
4/21/2012 10:09:04 PM:General:-1: 0: Verbose: :Has data from getInterfaces
4/21/2012 10:09:04 PM:General:-1: 0: Information: :Starting Interface:MQDriver1 with interface id 3 DriverType:MQ Driver HandlerType: PRIME
4/21/2012 10:09:04 PM:General:-1: 0: Information: :config:remote:False;queueManager:QM_MQ1;connectionName:;channelName:;inputQueue:WeiInput;okQueue:WeiOk;confirmQueue:WeiConfirm;errorQueue:WeiError;ofacInputQueue:PrimeInput;ofacOkQueue:PrimeOk;ofacConfirmQueue:PrimeConfirm
4/21/2012 10:09:05 PM:General:-1: 0: Information: :Succesully connected to the queue manager:QM_MQ1
4/21/2012 10:09:05 PM:General:-1: 0: Information: :Succesully connected to the queue:WeiInput
4/21/2012 10:09:05 PM:General:-1: 0: Information: :Succesully connected to the queue:WeiOk
4/21/2012 10:09:05 PM:General:-1: 0: Information: :Succesully connected to the queue:WeiConfirm
4/21/2012 10:09:05 PM:General:-1: 0: Information: :Succesully connected to the queue:WeiError
4/21/2012 10:09:05 PM:General:-1: 0: Information: :Succesully connected to the queue:PrimeInput
4/21/2012 10:09:05 PM:General:-1: 0: Information: :Succesully connected to the queue:PrimeOk
4/21/2012 10:09:05 PM:General:-1: 0: Information: :Succesully connected to the queue:PrimeConfirm
4/21/2012 10:09:05 PM:General:-1: 0: Information: :Started Interface:MQDriver1
4/21/2012 10:09:05 PM:General:-1: 0: Verbose: :Exiting initailize in InterfaceManager
4/21/2012 10:09:07 PM:General:-1: 0: Information: :Started Wei Service
4/21/2012 10:18:08 PM:General:-1: 0: Information: :Starting Wei Service
4/21/2012 10:18:08 PM:General:-1: 0: Information: :Error reading mapfile:C:\Telavance\Development\Wei\code\WeiService\data\Traditional Chinese.ctc.map for line:System.String[].Exception Message:Item has already been added. Key in dictionary: '0488'  Key being added: '0488'
4/21/2012 10:18:08 PM:General:-1: 0: Information: :Error reading mapfile:C:\Telavance\Development\Wei\code\WeiService\data\Traditional Chinese.ctc.map for line:System.String[].Exception Message:Item has already been added. Key in dictionary: '6480'  Key being added: '6480'
4/21/2012 10:18:08 PM:General:-1: 0: Verbose: :Starting initailize in InterfaceManager
4/21/2012 10:18:08 PM:General:-1: 0: Verbose: :Executed getInterfaces
4/21/2012 10:18:08 PM:General:-1: 0: Verbose: :Has data from getInterfaces
4/21/2012 10:18:08 PM:General:-1: 0: Information: :Starting Interface:MQDriver1 with interface id 3 DriverType:MQ Driver HandlerType: PRIME
4/21/2012 10:18:09 PM:General:-1: 0: Information: :config:remote:False;queueManager:QM_MQ1;connectionName:;channelName:;inputQueue:WeiInput;okQueue:WeiOk;confirmQueue:WeiConfirm;errorQueue:WeiError;ofacInputQueue:PrimeInput;ofacOkQueue:PrimeOk;ofacConfirmQueue:PrimeConfirm
4/21/2012 10:18:09 PM:General:-1: 0: Information: :Succesully connected to the queue manager:QM_MQ1
4/21/2012 10:18:09 PM:General:-1: 0: Information: :Succesully connected to the queue:WeiInput
4/21/2012 10:18:09 PM:General:-1: 0: Information: :Succesully connected to the queue:WeiOk
4/21/2012 10:18:09 PM:General:-1: 0: Information: :Succesully connected to the queue:WeiConfirm
4/21/2012 10:18:09 PM:General:-1: 0: Information: :Succesully connected to the queue:WeiError
4/21/2012 10:18:09 PM:General:-1: 0: Information: :Succesully connected to the queue:PrimeInput
4/21/2012 10:18:09 PM:General:-1: 0: Information: :Succesully connected to the queue:PrimeOk
4/21/2012 10:18:09 PM:General:-1: 0: Information: :Succesully connected to the queue:PrimeConfirm
4/21/2012 10:18:09 PM:General:-1: 0: Information: :Started Interface:MQDriver1
4/21/2012 10:18:09 PM:General:-1: 0: Verbose: :Exiting initailize in InterfaceManager
4/21/2012 10:18:09 PM:General:-1: 0: Information: :Started Wei Service
4/21/2012 11:09:43 PM:General:-1: 0: Information: :Starting Wei Service
4/21/2012 11:09:44 PM:General:-1: 0: Information: :Error reading mapfile:C:\Telavance\Development\Wei\code\WeiService\data\Traditional Chinese.ctc.map for line:System.String[].Exception Message:Item has already been added. Key in dictionary: '0488'  Key being added: '0488'
4/21/2012 11:09:44 PM:General:-1: 0: Information: :Error reading mapfile:C:\Telavance\Development\Wei\code\WeiService\data\Traditional Chinese.ctc.map for line:System.String[].Exception Message:Item has already been added. Key in dictionary: '6480'  Key being added: '6480'
4/21/2012 11:09:44 PM:General:-1: 0: Verbose: :Starting initailize in InterfaceManager
4/21/2012 11:09:44 PM:General:-1: 0: Verbose: :Executed getInterfaces
4/21/2012 11:09:44 PM:General:-1: 0: Verbose: :Has data from getInterfaces
4/21/2012 11:09:44 PM:General:-1: 0: Information: :Starting Interface:MQDriver1 with interface id 3 DriverType:MQ Driver HandlerType: PRIME
4/21/2012 11:09:45 PM:General:-1: 0: Information: :config:remote:False;queueManager:QM_MQ1;connectionName:;channelName:;inputQueue:WeiInput;okQueue:WeiOk;confirmQueue:WeiConfirm;errorQueue:WeiError;ofacInputQueue:PrimeInput;ofacOkQueue:PrimeOk;ofacConfirmQueue:PrimeConfirm
4/21/2012 11:09:45 PM:General:-1: 0: Information: :Succesully connected to the queue manager:QM_MQ1
4/21/2012 11:09:45 PM:General:-1: 0: Information: :Succesully connected to the queue:WeiInput
4/21/2012 11:09:45 PM:General:-1: 0: Information: :Succesully connected to the queue:WeiOk
4/21/2012 11:09:45 PM:General:-1: 0: Information: :Succesully connected to the queue:WeiConfirm
4/21/2012 11:09:45 PM:General:-1: 0: Information: :Succesully connected to the queue:WeiError
4/21/2012 11:09:45 PM:General:-1: 0: Information: :Succesully connected to the queue:PrimeInput
4/21/2012 11:09:45 PM:General:-1: 0: Information: :Succesully connected to the queue:PrimeOk
4/21/2012 11:09:45 PM:General:-1: 0: Information: :Succesully connected to the queue:PrimeConfirm
4/21/2012 11:09:45 PM:General:-1: 0: Information: :Started Interface:MQDriver1
4/21/2012 11:09:45 PM:General:-1: 0: Verbose: :Exiting initailize in InterfaceManager
4/21/2012 11:09:47 PM:General:-1: 0: Information: :Started Wei Service
4/21/2012 11:11:38 PM:General:-1: 0: Information: :Starting Wei Service
4/21/2012 11:11:39 PM:General:-1: 0: Information: :Error reading mapfile:C:\Telavance\Development\Wei\code\WeiService\data\Traditional Chinese.ctc.map for line:System.String[].Exception Message:Item has already been added. Key in dictionary: '0488'  Key being added: '0488'
4/21/2012 11:11:39 PM:General:-1: 0: Information: :Error reading mapfile:C:\Telavance\Development\Wei\code\WeiService\data\Traditional Chinese.ctc.map for line:System.String[].Exception Message:Item has already been added. Key in dictionary: '6480'  Key being added: '6480'
4/21/2012 11:11:39 PM:General:-1: 0: Verbose: :Starting initailize in InterfaceManager
4/21/2012 11:11:39 PM:General:-1: 0: Verbose: :Executed getInterfaces
4/21/2012 11:11:39 PM:General:-1: 0: Verbose: :Has data from getInterfaces
4/21/2012 11:11:39 PM:General:-1: 0: Information: :Starting Interface:MQDriver1 with interface id 3 DriverType:MQ Driver HandlerType: PRIME
4/21/2012 11:11:39 PM:General:-1: 0: Information: :config:remote:False;queueManager:QM_MQ1;connectionName:;channelName:;inputQueue:WeiInput;okQueue:WeiOk;confirmQueue:WeiConfirm;errorQueue:WeiError;ofacInputQueue:PrimeInput;ofacOkQueue:PrimeOk;ofacConfirmQueue:PrimeConfirm
4/21/2012 11:11:39 PM:General:-1: 0: Information: :Succesully connected to the queue manager:QM_MQ1
4/21/2012 11:11:39 PM:General:-1: 0: Information: :Succesully connected to the queue:WeiInput
4/21/2012 11:11:39 PM:General:-1: 0: Information: :Succesully connected to the queue:WeiOk
4/21/2012 11:11:39 PM:General:-1: 0: Information: :Succesully connected to the queue:WeiConfirm
4/21/2012 11:11:39 PM:General:-1: 0: Information: :Succesully connected to the queue:WeiError
4/21/2012 11:11:39 PM:General:-1: 0: Information: :Succesully connected to the queue:PrimeInput
4/21/2012 11:11:39 PM:General:-1: 0: Information: :Succesully connected to the queue:PrimeOk
4/21/2012 11:11:39 PM:General:-1: 0: Information: :Succesully connected to the queue:PrimeConfirm
4/21/2012 11:11:39 PM:General:-1: 0: Information: :Started Interface:MQDriver1
4/21/2012 11:11:39 PM:General:-1: 0: Verbose: :Exiting initailize in InterfaceManager
4/21/2012 11:11:41 PM:General:-1: 0: Information: :Started Wei Service
4/21/2012 11:17:35 PM:General:-1: 0: Information: :Starting Wei Service
4/21/2012 11:17:36 PM:General:-1: 0: Information: :Error reading mapfile:C:\Telavance\Development\Wei\code\WeiService\data\Traditional Chinese.ctc.map for line:System.String[].Exception Message:Item has already been added. Key in dictionary: '0488'  Key being added: '0488'
4/21/2012 11:17:36 PM:General:-1: 0: Information: :Error reading mapfile:C:\Telavance\Development\Wei\code\WeiService\data\Traditional Chinese.ctc.map for line:System.String[].Exception Message:Item has already been added. Key in dictionary: '6480'  Key being added: '6480'
4/21/2012 11:17:36 PM:General:-1: 0: Verbose: :Starting initailize in InterfaceManager
4/21/2012 11:17:36 PM:General:-1: 0: Verbose: :Executed getInterfaces
4/21/2012 11:17:36 PM:General:-1: 0: Verbose: :Has data from getInterfaces
4/21/2012 11:17:36 PM:General:-1: 0: Information: :Starting Interface:MQDriver1 with interface id 3 DriverType:MQ Driver HandlerType: PRIME
4/21/2012 11:17:36 PM:General:-1: 0: Information: :config:remote:False;queueManager:QM_MQ1;connectionName:;channelName:;inputQueue:WeiInput;okQueue:WeiOk;confirmQueue:WeiConfirm;errorQueue:WeiError;ofacInputQueue:PrimeInput;ofacOkQueue:PrimeOk;ofacConfirmQueue:PrimeConfirm
4/21/2012 11:17:37 PM:General:-1: 0: Information: :Succesully connected to the queue manager:QM_MQ1
4/21/2012 11:17:37 PM:General:-1: 0: Information: :Succesully connected to the queue:WeiInput
4/21/2012 11:17:37 PM:General:-1: 0: Information: :Succesully connected to the queue:WeiOk
4/21/2012 11:17:37 PM:General:-1: 0: Information: :Succesully connected to the queue:WeiConfirm
4/21/2012 11:17:37 PM:General:-1: 0: Information: :Succesully connected to the queue:WeiError
4/21/2012 11:17:37 PM:General:-1: 0: Information: :Succesully connected to the queue:PrimeInput
4/21/2012 11:17:37 PM:General:-1: 0: Information: :Succesully connected to the queue:PrimeOk
4/21/2012 11:17:37 PM:General:-1: 0: Information: :Succesully connected to the queue:PrimeConfirm
4/21/2012 11:17:37 PM:General:-1: 0: Information: :Started Interface:MQDriver1
4/21/2012 11:17:37 PM:General:-1: 0: Verbose: :Exiting initailize in InterfaceManager
4/21/2012 11:17:38 PM:General:-1: 0: Information: :Started Wei Service
4/21/2012 11:19:32 PM:General:-1: 0: Information: :Starting Wei Service
4/21/2012 11:19:32 PM:General:-1: 0: Information: :Error reading mapfile:C:\Telavance\Development\Wei\code\WeiService\data\Traditional Chinese.ctc.map for line:System.String[].Exception Message:Item has already been added. Key in dictionary: '0488'  Key being added: '0488'
4/21/2012 11:19:32 PM:General:-1: 0: Information: :Error reading mapfile:C:\Telavance\Development\Wei\code\WeiService\data\Traditional Chinese.ctc.map for line:System.String[].Exception Message:Item has already been added. Key in dictionary: '6480'  Key being added: '6480'
4/21/2012 11:19:32 PM:General:-1: 0: Verbose: :Starting initailize in InterfaceManager
4/21/2012 11:19:32 PM:General:-1: 0: Verbose: :Executed getInterfaces
4/21/2012 11:19:32 PM:General:-1: 0: Verbose: :Has data from getInterfaces
4/21/2012 11:19:32 PM:General:-1: 0: Information: :Starting Interface:MQDriver1 with interface id 3 DriverType:MQ Driver HandlerType: PRIME
4/21/2012 11:19:33 PM:General:-1: 0: Information: :config:remote:False;queueManager:QM_MQ1;connectionName:;channelName:;inputQueue:WeiInput;okQueue:WeiOk;confirmQueue:WeiConfirm;errorQueue:WeiError;ofacInputQueue:PrimeInput;ofacOkQueue:PrimeOk;ofacConfirmQueue:PrimeConfirm
4/21/2012 11:19:35 PM:General:-1: 0: Information: :Succesully connected to the queue manager:QM_MQ1
4/21/2012 11:19:35 PM:General:-1: 0: Information: :Succesully connected to the queue:WeiInput
4/21/2012 11:19:35 PM:General:-1: 0: Information: :Succesully connected to the queue:WeiOk
4/21/2012 11:19:35 PM:General:-1: 0: Information: :Succesully connected to the queue:WeiConfirm
4/21/2012 11:19:35 PM:General:-1: 0: Information: :Succesully connected to the queue:WeiError
4/21/2012 11:19:35 PM:General:-1: 0: Information: :Succesully connected to the queue:PrimeInput
4/21/2012 11:19:35 PM:General:-1: 0: Information: :Succesully connected to the queue:PrimeOk
4/21/2012 11:19:35 PM:General:-1: 0: Information: :Succesully connected to the queue:PrimeConfirm
4/21/2012 11:19:35 PM:General:-1: 0: Information: :Started Interface:MQDriver1
4/21/2012 11:19:35 PM:General:-1: 0: Verbose: :Exiting initailize in InterfaceManager
4/21/2012 11:19:37 PM:General:-1: 0: Information: :Started Wei Service
4/21/2012 11:29:43 PM:General:-1: 0: Information: :Starting Wei Service
4/21/2012 11:29:43 PM:General:-1: 0: Information: :Error reading mapfile:C:\Telavance\Development\Wei\code\WeiService\data\Traditional Chinese.ctc.map for line:System.String[].Exception Message:Item has already been added. Key in dictionary: '0488'  Key being added: '0488'
4/21/2012 11:29:43 PM:General:-1: 0: Information: :Error reading mapfile:C:\Telavance\Development\Wei\code\WeiService\data\Traditional Chinese.ctc.map for line:System.String[].Exception Message:Item has already been added. Key in dictionary: '6480'  Key being added: '6480'
4/21/2012 11:29:43 PM:General:-1: 0: Verbose: :Starting initailize in InterfaceManager
4/21/2012 11:29:43 PM:General:-1: 0: Verbose: :Executed getInterfaces
4/21/2012 11:29:43 PM:General:-1: 0: Verbose: :Has data from getInterfaces
4/21/2012 11:29:43 PM:General:-1: 0: Information: :Starting Interface:MQDriver1 with interface id 3 DriverType:MQ Driver HandlerType: PRIME
4/21/2012 11:29:44 PM:General:-1: 0: Information: :config:remote:False;queueManager:QM_MQ1;connectionName:;channelName:;inputQueue:WeiInput;okQueue:WeiOk;confirmQueue:WeiConfirm;errorQueue:WeiError;ofacInputQueue:PrimeInput;ofacOkQueue:PrimeOk;ofacConfirmQueue:PrimeConfirm
4/21/2012 11:29:44 PM:General:-1: 0: Information: :Succesully connected to the queue manager:QM_MQ1
4/21/2012 11:29:44 PM:General:-1: 0: Information: :Succesully connected to the queue:WeiInput
4/21/2012 11:29:44 PM:General:-1: 0: Information: :Succesully connected to the queue:WeiOk
4/21/2012 11:29:44 PM:General:-1: 0: Information: :Succesully connected to the queue:WeiConfirm
4/21/2012 11:29:44 PM:General:-1: 0: Information: :Succesully connected to the queue:WeiError
4/21/2012 11:29:44 PM:General:-1: 0: Information: :Succesully connected to the queue:PrimeInput
4/21/2012 11:29:44 PM:General:-1: 0: Information: :Succesully connected to the queue:PrimeOk
4/21/2012 11:29:44 PM:General:-1: 0: Information: :Succesully connected to the queue:PrimeConfirm
4/21/2012 11:29:44 PM:General:-1: 0: Information: :Started Interface:MQDriver1
4/21/2012 11:29:44 PM:General:-1: 0: Verbose: :Exiting initailize in InterfaceManager
4/21/2012 11:29:45 PM:General:-1: 0: Information: :Started Wei Service
4/21/2012 11:41:12 PM:General:-1: 0: Information: :Starting Wei Service
4/21/2012 11:41:12 PM:General:-1: 0: Information: :Error reading mapfile:C:\Telavance\Development\Wei\code\WeiService\data\Traditional Chinese.ctc.map for line:System.String[].Exception Message:Item has already been added. Key in dictionary: '0488'  Key being added: '0488'
4/21/2012 11:41:12 PM:General:-1: 0: Information: :Error reading mapfile:C:\Telavance\Development\Wei\code\WeiService\data\Traditional Chinese.ctc.map for line:System.String[].Exception Message:Item has already been added. Key in dictionary: '6480'  Key being added: '6480'
4/21/2012 11:41:12 PM:General:-1: 0: Verbose: :Starting initailize in InterfaceManager
4/21/2012 11:41:13 PM:General:-1: 0: Verbose: :Executed getInterfaces
4/21/2012 11:41:13 PM:General:-1: 0: Verbose: :Has data from getInterfaces
4/21/2012 11:41:13 PM:General:-1: 0: Information: :Starting Interface:MQDriver1 with interface id 3 DriverType:MQ Driver HandlerType: PRIME
4/21/2012 11:41:13 PM:General:-1: 0: Information: :config:remote:False;queueManager:QM_MQ1;connectionName:;channelName:;inputQueue:WeiInput;okQueue:WeiOk;confirmQueue:WeiConfirm;errorQueue:WeiError;ofacInputQueue:PrimeInput;ofacOkQueue:PrimeOk;ofacConfirmQueue:PrimeConfirm
4/21/2012 11:41:13 PM:General:-1: 0: Information: :Succesully connected to the queue manager:QM_MQ1
4/21/2012 11:41:13 PM:General:-1: 0: Information: :Succesully connected to the queue:WeiInput
4/21/2012 11:41:13 PM:General:-1: 0: Information: :Succesully connected to the queue:WeiOk
4/21/2012 11:41:13 PM:General:-1: 0: Information: :Succesully connected to the queue:WeiConfirm
4/21/2012 11:41:13 PM:General:-1: 0: Information: :Succesully connected to the queue:WeiError
4/21/2012 11:41:13 PM:General:-1: 0: Information: :Succesully connected to the queue:PrimeInput
4/21/2012 11:41:13 PM:General:-1: 0: Information: :Succesully connected to the queue:PrimeOk
4/21/2012 11:41:13 PM:General:-1: 0: Information: :Succesully connected to the queue:PrimeConfirm
4/21/2012 11:41:13 PM:General:-1: 0: Information: :Started Interface:MQDriver1
4/21/2012 11:41:13 PM:General:-1: 0: Verbose: :Exiting initailize in InterfaceManager
4/21/2012 11:41:15 PM:General:-1: 0: Information: :Started Wei Service
4/21/2012 11:42:56 PM:General:-1: 0: Information: :Starting Wei Service
4/21/2012 11:42:57 PM:General:-1: 0: Information: :Error reading mapfile:C:\Telavance\Development\Wei\code\WeiService\data\Traditional Chinese.ctc.map for line:System.String[].Exception Message:Item has already been added. Key in dictionary: '0488'  Key being added: '0488'
4/21/2012 11:42:57 PM:General:-1: 0: Information: :Error reading mapfile:C:\Telavance\Development\Wei\code\WeiService\data\Traditional Chinese.ctc.map for line:System.String[].Exception Message:Item has already been added. Key in dictionary: '6480'  Key being added: '6480'
4/21/2012 11:42:57 PM:General:-1: 0: Verbose: :Starting initailize in InterfaceManager
4/21/2012 11:42:57 PM:General:-1: 0: Verbose: :Executed getInterfaces
4/21/2012 11:42:57 PM:General:-1: 0: Verbose: :Has data from getInterfaces
4/21/2012 11:42:57 PM:General:-1: 0: Information: :Starting Interface:MQDriver1 with interface id 3 DriverType:MQ Driver HandlerType: PRIME
4/21/2012 11:42:57 PM:General:-1: 0: Information: :config:remote:False;queueManager:QM_MQ1;connectionName:;channelName:;inputQueue:WeiInput;okQueue:WeiOk;confirmQueue:WeiConfirm;errorQueue:WeiError;ofacInputQueue:PrimeInput;ofacOkQueue:PrimeOk;ofacConfirmQueue:PrimeConfirm
4/21/2012 11:42:57 PM:General:-1: 0: Information: :Succesully connected to the queue manager:QM_MQ1
4/21/2012 11:42:57 PM:General:-1: 0: Information: :Succesully connected to the queue:WeiInput
4/21/2012 11:42:57 PM:General:-1: 0: Information: :Succesully connected to the queue:WeiOk
4/21/2012 11:42:57 PM:General:-1: 0: Information: :Succesully connected to the queue:WeiConfirm
4/21/2012 11:42:57 PM:General:-1: 0: Information: :Succesully connected to the queue:WeiError
4/21/2012 11:42:57 PM:General:-1: 0: Information: :Succesully connected to the queue:PrimeInput
4/21/2012 11:42:57 PM:General:-1: 0: Information: :Succesully connected to the queue:PrimeOk
4/21/2012 11:42:57 PM:General:-1: 0: Information: :Succesully connected to the queue:PrimeConfirm
4/21/2012 11:42:57 PM:General:-1: 0: Information: :Started Interface:MQDriver1
4/21/2012 11:42:57 PM:General:-1: 0: Verbose: :Exiting initailize in InterfaceManager
4/21/2012 11:42:57 PM:General:-1: 0: Information: :Started Wei Service
