11/5/2011 11:18:06 PM:General:-1: 0: Information: :Starting Wei Service
11/5/2011 11:18:35 PM:General:-1: 0: Information: :Error reading mapfile:C:\Telavance\Development\Wei\code\WeiService\data/Traditional Chinese.ctc.map for line:System.String[].Exception Message:Item has already been added. Key in dictionary: '0488'  Key being added: '0488'
11/5/2011 11:18:35 PM:General:-1: 0: Information: :Error reading mapfile:C:\Telavance\Development\Wei\code\WeiService\data/Traditional Chinese.ctc.map for line:System.String[].Exception Message:Item has already been added. Key in dictionary: '6480'  Key being added: '6480'
11/5/2011 11:18:36 PM:General:-1: 0: Verbose: :Starting initailize in InterfaceManager
11/5/2011 11:18:36 PM:General:-1: 0: Verbose: :Executed getInterfaces
11/5/2011 11:18:36 PM:General:-1: 0: Verbose: :Has data from getInterfaces
11/5/2011 11:18:36 PM:General:-1: 0: Information: :Starting Interface:FileDriver1 with interface id 1 DriverType:File Driver HandlerType: PRIME
11/5/2011 11:18:36 PM:General:-1: 0: Error: :Error getting type:Telavance.AdvantageSuite.Wei.PrimeHandler.PrimeHandler from dll C:/wei/bin/PrimeHandler.dll. ExceptionMessage:Could not load file or assembly 'file:///C:\wei\bin\PrimeHandler.dll' or one of its dependencies. The system cannot find the file specified.
11/5/2011 11:18:36 PM:General:-1: 0: Error: :   at System.Reflection.RuntimeAssembly._nLoad(AssemblyName fileName, String codeBase, Evidence assemblySecurity, RuntimeAssembly locationHint, StackCrawlMark& stackMark, Boolean throwOnFileNotFound, Boolean forIntrospection, Boolean suppressSecurityChecks)
   at System.Reflection.RuntimeAssembly.nLoad(AssemblyName fileName, String codeBase, Evidence assemblySecurity, RuntimeAssembly locationHint, StackCrawlMark& stackMark, Boolean throwOnFileNotFound, Boolean forIntrospection, Boolean suppressSecurityChecks)
   at System.Reflection.RuntimeAssembly.InternalLoadAssemblyName(AssemblyName assemblyRef, Evidence assemblySecurity, StackCrawlMark& stackMark, Boolean forIntrospection, Boolean suppressSecurityChecks)
   at System.Reflection.RuntimeAssembly.InternalLoadFrom(String assemblyFile, Evidence securityEvidence, Byte[] hashValue, AssemblyHashAlgorithm hashAlgorithm, Boolean forIntrospection, Boolean suppressSecurityChecks, StackCrawlMark& stackMark)
   at System.Reflection.Assembly.LoadFrom(String assemblyFile)
   at Telavance.AdvantageSuite.Wei.WeiCommon.TypeUtil.getType(String dll, String typeName, Type expected) in C:\Telavance\Development\Wei\code\WeiCommon\util\TypeUtil.cs:line 57
11/5/2011 11:18:36 PM:General:-1: 0: Information: :Cannot load typeName=Telavance.AdvantageSuite.Wei.PrimeHandler.PrimeHandler in dll=C:/wei/bin/PrimeHandler.dll
11/5/2011 11:18:36 PM:General:-1: 0: Error: :Error getting type:Telavance.AdvantageSuite.Wei.FileDriver.FileDriver from dll C:/wei/bin/FileDriver.dll. ExceptionMessage:Could not load file or assembly 'file:///C:\wei\bin\FileDriver.dll' or one of its dependencies. The system cannot find the file specified.
11/5/2011 11:18:36 PM:General:-1: 0: Error: :   at System.Reflection.RuntimeAssembly._nLoad(AssemblyName fileName, String codeBase, Evidence assemblySecurity, RuntimeAssembly locationHint, StackCrawlMark& stackMark, Boolean throwOnFileNotFound, Boolean forIntrospection, Boolean suppressSecurityChecks)
   at System.Reflection.RuntimeAssembly.nLoad(AssemblyName fileName, String codeBase, Evidence assemblySecurity, RuntimeAssembly locationHint, StackCrawlMark& stackMark, Boolean throwOnFileNotFound, Boolean forIntrospection, Boolean suppressSecurityChecks)
   at System.Reflection.RuntimeAssembly.InternalLoadAssemblyName(AssemblyName assemblyRef, Evidence assemblySecurity, StackCrawlMark& stackMark, Boolean forIntrospection, Boolean suppressSecurityChecks)
   at System.Reflection.RuntimeAssembly.InternalLoadFrom(String assemblyFile, Evidence securityEvidence, Byte[] hashValue, AssemblyHashAlgorithm hashAlgorithm, Boolean forIntrospection, Boolean suppressSecurityChecks, StackCrawlMark& stackMark)
   at System.Reflection.Assembly.LoadFrom(String assemblyFile)
   at Telavance.AdvantageSuite.Wei.WeiCommon.TypeUtil.getType(String dll, String typeName, Type expected) in C:\Telavance\Development\Wei\code\WeiCommon\util\TypeUtil.cs:line 57
11/5/2011 11:18:36 PM:General:-1: 0: Information: :Cannot load typeName=Telavance.AdvantageSuite.Wei.FileDriver.FileDriver in dll=C:/wei/bin/FileDriver.dll
11/5/2011 11:18:36 PM:General:-1: 0: Information: :Skipping Interface:FileDriver1 with interface id 1 DriverType:File Driver HandlerType: PRIME. Handler= and driver=
11/5/2011 11:18:36 PM:General:-1: 0: Verbose: :Has data from getInterfaces
11/5/2011 11:18:36 PM:General:-1: 0: Information: :Starting Interface:FileDriver2 with interface id 2 DriverType:File Driver HandlerType: PRIME
11/5/2011 11:18:36 PM:General:-1: 0: Error: :Error getting type:Telavance.AdvantageSuite.Wei.PrimeHandler.PrimeHandler from dll C:/wei/bin/PrimeHandler.dll. ExceptionMessage:Could not load file or assembly 'file:///C:\wei\bin\PrimeHandler.dll' or one of its dependencies. The system cannot find the file specified.
11/5/2011 11:18:36 PM:General:-1: 0: Error: :   at System.Reflection.RuntimeAssembly._nLoad(AssemblyName fileName, String codeBase, Evidence assemblySecurity, RuntimeAssembly locationHint, StackCrawlMark& stackMark, Boolean throwOnFileNotFound, Boolean forIntrospection, Boolean suppressSecurityChecks)
   at System.Reflection.RuntimeAssembly.nLoad(AssemblyName fileName, String codeBase, Evidence assemblySecurity, RuntimeAssembly locationHint, StackCrawlMark& stackMark, Boolean throwOnFileNotFound, Boolean forIntrospection, Boolean suppressSecurityChecks)
   at System.Reflection.RuntimeAssembly.InternalLoadAssemblyName(AssemblyName assemblyRef, Evidence assemblySecurity, StackCrawlMark& stackMark, Boolean forIntrospection, Boolean suppressSecurityChecks)
   at System.Reflection.RuntimeAssembly.InternalLoadFrom(String assemblyFile, Evidence securityEvidence, Byte[] hashValue, AssemblyHashAlgorithm hashAlgorithm, Boolean forIntrospection, Boolean suppressSecurityChecks, StackCrawlMark& stackMark)
   at System.Reflection.Assembly.LoadFrom(String assemblyFile)
   at Telavance.AdvantageSuite.Wei.WeiCommon.TypeUtil.getType(String dll, String typeName, Type expected) in C:\Telavance\Development\Wei\code\WeiCommon\util\TypeUtil.cs:line 57
11/5/2011 11:18:36 PM:General:-1: 0: Information: :Cannot load typeName=Telavance.AdvantageSuite.Wei.PrimeHandler.PrimeHandler in dll=C:/wei/bin/PrimeHandler.dll
11/5/2011 11:18:36 PM:General:-1: 0: Error: :Error getting type:Telavance.AdvantageSuite.Wei.FileDriver.FileDriver from dll C:/wei/bin/FileDriver.dll. ExceptionMessage:Could not load file or assembly 'file:///C:\wei\bin\FileDriver.dll' or one of its dependencies. The system cannot find the file specified.
11/5/2011 11:18:36 PM:General:-1: 0: Error: :   at System.Reflection.RuntimeAssembly._nLoad(AssemblyName fileName, String codeBase, Evidence assemblySecurity, RuntimeAssembly locationHint, StackCrawlMark& stackMark, Boolean throwOnFileNotFound, Boolean forIntrospection, Boolean suppressSecurityChecks)
   at System.Reflection.RuntimeAssembly.nLoad(AssemblyName fileName, String codeBase, Evidence assemblySecurity, RuntimeAssembly locationHint, StackCrawlMark& stackMark, Boolean throwOnFileNotFound, Boolean forIntrospection, Boolean suppressSecurityChecks)
   at System.Reflection.RuntimeAssembly.InternalLoadAssemblyName(AssemblyName assemblyRef, Evidence assemblySecurity, StackCrawlMark& stackMark, Boolean forIntrospection, Boolean suppressSecurityChecks)
   at System.Reflection.RuntimeAssembly.InternalLoadFrom(String assemblyFile, Evidence securityEvidence, Byte[] hashValue, AssemblyHashAlgorithm hashAlgorithm, Boolean forIntrospection, Boolean suppressSecurityChecks, StackCrawlMark& stackMark)
   at System.Reflection.Assembly.LoadFrom(String assemblyFile)
   at Telavance.AdvantageSuite.Wei.WeiCommon.TypeUtil.getType(String dll, String typeName, Type expected) in C:\Telavance\Development\Wei\code\WeiCommon\util\TypeUtil.cs:line 57
11/5/2011 11:18:36 PM:General:-1: 0: Information: :Cannot load typeName=Telavance.AdvantageSuite.Wei.FileDriver.FileDriver in dll=C:/wei/bin/FileDriver.dll
11/5/2011 11:18:36 PM:General:-1: 0: Information: :Skipping Interface:FileDriver2 with interface id 2 DriverType:File Driver HandlerType: PRIME. Handler= and driver=
11/5/2011 11:18:36 PM:General:-1: 0: Verbose: :Has data from getInterfaces
11/5/2011 11:18:36 PM:General:-1: 0: Information: :Starting Interface:MQDriver1 with interface id 3 DriverType:MQ Driver HandlerType: PRIME
11/5/2011 11:18:36 PM:General:-1: 0: Error: :Error getting type:Telavance.AdvantageSuite.Wei.PrimeHandler.PrimeHandler from dll C:/wei/bin/PrimeHandler.dll. ExceptionMessage:Could not load file or assembly 'file:///C:\wei\bin\PrimeHandler.dll' or one of its dependencies. The system cannot find the file specified.
11/5/2011 11:18:36 PM:General:-1: 0: Error: :   at System.Reflection.RuntimeAssembly._nLoad(AssemblyName fileName, String codeBase, Evidence assemblySecurity, RuntimeAssembly locationHint, StackCrawlMark& stackMark, Boolean throwOnFileNotFound, Boolean forIntrospection, Boolean suppressSecurityChecks)
   at System.Reflection.RuntimeAssembly.nLoad(AssemblyName fileName, String codeBase, Evidence assemblySecurity, RuntimeAssembly locationHint, StackCrawlMark& stackMark, Boolean throwOnFileNotFound, Boolean forIntrospection, Boolean suppressSecurityChecks)
   at System.Reflection.RuntimeAssembly.InternalLoadAssemblyName(AssemblyName assemblyRef, Evidence assemblySecurity, StackCrawlMark& stackMark, Boolean forIntrospection, Boolean suppressSecurityChecks)
   at System.Reflection.RuntimeAssembly.InternalLoadFrom(String assemblyFile, Evidence securityEvidence, Byte[] hashValue, AssemblyHashAlgorithm hashAlgorithm, Boolean forIntrospection, Boolean suppressSecurityChecks, StackCrawlMark& stackMark)
   at System.Reflection.Assembly.LoadFrom(String assemblyFile)
   at Telavance.AdvantageSuite.Wei.WeiCommon.TypeUtil.getType(String dll, String typeName, Type expected) in C:\Telavance\Development\Wei\code\WeiCommon\util\TypeUtil.cs:line 57
11/5/2011 11:18:36 PM:General:-1: 0: Information: :Cannot load typeName=Telavance.AdvantageSuite.Wei.PrimeHandler.PrimeHandler in dll=C:/wei/bin/PrimeHandler.dll
11/5/2011 11:18:36 PM:General:-1: 0: Error: :Error getting type:Telavance.AdvantageSuite.Wei.MQDriver.MQDriver from dll C:/wei/bin/MQDriver.dll. ExceptionMessage:Could not load file or assembly 'file:///C:\wei\bin\MQDriver.dll' or one of its dependencies. The system cannot find the file specified.
11/5/2011 11:18:36 PM:General:-1: 0: Error: :   at System.Reflection.RuntimeAssembly._nLoad(AssemblyName fileName, String codeBase, Evidence assemblySecurity, RuntimeAssembly locationHint, StackCrawlMark& stackMark, Boolean throwOnFileNotFound, Boolean forIntrospection, Boolean suppressSecurityChecks)
   at System.Reflection.RuntimeAssembly.nLoad(AssemblyName fileName, String codeBase, Evidence assemblySecurity, RuntimeAssembly locationHint, StackCrawlMark& stackMark, Boolean throwOnFileNotFound, Boolean forIntrospection, Boolean suppressSecurityChecks)
   at System.Reflection.RuntimeAssembly.InternalLoadAssemblyName(AssemblyName assemblyRef, Evidence assemblySecurity, StackCrawlMark& stackMark, Boolean forIntrospection, Boolean suppressSecurityChecks)
   at System.Reflection.RuntimeAssembly.InternalLoadFrom(String assemblyFile, Evidence securityEvidence, Byte[] hashValue, AssemblyHashAlgorithm hashAlgorithm, Boolean forIntrospection, Boolean suppressSecurityChecks, StackCrawlMark& stackMark)
   at System.Reflection.Assembly.LoadFrom(String assemblyFile)
   at Telavance.AdvantageSuite.Wei.WeiCommon.TypeUtil.getType(String dll, String typeName, Type expected) in C:\Telavance\Development\Wei\code\WeiCommon\util\TypeUtil.cs:line 57
11/5/2011 11:18:36 PM:General:-1: 0: Information: :Cannot load typeName=Telavance.AdvantageSuite.Wei.MQDriver.MQDriver in dll=C:/wei/bin/MQDriver.dll
11/5/2011 11:18:36 PM:General:-1: 0: Information: :Skipping Interface:MQDriver1 with interface id 3 DriverType:MQ Driver HandlerType: PRIME. Handler= and driver=
11/5/2011 11:18:36 PM:General:-1: 0: Verbose: :Exiting initailize in InterfaceManager
11/5/2011 11:18:50 PM:General:-1: 0: Information: :Started Wei Service
11/5/2011 11:24:28 PM:General:-1: 0: Information: :Starting Wei Service
11/5/2011 11:24:28 PM:General:-1: 0: Information: :Error reading mapfile:C:\Telavance\Development\Wei\code\WeiService\data/Traditional Chinese.ctc.map for line:System.String[].Exception Message:Item has already been added. Key in dictionary: '0488'  Key being added: '0488'
11/5/2011 11:24:28 PM:General:-1: 0: Information: :Error reading mapfile:C:\Telavance\Development\Wei\code\WeiService\data/Traditional Chinese.ctc.map for line:System.String[].Exception Message:Item has already been added. Key in dictionary: '6480'  Key being added: '6480'
11/5/2011 11:25:53 PM:General:-1: 0: Verbose: :Starting initailize in InterfaceManager
11/5/2011 11:25:53 PM:General:-1: 0: Verbose: :Executed getInterfaces
11/5/2011 11:25:53 PM:General:-1: 0: Verbose: :Has data from getInterfaces
11/5/2011 11:25:53 PM:General:-1: 0: Information: :Starting Interface:FileDriver1 with interface id 1 DriverType:File Driver HandlerType: PRIME
11/5/2011 11:25:53 PM:General:-1: 0: Error: :Error getting type:Telavance.AdvantageSuite.Wei.PrimeHandler.PrimeHandler from dll C:/wei/bin/PrimeHandler.dll. ExceptionMessage:Could not load file or assembly 'file:///C:\wei\bin\PrimeHandler.dll' or one of its dependencies. The system cannot find the file specified.
11/5/2011 11:25:53 PM:General:-1: 0: Error: :   at System.Reflection.RuntimeAssembly._nLoad(AssemblyName fileName, String codeBase, Evidence assemblySecurity, RuntimeAssembly locationHint, StackCrawlMark& stackMark, Boolean throwOnFileNotFound, Boolean forIntrospection, Boolean suppressSecurityChecks)
   at System.Reflection.RuntimeAssembly.nLoad(AssemblyName fileName, String codeBase, Evidence assemblySecurity, RuntimeAssembly locationHint, StackCrawlMark& stackMark, Boolean throwOnFileNotFound, Boolean forIntrospection, Boolean suppressSecurityChecks)
   at System.Reflection.RuntimeAssembly.InternalLoadAssemblyName(AssemblyName assemblyRef, Evidence assemblySecurity, StackCrawlMark& stackMark, Boolean forIntrospection, Boolean suppressSecurityChecks)
   at System.Reflection.RuntimeAssembly.InternalLoadFrom(String assemblyFile, Evidence securityEvidence, Byte[] hashValue, AssemblyHashAlgorithm hashAlgorithm, Boolean forIntrospection, Boolean suppressSecurityChecks, StackCrawlMark& stackMark)
   at System.Reflection.Assembly.LoadFrom(String assemblyFile)
   at Telavance.AdvantageSuite.Wei.WeiCommon.TypeUtil.getType(String dll, String typeName, Type expected) in C:\Telavance\Development\Wei\code\WeiCommon\util\TypeUtil.cs:line 57
11/5/2011 11:25:53 PM:General:-1: 0: Information: :Cannot load typeName=Telavance.AdvantageSuite.Wei.PrimeHandler.PrimeHandler in dll=C:/wei/bin/PrimeHandler.dll
11/5/2011 11:25:53 PM:General:-1: 0: Error: :Error getting type:Telavance.AdvantageSuite.Wei.FileDriver.FileDriver from dll C:/wei/bin/FileDriver.dll. ExceptionMessage:Could not load file or assembly 'file:///C:\wei\bin\FileDriver.dll' or one of its dependencies. The system cannot find the file specified.
11/5/2011 11:25:53 PM:General:-1: 0: Error: :   at System.Reflection.RuntimeAssembly._nLoad(AssemblyName fileName, String codeBase, Evidence assemblySecurity, RuntimeAssembly locationHint, StackCrawlMark& stackMark, Boolean throwOnFileNotFound, Boolean forIntrospection, Boolean suppressSecurityChecks)
   at System.Reflection.RuntimeAssembly.nLoad(AssemblyName fileName, String codeBase, Evidence assemblySecurity, RuntimeAssembly locationHint, StackCrawlMark& stackMark, Boolean throwOnFileNotFound, Boolean forIntrospection, Boolean suppressSecurityChecks)
   at System.Reflection.RuntimeAssembly.InternalLoadAssemblyName(AssemblyName assemblyRef, Evidence assemblySecurity, StackCrawlMark& stackMark, Boolean forIntrospection, Boolean suppressSecurityChecks)
   at System.Reflection.RuntimeAssembly.InternalLoadFrom(String assemblyFile, Evidence securityEvidence, Byte[] hashValue, AssemblyHashAlgorithm hashAlgorithm, Boolean forIntrospection, Boolean suppressSecurityChecks, StackCrawlMark& stackMark)
   at System.Reflection.Assembly.LoadFrom(String assemblyFile)
   at Telavance.AdvantageSuite.Wei.WeiCommon.TypeUtil.getType(String dll, String typeName, Type expected) in C:\Telavance\Development\Wei\code\WeiCommon\util\TypeUtil.cs:line 57
11/5/2011 11:25:53 PM:General:-1: 0: Information: :Cannot load typeName=Telavance.AdvantageSuite.Wei.FileDriver.FileDriver in dll=C:/wei/bin/FileDriver.dll
11/5/2011 11:25:53 PM:General:-1: 0: Information: :Skipping Interface:FileDriver1 with interface id 1 DriverType:File Driver HandlerType: PRIME. Handler= and driver=
11/5/2011 11:25:53 PM:General:-1: 0: Verbose: :Has data from getInterfaces
11/5/2011 11:25:53 PM:General:-1: 0: Information: :Starting Interface:FileDriver2 with interface id 2 DriverType:File Driver HandlerType: PRIME
11/5/2011 11:25:53 PM:General:-1: 0: Error: :Error getting type:Telavance.AdvantageSuite.Wei.PrimeHandler.PrimeHandler from dll C:/wei/bin/PrimeHandler.dll. ExceptionMessage:Could not load file or assembly 'file:///C:\wei\bin\PrimeHandler.dll' or one of its dependencies. The system cannot find the file specified.
11/5/2011 11:25:53 PM:General:-1: 0: Error: :   at System.Reflection.RuntimeAssembly._nLoad(AssemblyName fileName, String codeBase, Evidence assemblySecurity, RuntimeAssembly locationHint, StackCrawlMark& stackMark, Boolean throwOnFileNotFound, Boolean forIntrospection, Boolean suppressSecurityChecks)
   at System.Reflection.RuntimeAssembly.nLoad(AssemblyName fileName, String codeBase, Evidence assemblySecurity, RuntimeAssembly locationHint, StackCrawlMark& stackMark, Boolean throwOnFileNotFound, Boolean forIntrospection, Boolean suppressSecurityChecks)
   at System.Reflection.RuntimeAssembly.InternalLoadAssemblyName(AssemblyName assemblyRef, Evidence assemblySecurity, StackCrawlMark& stackMark, Boolean forIntrospection, Boolean suppressSecurityChecks)
   at System.Reflection.RuntimeAssembly.InternalLoadFrom(String assemblyFile, Evidence securityEvidence, Byte[] hashValue, AssemblyHashAlgorithm hashAlgorithm, Boolean forIntrospection, Boolean suppressSecurityChecks, StackCrawlMark& stackMark)
   at System.Reflection.Assembly.LoadFrom(String assemblyFile)
   at Telavance.AdvantageSuite.Wei.WeiCommon.TypeUtil.getType(String dll, String typeName, Type expected) in C:\Telavance\Development\Wei\code\WeiCommon\util\TypeUtil.cs:line 57
11/5/2011 11:25:53 PM:General:-1: 0: Information: :Cannot load typeName=Telavance.AdvantageSuite.Wei.PrimeHandler.PrimeHandler in dll=C:/wei/bin/PrimeHandler.dll
11/5/2011 11:25:53 PM:General:-1: 0: Error: :Error getting type:Telavance.AdvantageSuite.Wei.FileDriver.FileDriver from dll C:/wei/bin/FileDriver.dll. ExceptionMessage:Could not load file or assembly 'file:///C:\wei\bin\FileDriver.dll' or one of its dependencies. The system cannot find the file specified.
11/5/2011 11:25:53 PM:General:-1: 0: Error: :   at System.Reflection.RuntimeAssembly._nLoad(AssemblyName fileName, String codeBase, Evidence assemblySecurity, RuntimeAssembly locationHint, StackCrawlMark& stackMark, Boolean throwOnFileNotFound, Boolean forIntrospection, Boolean suppressSecurityChecks)
   at System.Reflection.RuntimeAssembly.nLoad(AssemblyName fileName, String codeBase, Evidence assemblySecurity, RuntimeAssembly locationHint, StackCrawlMark& stackMark, Boolean throwOnFileNotFound, Boolean forIntrospection, Boolean suppressSecurityChecks)
   at System.Reflection.RuntimeAssembly.InternalLoadAssemblyName(AssemblyName assemblyRef, Evidence assemblySecurity, StackCrawlMark& stackMark, Boolean forIntrospection, Boolean suppressSecurityChecks)
   at System.Reflection.RuntimeAssembly.InternalLoadFrom(String assemblyFile, Evidence securityEvidence, Byte[] hashValue, AssemblyHashAlgorithm hashAlgorithm, Boolean forIntrospection, Boolean suppressSecurityChecks, StackCrawlMark& stackMark)
   at System.Reflection.Assembly.LoadFrom(String assemblyFile)
   at Telavance.AdvantageSuite.Wei.WeiCommon.TypeUtil.getType(String dll, String typeName, Type expected) in C:\Telavance\Development\Wei\code\WeiCommon\util\TypeUtil.cs:line 57
11/5/2011 11:25:53 PM:General:-1: 0: Information: :Cannot load typeName=Telavance.AdvantageSuite.Wei.FileDriver.FileDriver in dll=C:/wei/bin/FileDriver.dll
11/5/2011 11:25:53 PM:General:-1: 0: Information: :Skipping Interface:FileDriver2 with interface id 2 DriverType:File Driver HandlerType: PRIME. Handler= and driver=
11/5/2011 11:25:53 PM:General:-1: 0: Verbose: :Has data from getInterfaces
11/5/2011 11:25:53 PM:General:-1: 0: Information: :Starting Interface:MQDriver1 with interface id 3 DriverType:MQ Driver HandlerType: PRIME
11/5/2011 11:25:53 PM:General:-1: 0: Error: :Error getting type:Telavance.AdvantageSuite.Wei.PrimeHandler.PrimeHandler from dll C:/wei/bin/PrimeHandler.dll. ExceptionMessage:Could not load file or assembly 'file:///C:\wei\bin\PrimeHandler.dll' or one of its dependencies. The system cannot find the file specified.
11/5/2011 11:25:53 PM:General:-1: 0: Error: :   at System.Reflection.RuntimeAssembly._nLoad(AssemblyName fileName, String codeBase, Evidence assemblySecurity, RuntimeAssembly locationHint, StackCrawlMark& stackMark, Boolean throwOnFileNotFound, Boolean forIntrospection, Boolean suppressSecurityChecks)
   at System.Reflection.RuntimeAssembly.nLoad(AssemblyName fileName, String codeBase, Evidence assemblySecurity, RuntimeAssembly locationHint, StackCrawlMark& stackMark, Boolean throwOnFileNotFound, Boolean forIntrospection, Boolean suppressSecurityChecks)
   at System.Reflection.RuntimeAssembly.InternalLoadAssemblyName(AssemblyName assemblyRef, Evidence assemblySecurity, StackCrawlMark& stackMark, Boolean forIntrospection, Boolean suppressSecurityChecks)
   at System.Reflection.RuntimeAssembly.InternalLoadFrom(String assemblyFile, Evidence securityEvidence, Byte[] hashValue, AssemblyHashAlgorithm hashAlgorithm, Boolean forIntrospection, Boolean suppressSecurityChecks, StackCrawlMark& stackMark)
   at System.Reflection.Assembly.LoadFrom(String assemblyFile)
   at Telavance.AdvantageSuite.Wei.WeiCommon.TypeUtil.getType(String dll, String typeName, Type expected) in C:\Telavance\Development\Wei\code\WeiCommon\util\TypeUtil.cs:line 57
11/5/2011 11:25:53 PM:General:-1: 0: Information: :Cannot load typeName=Telavance.AdvantageSuite.Wei.PrimeHandler.PrimeHandler in dll=C:/wei/bin/PrimeHandler.dll
11/5/2011 11:25:53 PM:General:-1: 0: Error: :Error getting type:Telavance.AdvantageSuite.Wei.MQDriver.MQDriver from dll C:/wei/bin/MQDriver.dll. ExceptionMessage:Could not load file or assembly 'file:///C:\wei\bin\MQDriver.dll' or one of its dependencies. The system cannot find the file specified.
11/5/2011 11:25:53 PM:General:-1: 0: Error: :   at System.Reflection.RuntimeAssembly._nLoad(AssemblyName fileName, String codeBase, Evidence assemblySecurity, RuntimeAssembly locationHint, StackCrawlMark& stackMark, Boolean throwOnFileNotFound, Boolean forIntrospection, Boolean suppressSecurityChecks)
   at System.Reflection.RuntimeAssembly.nLoad(AssemblyName fileName, String codeBase, Evidence assemblySecurity, RuntimeAssembly locationHint, StackCrawlMark& stackMark, Boolean throwOnFileNotFound, Boolean forIntrospection, Boolean suppressSecurityChecks)
   at System.Reflection.RuntimeAssembly.InternalLoadAssemblyName(AssemblyName assemblyRef, Evidence assemblySecurity, StackCrawlMark& stackMark, Boolean forIntrospection, Boolean suppressSecurityChecks)
   at System.Reflection.RuntimeAssembly.InternalLoadFrom(String assemblyFile, Evidence securityEvidence, Byte[] hashValue, AssemblyHashAlgorithm hashAlgorithm, Boolean forIntrospection, Boolean suppressSecurityChecks, StackCrawlMark& stackMark)
   at System.Reflection.Assembly.LoadFrom(String assemblyFile)
   at Telavance.AdvantageSuite.Wei.WeiCommon.TypeUtil.getType(String dll, String typeName, Type expected) in C:\Telavance\Development\Wei\code\WeiCommon\util\TypeUtil.cs:line 57
11/5/2011 11:25:53 PM:General:-1: 0: Information: :Cannot load typeName=Telavance.AdvantageSuite.Wei.MQDriver.MQDriver in dll=C:/wei/bin/MQDriver.dll
11/5/2011 11:25:53 PM:General:-1: 0: Information: :Skipping Interface:MQDriver1 with interface id 3 DriverType:MQ Driver HandlerType: PRIME. Handler= and driver=
11/5/2011 11:25:53 PM:General:-1: 0: Verbose: :Exiting initailize in InterfaceManager
11/5/2011 11:26:16 PM:General:-1: 0: Information: :Started Wei Service
