10/06/2012 1:13:54 AM:General:-1: 0: Information: :Starting Wei Service
10/06/2012 1:13:54 AM:General:-1: 0: Information: :Error reading mapfile:C:\Telavance\Development\Wei\code\WeiService\data\Traditional Chinese.ctc.map for line:System.String[].Exception Message:Item has already been added. Key in dictionary: '0488'  Key being added: '0488'
10/06/2012 1:13:54 AM:General:-1: 0: Information: :Error reading mapfile:C:\Telavance\Development\Wei\code\WeiService\data\Traditional Chinese.ctc.map for line:System.String[].Exception Message:Item has already been added. Key in dictionary: '6480'  Key being added: '6480'
10/06/2012 1:14:02 AM:General:-1: 0: Verbose: :Starting initailize in InterfaceManager
10/06/2012 1:14:02 AM:General:-1: 0: Verbose: :Executed getInterfaces
10/06/2012 1:14:02 AM:General:-1: 0: Verbose: :Has data from getInterfaces
10/06/2012 1:14:02 AM:General:-1: 0: Information: :Starting Interface:MQDriver1 with interface id 3 DriverType:MQ Driver HandlerType: PRIME
10/06/2012 1:14:03 AM:General:-1: 0: Information: :config:remote:False;queueManager:QM_MQ1;connectionName:;channelName:;inputQueue:WeiInput;okQueue:WeiOk;confirmQueue:WeiConfirm;errorQueue:WeiError;ofacInputQueue:PrimeInput;ofacOkQueue:PrimeOk;ofacConfirmQueue:PrimeConfirm
10/06/2012 1:14:04 AM:General:-1: 0: Information: :Succesully connected to the queue manager:QM_MQ1
10/06/2012 1:14:04 AM:General:-1: 0: Information: :Succesully connected to the queue:WeiInput
10/06/2012 1:14:06 AM:General:-1: 0: Information: :Succesully connected to the queue:WeiOk
10/06/2012 1:14:06 AM:General:-1: 0: Information: :Succesully connected to the queue:WeiConfirm
10/06/2012 1:14:08 AM:General:-1: 0: Information: :Succesully connected to the queue:WeiError
10/06/2012 1:14:09 AM:General:-1: 0: Information: :Succesully connected to the queue:PrimeInput
10/06/2012 1:14:09 AM:General:-1: 0: Information: :Succesully connected to the queue:PrimeOk
10/06/2012 1:14:09 AM:General:-1: 0: Information: :Succesully connected to the queue:PrimeConfirm
10/06/2012 1:14:09 AM:General:-1: 0: Information: :Started Interface:MQDriver1
10/06/2012 1:14:09 AM:General:-1: 0: Verbose: :Exiting initailize in InterfaceManager
10/06/2012 1:14:11 AM:General:-1: 0: Information: :Started Wei Service
10/06/2012 6:01:16 PM:General:-1: 0: Information: :Starting Wei Service
10/06/2012 6:01:16 PM:General:-1: 0: Information: :Error reading mapfile:C:\Telavance\Development\Wei\code\WeiService\data\Traditional Chinese.ctc.map for line:System.String[].Exception Message:Item has already been added. Key in dictionary: '0488'  Key being added: '0488'
10/06/2012 6:01:16 PM:General:-1: 0: Information: :Error reading mapfile:C:\Telavance\Development\Wei\code\WeiService\data\Traditional Chinese.ctc.map for line:System.String[].Exception Message:Item has already been added. Key in dictionary: '6480'  Key being added: '6480'
10/06/2012 6:01:16 PM:General:-1: 0: Verbose: :Starting initailize in InterfaceManager
10/06/2012 6:01:16 PM:General:-1: 0: Verbose: :Executed getInterfaces
10/06/2012 6:01:16 PM:General:-1: 0: Verbose: :Has data from getInterfaces
10/06/2012 6:01:16 PM:General:-1: 0: Information: :Starting Interface:MQDriver1 with interface id 3 DriverType:MQ Driver HandlerType: PRIME
10/06/2012 6:01:17 PM:General:-1: 0: Information: :config:remote:False;queueManager:QM_MQ1;connectionName:;channelName:;inputQueue:WeiInput;okQueue:WeiOk;confirmQueue:WeiConfirm;errorQueue:WeiError;ofacInputQueue:PrimeInput;ofacOkQueue:PrimeOk;ofacConfirmQueue:PrimeConfirm
10/06/2012 6:01:18 PM:General:-1: 0: Information: :Succesully connected to the queue manager:QM_MQ1
10/06/2012 6:01:18 PM:General:-1: 0: Information: :Succesully connected to the queue:WeiInput
10/06/2012 6:01:18 PM:General:-1: 0: Information: :Succesully connected to the queue:WeiOk
10/06/2012 6:01:18 PM:General:-1: 0: Information: :Succesully connected to the queue:WeiConfirm
10/06/2012 6:01:18 PM:General:-1: 0: Information: :Succesully connected to the queue:WeiError
10/06/2012 6:01:18 PM:General:-1: 0: Information: :Succesully connected to the queue:PrimeInput
10/06/2012 6:01:18 PM:General:-1: 0: Information: :Succesully connected to the queue:PrimeOk
10/06/2012 6:01:18 PM:General:-1: 0: Information: :Succesully connected to the queue:PrimeConfirm
10/06/2012 6:01:18 PM:General:-1: 0: Information: :Started Interface:MQDriver1
10/06/2012 6:01:18 PM:General:-1: 0: Verbose: :Exiting initailize in InterfaceManager
10/06/2012 6:01:18 PM:General:-1: 0: Information: :Started Wei Service
10/06/2012 6:17:13 PM:General:-1: 0: Information: :Starting Wei Service
10/06/2012 6:17:14 PM:General:-1: 0: Information: :Error reading mapfile:C:\Telavance\Development\Wei\code\WeiService\data\Traditional Chinese.ctc.map for line:System.String[].Exception Message:Item has already been added. Key in dictionary: '0488'  Key being added: '0488'
10/06/2012 6:17:14 PM:General:-1: 0: Information: :Error reading mapfile:C:\Telavance\Development\Wei\code\WeiService\data\Traditional Chinese.ctc.map for line:System.String[].Exception Message:Item has already been added. Key in dictionary: '6480'  Key being added: '6480'
10/06/2012 6:17:48 PM:General:-1: 0: Verbose: :Starting initailize in InterfaceManager
10/06/2012 6:17:48 PM:General:-1: 0: Verbose: :Executed getInterfaces
10/06/2012 6:17:48 PM:General:-1: 0: Verbose: :Has data from getInterfaces
10/06/2012 6:17:48 PM:General:-1: 0: Information: :Starting Interface:MQDriver1 with interface id 3 DriverType:MQ Driver HandlerType: PRIME
10/06/2012 6:17:49 PM:General:-1: 0: Information: :config:remote:False;queueManager:QM_MQ1;connectionName:;channelName:;inputQueue:WeiInput;okQueue:WeiOk;confirmQueue:WeiConfirm;errorQueue:WeiError;ofacInputQueue:PrimeInput;ofacOkQueue:PrimeOk;ofacConfirmQueue:PrimeConfirm
10/06/2012 6:17:53 PM:General:-1: 0: Information: :Succesully connected to the queue manager:QM_MQ1
10/06/2012 6:17:53 PM:General:-1: 0: Information: :Succesully connected to the queue:WeiInput
10/06/2012 6:17:53 PM:General:-1: 0: Information: :Succesully connected to the queue:WeiOk
10/06/2012 6:17:53 PM:General:-1: 0: Information: :Succesully connected to the queue:WeiConfirm
10/06/2012 6:17:53 PM:General:-1: 0: Information: :Succesully connected to the queue:WeiError
10/06/2012 6:17:53 PM:General:-1: 0: Information: :Succesully connected to the queue:PrimeInput
10/06/2012 6:17:53 PM:General:-1: 0: Information: :Succesully connected to the queue:PrimeOk
10/06/2012 6:17:53 PM:General:-1: 0: Information: :Succesully connected to the queue:PrimeConfirm
10/06/2012 6:17:53 PM:General:-1: 0: Information: :Started Interface:MQDriver1
10/06/2012 6:17:53 PM:General:-1: 0: Verbose: :Exiting initailize in InterfaceManager
10/06/2012 6:17:55 PM:General:-1: 0: Information: :Started Wei Service
10/06/2012 6:22:42 PM:General:-1: 0: Information: :Starting Wei Service
10/06/2012 6:22:42 PM:General:-1: 0: Information: :Error reading mapfile:C:\Telavance\Development\Wei\code\WeiService\data\Traditional Chinese.ctc.map for line:System.String[].Exception Message:Item has already been added. Key in dictionary: '0488'  Key being added: '0488'
10/06/2012 6:22:42 PM:General:-1: 0: Information: :Error reading mapfile:C:\Telavance\Development\Wei\code\WeiService\data\Traditional Chinese.ctc.map for line:System.String[].Exception Message:Item has already been added. Key in dictionary: '6480'  Key being added: '6480'
10/06/2012 6:23:10 PM:General:-1: 0: Verbose: :Starting initailize in InterfaceManager
10/06/2012 6:23:10 PM:General:-1: 0: Verbose: :Executed getInterfaces
10/06/2012 6:23:10 PM:General:-1: 0: Verbose: :Has data from getInterfaces
10/06/2012 6:23:10 PM:General:-1: 0: Information: :Starting Interface:MQDriver1 with interface id 3 DriverType:MQ Driver HandlerType: PRIME
10/06/2012 6:23:11 PM:General:-1: 0: Information: :config:remote:False;queueManager:QM_MQ1;connectionName:;channelName:;inputQueue:WeiInput;okQueue:WeiOk;confirmQueue:WeiConfirm;errorQueue:WeiError;ofacInputQueue:PrimeInput;ofacOkQueue:PrimeOk;ofacConfirmQueue:PrimeConfirm
10/06/2012 6:23:11 PM:General:-1: 0: Information: :Succesully connected to the queue manager:QM_MQ1
10/06/2012 6:23:11 PM:General:-1: 0: Information: :Succesully connected to the queue:WeiInput
10/06/2012 6:23:11 PM:General:-1: 0: Information: :Succesully connected to the queue:WeiOk
10/06/2012 6:23:11 PM:General:-1: 0: Information: :Succesully connected to the queue:WeiConfirm
10/06/2012 6:23:11 PM:General:-1: 0: Information: :Succesully connected to the queue:WeiError
10/06/2012 6:23:11 PM:General:-1: 0: Information: :Succesully connected to the queue:PrimeInput
10/06/2012 6:23:11 PM:General:-1: 0: Information: :Succesully connected to the queue:PrimeOk
10/06/2012 6:23:11 PM:General:-1: 0: Information: :Succesully connected to the queue:PrimeConfirm
10/06/2012 6:23:11 PM:General:-1: 0: Information: :Started Interface:MQDriver1
10/06/2012 6:23:11 PM:General:-1: 0: Verbose: :Exiting initailize in InterfaceManager
10/06/2012 6:23:15 PM:General:-1: 0: Information: :Started Wei Service
10/06/2012 6:35:06 PM:General:-1: 0: Information: :Starting Wei Service
10/06/2012 6:35:07 PM:General:-1: 0: Information: :Error reading mapfile:C:\Telavance\Development\Wei\code\WeiService\data\Traditional Chinese.ctc.map for line:System.String[].Exception Message:Item has already been added. Key in dictionary: '0488'  Key being added: '0488'
10/06/2012 6:35:07 PM:General:-1: 0: Information: :Error reading mapfile:C:\Telavance\Development\Wei\code\WeiService\data\Traditional Chinese.ctc.map for line:System.String[].Exception Message:Item has already been added. Key in dictionary: '6480'  Key being added: '6480'
10/06/2012 6:35:17 PM:General:-1: 0: Verbose: :Starting initailize in InterfaceManager
10/06/2012 6:35:17 PM:General:-1: 0: Verbose: :Executed getInterfaces
10/06/2012 6:35:17 PM:General:-1: 0: Verbose: :Has data from getInterfaces
10/06/2012 6:35:17 PM:General:-1: 0: Information: :Starting Interface:MQDriver1 with interface id 3 DriverType:MQ Driver HandlerType: PRIME
10/06/2012 6:35:18 PM:General:-1: 0: Information: :config:remote:False;queueManager:QM_MQ1;connectionName:;channelName:;inputQueue:WeiInput;okQueue:WeiOk;confirmQueue:WeiConfirm;errorQueue:WeiError;ofacInputQueue:PrimeInput;ofacOkQueue:PrimeOk;ofacConfirmQueue:PrimeConfirm
10/06/2012 6:35:18 PM:General:-1: 0: Information: :Succesully connected to the queue manager:QM_MQ1
10/06/2012 6:35:18 PM:General:-1: 0: Information: :Succesully connected to the queue:WeiInput
10/06/2012 6:35:18 PM:General:-1: 0: Information: :Succesully connected to the queue:WeiOk
10/06/2012 6:35:18 PM:General:-1: 0: Information: :Succesully connected to the queue:WeiConfirm
10/06/2012 6:35:18 PM:General:-1: 0: Information: :Succesully connected to the queue:WeiError
10/06/2012 6:35:18 PM:General:-1: 0: Information: :Succesully connected to the queue:PrimeInput
10/06/2012 6:35:18 PM:General:-1: 0: Information: :Succesully connected to the queue:PrimeOk
10/06/2012 6:35:18 PM:General:-1: 0: Information: :Succesully connected to the queue:PrimeConfirm
10/06/2012 6:35:18 PM:General:-1: 0: Information: :Started Interface:MQDriver1
10/06/2012 6:35:18 PM:General:-1: 0: Verbose: :Exiting initailize in InterfaceManager
10/06/2012 6:35:20 PM:General:-1: 0: Information: :Started Wei Service
10/06/2012 6:43:08 PM:General:-1: 0: Information: :Starting Wei Service
10/06/2012 6:43:08 PM:General:-1: 0: Information: :Error reading mapfile:C:\Telavance\Development\Wei\code\WeiService\data\Traditional Chinese.ctc.map for line:System.String[].Exception Message:Item has already been added. Key in dictionary: '0488'  Key being added: '0488'
10/06/2012 6:43:08 PM:General:-1: 0: Information: :Error reading mapfile:C:\Telavance\Development\Wei\code\WeiService\data\Traditional Chinese.ctc.map for line:System.String[].Exception Message:Item has already been added. Key in dictionary: '6480'  Key being added: '6480'
10/06/2012 6:43:08 PM:General:-1: 0: Verbose: :Starting initailize in InterfaceManager
10/06/2012 6:43:09 PM:General:-1: 0: Verbose: :Executed getInterfaces
10/06/2012 6:43:09 PM:General:-1: 0: Verbose: :Has data from getInterfaces
10/06/2012 6:43:09 PM:General:-1: 0: Information: :Starting Interface:MQDriver1 with interface id 3 DriverType:MQ Driver HandlerType: PRIME
10/06/2012 6:43:09 PM:General:-1: 0: Information: :config:remote:False;queueManager:QM_MQ1;connectionName:;channelName:;inputQueue:WeiInput;okQueue:WeiOk;confirmQueue:WeiConfirm;errorQueue:WeiError;ofacInputQueue:PrimeInput;ofacOkQueue:PrimeOk;ofacConfirmQueue:PrimeConfirm
10/06/2012 6:43:09 PM:General:-1: 0: Information: :Succesully connected to the queue manager:QM_MQ1
10/06/2012 6:43:09 PM:General:-1: 0: Information: :Succesully connected to the queue:WeiInput
10/06/2012 6:43:09 PM:General:-1: 0: Information: :Succesully connected to the queue:WeiOk
10/06/2012 6:43:09 PM:General:-1: 0: Information: :Succesully connected to the queue:WeiConfirm
10/06/2012 6:43:09 PM:General:-1: 0: Information: :Succesully connected to the queue:WeiError
10/06/2012 6:43:09 PM:General:-1: 0: Information: :Succesully connected to the queue:PrimeInput
10/06/2012 6:43:09 PM:General:-1: 0: Information: :Succesully connected to the queue:PrimeOk
10/06/2012 6:43:09 PM:General:-1: 0: Information: :Succesully connected to the queue:PrimeConfirm
10/06/2012 6:43:09 PM:General:-1: 0: Information: :Started Interface:MQDriver1
10/06/2012 6:43:09 PM:General:-1: 0: Verbose: :Exiting initailize in InterfaceManager
10/06/2012 6:43:09 PM:General:-1: 0: Information: :Started Wei Service
10/06/2012 8:54:10 PM:General:-1: 0: Information: :Starting Wei Service
10/06/2012 8:54:10 PM:General:-1: 0: Information: :Error reading mapfile:C:\Telavance\Development\Wei\code\WeiService\data\Traditional Chinese.ctc.map for line:System.String[].Exception Message:Item has already been added. Key in dictionary: '0488'  Key being added: '0488'
10/06/2012 8:54:10 PM:General:-1: 0: Information: :Error reading mapfile:C:\Telavance\Development\Wei\code\WeiService\data\Traditional Chinese.ctc.map for line:System.String[].Exception Message:Item has already been added. Key in dictionary: '6480'  Key being added: '6480'
10/06/2012 8:54:10 PM:General:-1: 0: Verbose: :Starting initailize in InterfaceManager
10/06/2012 8:54:10 PM:General:-1: 0: Verbose: :Executed getInterfaces
10/06/2012 8:54:10 PM:General:-1: 0: Verbose: :Has data from getInterfaces
10/06/2012 8:54:10 PM:General:-1: 0: Information: :Starting Interface:MQDriver1 with interface id 3 DriverType:MQ Driver HandlerType: PRIME
10/06/2012 8:54:11 PM:General:-1: 0: Information: :config:remote:False;queueManager:QM_MQ1;connectionName:;channelName:;inputQueue:WeiInput;okQueue:WeiOk;confirmQueue:WeiConfirm;errorQueue:WeiError;ofacInputQueue:PrimeInput;ofacOkQueue:PrimeOk;ofacConfirmQueue:PrimeConfirm
10/06/2012 8:54:11 PM:General:-1: 0: Information: :Succesully connected to the queue manager:QM_MQ1
10/06/2012 8:54:11 PM:General:-1: 0: Information: :Succesully connected to the queue:WeiInput
10/06/2012 8:54:11 PM:General:-1: 0: Information: :Succesully connected to the queue:WeiOk
10/06/2012 8:54:11 PM:General:-1: 0: Information: :Succesully connected to the queue:WeiConfirm
10/06/2012 8:54:11 PM:General:-1: 0: Information: :Succesully connected to the queue:WeiError
10/06/2012 8:54:11 PM:General:-1: 0: Information: :Succesully connected to the queue:PrimeInput
10/06/2012 8:54:11 PM:General:-1: 0: Information: :Succesully connected to the queue:PrimeOk
10/06/2012 8:54:11 PM:General:-1: 0: Information: :Succesully connected to the queue:PrimeConfirm
10/06/2012 8:54:11 PM:General:-1: 0: Information: :Started Interface:MQDriver1
10/06/2012 8:54:11 PM:General:-1: 0: Verbose: :Exiting initailize in InterfaceManager
10/06/2012 8:54:11 PM:General:-1: 0: Information: :Started Wei Service
10/06/2012 8:55:59 PM:General:-1: 0: Information: :Starting Wei Service
10/06/2012 8:55:59 PM:General:-1: 0: Information: :Error reading mapfile:C:\Telavance\Development\Wei\code\WeiService\data\Traditional Chinese.ctc.map for line:System.String[].Exception Message:Item has already been added. Key in dictionary: '0488'  Key being added: '0488'
10/06/2012 8:55:59 PM:General:-1: 0: Information: :Error reading mapfile:C:\Telavance\Development\Wei\code\WeiService\data\Traditional Chinese.ctc.map for line:System.String[].Exception Message:Item has already been added. Key in dictionary: '6480'  Key being added: '6480'
10/06/2012 8:56:10 PM:General:-1: 0: Verbose: :Starting initailize in InterfaceManager
10/06/2012 8:56:10 PM:General:-1: 0: Verbose: :Executed getInterfaces
10/06/2012 8:56:10 PM:General:-1: 0: Verbose: :Has data from getInterfaces
10/06/2012 8:56:10 PM:General:-1: 0: Information: :Starting Interface:MQDriver1 with interface id 3 DriverType:MQ Driver HandlerType: PRIME
10/06/2012 8:56:10 PM:General:-1: 0: Information: :config:remote:False;queueManager:QM_MQ1;connectionName:;channelName:;inputQueue:WeiInput;okQueue:WeiOk;confirmQueue:WeiConfirm;errorQueue:WeiError;ofacInputQueue:PrimeInput;ofacOkQueue:PrimeOk;ofacConfirmQueue:PrimeConfirm
10/06/2012 8:56:11 PM:General:-1: 0: Information: :Succesully connected to the queue manager:QM_MQ1
10/06/2012 8:56:11 PM:General:-1: 0: Information: :Succesully connected to the queue:WeiInput
10/06/2012 8:56:11 PM:General:-1: 0: Information: :Succesully connected to the queue:WeiOk
10/06/2012 8:56:11 PM:General:-1: 0: Information: :Succesully connected to the queue:WeiConfirm
10/06/2012 8:56:11 PM:General:-1: 0: Information: :Succesully connected to the queue:WeiError
10/06/2012 8:56:11 PM:General:-1: 0: Information: :Succesully connected to the queue:PrimeInput
10/06/2012 8:56:11 PM:General:-1: 0: Information: :Succesully connected to the queue:PrimeOk
10/06/2012 8:56:11 PM:General:-1: 0: Information: :Succesully connected to the queue:PrimeConfirm
10/06/2012 8:56:11 PM:General:-1: 0: Information: :Started Interface:MQDriver1
10/06/2012 8:56:11 PM:General:-1: 0: Verbose: :Exiting initailize in InterfaceManager
10/06/2012 8:56:12 PM:General:-1: 0: Information: :Started Wei Service
10/06/2012 9:01:01 PM:General:-1: 0: Information: :Starting Wei Service
10/06/2012 9:01:01 PM:General:-1: 0: Information: :Error reading mapfile:C:\Telavance\Development\Wei\code\WeiService\data\Traditional Chinese.ctc.map for line:System.String[].Exception Message:Item has already been added. Key in dictionary: '0488'  Key being added: '0488'
10/06/2012 9:01:01 PM:General:-1: 0: Information: :Error reading mapfile:C:\Telavance\Development\Wei\code\WeiService\data\Traditional Chinese.ctc.map for line:System.String[].Exception Message:Item has already been added. Key in dictionary: '6480'  Key being added: '6480'
10/06/2012 9:01:01 PM:General:-1: 0: Verbose: :Starting initailize in InterfaceManager
10/06/2012 9:01:01 PM:General:-1: 0: Verbose: :Executed getInterfaces
10/06/2012 9:01:01 PM:General:-1: 0: Verbose: :Has data from getInterfaces
10/06/2012 9:01:01 PM:General:-1: 0: Information: :Starting Interface:MQDriver1 with interface id 3 DriverType:MQ Driver HandlerType: PRIME
10/06/2012 9:01:06 PM:General:-1: 0: Information: :config:remote:False;queueManager:QM_MQ1;connectionName:;channelName:;inputQueue:WeiInput;okQueue:WeiOk;confirmQueue:WeiConfirm;errorQueue:WeiError;ofacInputQueue:PrimeInput;ofacOkQueue:PrimeOk;ofacConfirmQueue:PrimeConfirm
10/06/2012 9:01:07 PM:General:-1: 0: Information: :Succesully connected to the queue manager:QM_MQ1
10/06/2012 9:01:07 PM:General:-1: 0: Information: :Succesully connected to the queue:WeiInput
10/06/2012 9:01:07 PM:General:-1: 0: Information: :Succesully connected to the queue:WeiOk
10/06/2012 9:01:07 PM:General:-1: 0: Information: :Succesully connected to the queue:WeiConfirm
10/06/2012 9:01:07 PM:General:-1: 0: Information: :Succesully connected to the queue:WeiError
10/06/2012 9:01:07 PM:General:-1: 0: Information: :Succesully connected to the queue:PrimeInput
10/06/2012 9:01:07 PM:General:-1: 0: Information: :Succesully connected to the queue:PrimeOk
10/06/2012 9:01:07 PM:General:-1: 0: Information: :Succesully connected to the queue:PrimeConfirm
10/06/2012 9:01:07 PM:General:-1: 0: Information: :Started Interface:MQDriver1
10/06/2012 9:01:07 PM:General:-1: 0: Verbose: :Exiting initailize in InterfaceManager
10/06/2012 9:01:08 PM:General:-1: 0: Information: :Started Wei Service
10/06/2012 9:04:12 PM:General:-1: 0: Information: :Starting Wei Service
10/06/2012 9:04:12 PM:General:-1: 0: Information: :Error reading mapfile:C:\Telavance\Development\Wei\code\WeiService\data\Traditional Chinese.ctc.map for line:System.String[].Exception Message:Item has already been added. Key in dictionary: '0488'  Key being added: '0488'
10/06/2012 9:04:12 PM:General:-1: 0: Information: :Error reading mapfile:C:\Telavance\Development\Wei\code\WeiService\data\Traditional Chinese.ctc.map for line:System.String[].Exception Message:Item has already been added. Key in dictionary: '6480'  Key being added: '6480'
10/06/2012 9:04:12 PM:General:-1: 0: Verbose: :Starting initailize in InterfaceManager
10/06/2012 9:04:12 PM:General:-1: 0: Verbose: :Executed getInterfaces
10/06/2012 9:04:12 PM:General:-1: 0: Verbose: :Has data from getInterfaces
10/06/2012 9:04:12 PM:General:-1: 0: Information: :Starting Interface:MQDriver1 with interface id 3 DriverType:MQ Driver HandlerType: PRIME
10/06/2012 9:04:13 PM:General:-1: 0: Information: :config:remote:False;queueManager:QM_MQ1;connectionName:;channelName:;inputQueue:WeiInput;okQueue:WeiOk;confirmQueue:WeiConfirm;errorQueue:WeiError;ofacInputQueue:PrimeInput;ofacOkQueue:PrimeOk;ofacConfirmQueue:PrimeConfirm
10/06/2012 9:04:13 PM:General:-1: 0: Information: :Succesully connected to the queue manager:QM_MQ1
10/06/2012 9:04:13 PM:General:-1: 0: Information: :Succesully connected to the queue:WeiInput
10/06/2012 9:04:13 PM:General:-1: 0: Information: :Succesully connected to the queue:WeiOk
10/06/2012 9:04:13 PM:General:-1: 0: Information: :Succesully connected to the queue:WeiConfirm
10/06/2012 9:04:13 PM:General:-1: 0: Information: :Succesully connected to the queue:WeiError
10/06/2012 9:04:13 PM:General:-1: 0: Information: :Succesully connected to the queue:PrimeInput
10/06/2012 9:04:13 PM:General:-1: 0: Information: :Succesully connected to the queue:PrimeOk
10/06/2012 9:04:13 PM:General:-1: 0: Information: :Succesully connected to the queue:PrimeConfirm
10/06/2012 9:04:13 PM:General:-1: 0: Information: :Started Interface:MQDriver1
10/06/2012 9:04:13 PM:General:-1: 0: Verbose: :Exiting initailize in InterfaceManager
10/06/2012 9:04:14 PM:General:-1: 0: Information: :Started Wei Service
10/06/2012 9:07:39 PM:General:-1: 0: Information: :Starting Wei Service
10/06/2012 9:07:39 PM:General:-1: 0: Information: :Error reading mapfile:C:\Telavance\Development\Wei\code\WeiService\data\Traditional Chinese.ctc.map for line:System.String[].Exception Message:Item has already been added. Key in dictionary: '0488'  Key being added: '0488'
10/06/2012 9:07:39 PM:General:-1: 0: Information: :Error reading mapfile:C:\Telavance\Development\Wei\code\WeiService\data\Traditional Chinese.ctc.map for line:System.String[].Exception Message:Item has already been added. Key in dictionary: '6480'  Key being added: '6480'
10/06/2012 9:07:39 PM:General:-1: 0: Verbose: :Starting initailize in InterfaceManager
10/06/2012 9:07:39 PM:General:-1: 0: Verbose: :Executed getInterfaces
10/06/2012 9:07:39 PM:General:-1: 0: Verbose: :Has data from getInterfaces
10/06/2012 9:07:39 PM:General:-1: 0: Information: :Starting Interface:MQDriver1 with interface id 3 DriverType:MQ Driver HandlerType: PRIME
10/06/2012 9:07:40 PM:General:-1: 0: Information: :config:remote:False;queueManager:QM_MQ1;connectionName:;channelName:;inputQueue:WeiInput;okQueue:WeiOk;confirmQueue:WeiConfirm;errorQueue:WeiError;ofacInputQueue:PrimeInput;ofacOkQueue:PrimeOk;ofacConfirmQueue:PrimeConfirm
10/06/2012 9:07:40 PM:General:-1: 0: Information: :Succesully connected to the queue manager:QM_MQ1
10/06/2012 9:07:40 PM:General:-1: 0: Information: :Succesully connected to the queue:WeiInput
10/06/2012 9:07:40 PM:General:-1: 0: Information: :Succesully connected to the queue:WeiOk
10/06/2012 9:07:40 PM:General:-1: 0: Information: :Succesully connected to the queue:WeiConfirm
10/06/2012 9:07:40 PM:General:-1: 0: Information: :Succesully connected to the queue:WeiError
10/06/2012 9:07:40 PM:General:-1: 0: Information: :Succesully connected to the queue:PrimeInput
10/06/2012 9:07:40 PM:General:-1: 0: Information: :Succesully connected to the queue:PrimeOk
10/06/2012 9:07:40 PM:General:-1: 0: Information: :Succesully connected to the queue:PrimeConfirm
10/06/2012 9:07:40 PM:General:-1: 0: Information: :Started Interface:MQDriver1
10/06/2012 9:07:40 PM:General:-1: 0: Verbose: :Exiting initailize in InterfaceManager
10/06/2012 9:07:42 PM:General:-1: 0: Information: :Started Wei Service
10/06/2012 9:10:58 PM:General:-1: 0: Information: :Starting Wei Service
10/06/2012 9:10:58 PM:General:-1: 0: Information: :Error reading mapfile:C:\Telavance\Development\Wei\code\WeiService\data\Traditional Chinese.ctc.map for line:System.String[].Exception Message:Item has already been added. Key in dictionary: '0488'  Key being added: '0488'
10/06/2012 9:10:58 PM:General:-1: 0: Information: :Error reading mapfile:C:\Telavance\Development\Wei\code\WeiService\data\Traditional Chinese.ctc.map for line:System.String[].Exception Message:Item has already been added. Key in dictionary: '6480'  Key being added: '6480'
10/06/2012 9:10:58 PM:General:-1: 0: Verbose: :Starting initailize in InterfaceManager
10/06/2012 9:10:58 PM:General:-1: 0: Verbose: :Executed getInterfaces
10/06/2012 9:10:58 PM:General:-1: 0: Verbose: :Has data from getInterfaces
10/06/2012 9:10:58 PM:General:-1: 0: Information: :Starting Interface:MQDriver1 with interface id 3 DriverType:MQ Driver HandlerType: PRIME
10/06/2012 9:10:59 PM:General:-1: 0: Information: :config:remote:False;queueManager:QM_MQ1;connectionName:;channelName:;inputQueue:WeiInput;okQueue:WeiOk;confirmQueue:WeiConfirm;errorQueue:WeiError;ofacInputQueue:PrimeInput;ofacOkQueue:PrimeOk;ofacConfirmQueue:PrimeConfirm
10/06/2012 9:10:59 PM:General:-1: 0: Information: :Succesully connected to the queue manager:QM_MQ1
10/06/2012 9:10:59 PM:General:-1: 0: Information: :Succesully connected to the queue:WeiInput
10/06/2012 9:10:59 PM:General:-1: 0: Information: :Succesully connected to the queue:WeiOk
10/06/2012 9:10:59 PM:General:-1: 0: Information: :Succesully connected to the queue:WeiConfirm
10/06/2012 9:10:59 PM:General:-1: 0: Information: :Succesully connected to the queue:WeiError
10/06/2012 9:10:59 PM:General:-1: 0: Information: :Succesully connected to the queue:PrimeInput
10/06/2012 9:10:59 PM:General:-1: 0: Information: :Succesully connected to the queue:PrimeOk
10/06/2012 9:10:59 PM:General:-1: 0: Information: :Succesully connected to the queue:PrimeConfirm
10/06/2012 9:10:59 PM:General:-1: 0: Information: :Started Interface:MQDriver1
10/06/2012 9:10:59 PM:General:-1: 0: Verbose: :Exiting initailize in InterfaceManager
10/06/2012 9:11:01 PM:General:-1: 0: Information: :Started Wei Service
10/06/2012 9:11:56 PM:General:-1: 0: Information: :Starting Wei Service
10/06/2012 9:11:56 PM:General:-1: 0: Information: :Error reading mapfile:C:\Telavance\Development\Wei\code\WeiService\data\Traditional Chinese.ctc.map for line:System.String[].Exception Message:Item has already been added. Key in dictionary: '0488'  Key being added: '0488'
10/06/2012 9:11:56 PM:General:-1: 0: Information: :Error reading mapfile:C:\Telavance\Development\Wei\code\WeiService\data\Traditional Chinese.ctc.map for line:System.String[].Exception Message:Item has already been added. Key in dictionary: '6480'  Key being added: '6480'
10/06/2012 9:11:56 PM:General:-1: 0: Verbose: :Starting initailize in InterfaceManager
10/06/2012 9:11:56 PM:General:-1: 0: Verbose: :Executed getInterfaces
10/06/2012 9:11:56 PM:General:-1: 0: Verbose: :Has data from getInterfaces
10/06/2012 9:11:56 PM:General:-1: 0: Information: :Starting Interface:MQDriver1 with interface id 3 DriverType:MQ Driver HandlerType: PRIME
10/06/2012 9:11:56 PM:General:-1: 0: Information: :config:remote:False;queueManager:QM_MQ1;connectionName:;channelName:;inputQueue:WeiInput;okQueue:WeiOk;confirmQueue:WeiConfirm;errorQueue:WeiError;ofacInputQueue:PrimeInput;ofacOkQueue:PrimeOk;ofacConfirmQueue:PrimeConfirm
10/06/2012 9:11:57 PM:General:-1: 0: Information: :Succesully connected to the queue manager:QM_MQ1
10/06/2012 9:11:57 PM:General:-1: 0: Information: :Succesully connected to the queue:WeiInput
10/06/2012 9:11:57 PM:General:-1: 0: Information: :Succesully connected to the queue:WeiOk
10/06/2012 9:11:57 PM:General:-1: 0: Information: :Succesully connected to the queue:WeiConfirm
10/06/2012 9:11:57 PM:General:-1: 0: Information: :Succesully connected to the queue:WeiError
10/06/2012 9:11:57 PM:General:-1: 0: Information: :Succesully connected to the queue:PrimeInput
10/06/2012 9:11:57 PM:General:-1: 0: Information: :Succesully connected to the queue:PrimeOk
10/06/2012 9:11:57 PM:General:-1: 0: Information: :Succesully connected to the queue:PrimeConfirm
10/06/2012 9:11:57 PM:General:-1: 0: Information: :Started Interface:MQDriver1
10/06/2012 9:11:57 PM:General:-1: 0: Verbose: :Exiting initailize in InterfaceManager
10/06/2012 9:11:57 PM:General:-1: 0: Information: :Started Wei Service
10/06/2012 11:35:50 PM:General:-1: 0: Information: :Starting Wei Service
10/06/2012 11:35:50 PM:General:-1: 0: Information: :Error reading mapfile:C:\Telavance\Development\Wei\code\WeiService\data\Traditional Chinese.ctc.map for line:System.String[].Exception Message:Item has already been added. Key in dictionary: '0488'  Key being added: '0488'
10/06/2012 11:35:50 PM:General:-1: 0: Information: :Error reading mapfile:C:\Telavance\Development\Wei\code\WeiService\data\Traditional Chinese.ctc.map for line:System.String[].Exception Message:Item has already been added. Key in dictionary: '6480'  Key being added: '6480'
10/06/2012 11:35:50 PM:General:-1: 0: Verbose: :Starting initailize in InterfaceManager
10/06/2012 11:35:50 PM:General:-1: 0: Verbose: :Executed getInterfaces
10/06/2012 11:35:50 PM:General:-1: 0: Verbose: :Has data from getInterfaces
10/06/2012 11:35:50 PM:General:-1: 0: Information: :Starting Interface:MQDriver1 with interface id 3 DriverType:MQ Driver HandlerType: PRIME
10/06/2012 11:35:51 PM:General:-1: 0: Information: :config:remote:False;queueManager:QM_MQ1;connectionName:;channelName:;inputQueue:WeiInput;okQueue:WeiOk;confirmQueue:WeiConfirm;errorQueue:WeiError;ofacInputQueue:PrimeInput;ofacOkQueue:PrimeOk;ofacConfirmQueue:PrimeConfirm
10/06/2012 11:35:51 PM:General:-1: 0: Information: :Succesully connected to the queue manager:QM_MQ1
10/06/2012 11:35:51 PM:General:-1: 0: Information: :Succesully connected to the queue:WeiInput
10/06/2012 11:35:51 PM:General:-1: 0: Information: :Succesully connected to the queue:WeiOk
10/06/2012 11:35:51 PM:General:-1: 0: Information: :Succesully connected to the queue:WeiConfirm
10/06/2012 11:35:51 PM:General:-1: 0: Information: :Succesully connected to the queue:WeiError
10/06/2012 11:35:51 PM:General:-1: 0: Information: :Succesully connected to the queue:PrimeInput
10/06/2012 11:35:51 PM:General:-1: 0: Information: :Succesully connected to the queue:PrimeOk
10/06/2012 11:35:51 PM:General:-1: 0: Information: :Succesully connected to the queue:PrimeConfirm
10/06/2012 11:35:51 PM:General:-1: 0: Information: :Started Interface:MQDriver1
10/06/2012 11:35:51 PM:General:-1: 0: Verbose: :Exiting initailize in InterfaceManager
10/06/2012 11:35:51 PM:General:-1: 0: Information: :Started Wei Service
