5/06/2012 7:11:31 AM:General:-1: 0: Information: :Starting Wei Service
5/06/2012 7:11:31 AM:General:-1: 0: Information: :Error reading mapfile:C:\Telavance\Development\Wei\code\WeiService\data\Traditional Chinese.ctc.map for line:System.String[].Exception Message:Item has already been added. Key in dictionary: '0488'  Key being added: '0488'
5/06/2012 7:11:31 AM:General:-1: 0: Information: :Error reading mapfile:C:\Telavance\Development\Wei\code\WeiService\data\Traditional Chinese.ctc.map for line:System.String[].Exception Message:Item has already been added. Key in dictionary: '6480'  Key being added: '6480'
5/06/2012 7:11:31 AM:General:-1: 0: Verbose: :Starting initailize in InterfaceManager
5/06/2012 7:11:31 AM:General:-1: 0: Verbose: :Executed getInterfaces
5/06/2012 7:11:31 AM:General:-1: 0: Verbose: :Has data from getInterfaces
5/06/2012 7:11:31 AM:General:-1: 0: Information: :Starting Interface:MQDriver1 with interface id 3 DriverType:MQ Driver HandlerType: PRIME
5/06/2012 7:11:31 AM:General:-1: 0: Information: :config:remote:False;queueManager:QM_MQ1;connectionName:;channelName:;inputQueue:WeiInput;okQueue:WeiOk;confirmQueue:WeiConfirm;errorQueue:WeiError;ofacInputQueue:PrimeInput;ofacOkQueue:PrimeOk;ofacConfirmQueue:PrimeConfirm
5/06/2012 7:11:31 AM:General:-1: 0: Information: :Succesully connected to the queue manager:QM_MQ1
5/06/2012 7:11:31 AM:General:-1: 0: Information: :Succesully connected to the queue:WeiInput
5/06/2012 7:11:31 AM:General:-1: 0: Information: :Succesully connected to the queue:WeiOk
5/06/2012 7:11:31 AM:General:-1: 0: Information: :Succesully connected to the queue:WeiConfirm
5/06/2012 7:11:31 AM:General:-1: 0: Information: :Succesully connected to the queue:WeiError
5/06/2012 7:11:31 AM:General:-1: 0: Information: :Succesully connected to the queue:PrimeInput
5/06/2012 7:11:31 AM:General:-1: 0: Information: :Succesully connected to the queue:PrimeOk
5/06/2012 7:11:31 AM:General:-1: 0: Information: :Succesully connected to the queue:PrimeConfirm
5/06/2012 7:11:31 AM:General:-1: 0: Information: :Started Interface:MQDriver1
5/06/2012 7:11:31 AM:General:-1: 0: Verbose: :Exiting initailize in InterfaceManager
5/06/2012 7:11:32 AM:General:-1: 0: Information: :Started Wei Service
5/06/2012 7:39:30 AM:General:-1: 0: Information: :Starting Wei Service
5/06/2012 7:39:30 AM:General:-1: 0: Information: :Error reading mapfile:C:\Telavance\Development\Wei\code\WeiService\data\Traditional Chinese.ctc.map for line:System.String[].Exception Message:Item has already been added. Key in dictionary: '0488'  Key being added: '0488'
5/06/2012 7:39:30 AM:General:-1: 0: Information: :Error reading mapfile:C:\Telavance\Development\Wei\code\WeiService\data\Traditional Chinese.ctc.map for line:System.String[].Exception Message:Item has already been added. Key in dictionary: '6480'  Key being added: '6480'
5/06/2012 7:39:30 AM:General:-1: 0: Verbose: :Starting initailize in InterfaceManager
5/06/2012 7:39:30 AM:General:-1: 0: Verbose: :Executed getInterfaces
5/06/2012 7:39:30 AM:General:-1: 0: Verbose: :Has data from getInterfaces
5/06/2012 7:39:30 AM:General:-1: 0: Information: :Starting Interface:MQDriver1 with interface id 3 DriverType:MQ Driver HandlerType: PRIME
5/06/2012 7:39:31 AM:General:-1: 0: Information: :config:remote:False;queueManager:QM_MQ1;connectionName:;channelName:;inputQueue:WeiInput;okQueue:WeiOk;confirmQueue:WeiConfirm;errorQueue:WeiError;ofacInputQueue:PrimeInput;ofacOkQueue:PrimeOk;ofacConfirmQueue:PrimeConfirm
5/06/2012 7:39:31 AM:General:-1: 0: Information: :Succesully connected to the queue manager:QM_MQ1
5/06/2012 7:39:31 AM:General:-1: 0: Information: :Succesully connected to the queue:WeiInput
5/06/2012 7:39:31 AM:General:-1: 0: Information: :Succesully connected to the queue:WeiOk
5/06/2012 7:39:31 AM:General:-1: 0: Information: :Succesully connected to the queue:WeiConfirm
5/06/2012 7:39:31 AM:General:-1: 0: Information: :Succesully connected to the queue:WeiError
5/06/2012 7:39:31 AM:General:-1: 0: Information: :Succesully connected to the queue:PrimeInput
5/06/2012 7:39:31 AM:General:-1: 0: Information: :Succesully connected to the queue:PrimeOk
5/06/2012 7:39:31 AM:General:-1: 0: Information: :Succesully connected to the queue:PrimeConfirm
5/06/2012 7:39:31 AM:General:-1: 0: Information: :Started Interface:MQDriver1
5/06/2012 7:39:31 AM:General:-1: 0: Verbose: :Exiting initailize in InterfaceManager
5/06/2012 7:39:33 AM:General:-1: 0: Information: :Started Wei Service
5/06/2012 7:51:08 AM:General:-1: 0: Information: :Starting Wei Service
5/06/2012 7:51:08 AM:General:-1: 0: Information: :Error reading mapfile:C:\Telavance\Development\Wei\code\WeiService\data\Traditional Chinese.ctc.map for line:System.String[].Exception Message:Item has already been added. Key in dictionary: '0488'  Key being added: '0488'
5/06/2012 7:51:08 AM:General:-1: 0: Information: :Error reading mapfile:C:\Telavance\Development\Wei\code\WeiService\data\Traditional Chinese.ctc.map for line:System.String[].Exception Message:Item has already been added. Key in dictionary: '6480'  Key being added: '6480'
5/06/2012 7:51:08 AM:General:-1: 0: Verbose: :Starting initailize in InterfaceManager
5/06/2012 7:51:08 AM:General:-1: 0: Verbose: :Executed getInterfaces
5/06/2012 7:51:08 AM:General:-1: 0: Verbose: :Has data from getInterfaces
5/06/2012 7:51:08 AM:General:-1: 0: Information: :Starting Interface:MQDriver1 with interface id 3 DriverType:MQ Driver HandlerType: PRIME
5/06/2012 7:51:09 AM:General:-1: 0: Information: :config:remote:False;queueManager:QM_MQ1;connectionName:;channelName:;inputQueue:WeiInput;okQueue:WeiOk;confirmQueue:WeiConfirm;errorQueue:WeiError;ofacInputQueue:PrimeInput;ofacOkQueue:PrimeOk;ofacConfirmQueue:PrimeConfirm
5/06/2012 7:51:09 AM:General:-1: 0: Information: :Succesully connected to the queue manager:QM_MQ1
5/06/2012 7:51:09 AM:General:-1: 0: Information: :Succesully connected to the queue:WeiInput
5/06/2012 7:51:09 AM:General:-1: 0: Information: :Succesully connected to the queue:WeiOk
5/06/2012 7:51:09 AM:General:-1: 0: Information: :Succesully connected to the queue:WeiConfirm
5/06/2012 7:51:09 AM:General:-1: 0: Information: :Succesully connected to the queue:WeiError
5/06/2012 7:51:09 AM:General:-1: 0: Information: :Succesully connected to the queue:PrimeInput
5/06/2012 7:51:09 AM:General:-1: 0: Information: :Succesully connected to the queue:PrimeOk
5/06/2012 7:51:09 AM:General:-1: 0: Information: :Succesully connected to the queue:PrimeConfirm
5/06/2012 7:51:09 AM:General:-1: 0: Information: :Started Interface:MQDriver1
5/06/2012 7:51:09 AM:General:-1: 0: Verbose: :Exiting initailize in InterfaceManager
5/06/2012 7:51:14 AM:General:-1: 0: Information: :Started Wei Service
5/06/2012 7:52:00 AM:General:-1: 0: Information: :RequestId:10607. Started processing the request
5/06/2012 7:52:00 AM:General:-1: 0: Information: :RequestId:10607. Translation started for the request
5/06/2012 7:52:01 AM:General:-1: 0: Information: :Request id:10607 is processed by an instance of Telavance.AdvantageSuite.Wei.WeiService.DefaultParser
5/06/2012 7:52:01 AM:General:-1: 0: Information: :RequestId:10607. Message Has CTC
5/06/2012 7:52:01 AM:General:-1: 0: Information: :RequestId:10607. Translation complete
5/06/2012 7:52:01 AM:General:-1: 0: Error: :Error sending the message to  PrimeInput                                       queue. ExceptionMessage:MQRC_Q_FULL
5/06/2012 7:52:01 AM:General:-1: 0: Error: :   at IBM.WMQ.MQBase.throwNewMQException()
   at IBM.WMQ.MQDestination.Put(MQMessage message, MQPutMessageOptions pmo)
   at Telavance.AdvantageSuite.Wei.MQDriver.MQDriver.sendMessage(String queueName, Int32 requestId, MQQueue queue, MQQueueManager manager, String messageId, String message, String correlationId, Object lockObject)
5/06/2012 7:52:01 AM:General:-1: 0: Error: :Cannot send for OFAC check for requestid:10607
5/06/2012 7:52:02 AM:General:-1: 0: Error: :Error sending the message to  WeiError                                         queue. ExceptionMessage:MQRC_Q_FULL
5/06/2012 7:52:02 AM:General:-1: 0: Error: :   at IBM.WMQ.MQBase.throwNewMQException()
   at IBM.WMQ.MQDestination.Put(MQMessage message, MQPutMessageOptions pmo)
   at Telavance.AdvantageSuite.Wei.MQDriver.MQDriver.sendMessage(String queueName, Int32 requestId, MQQueue queue, MQQueueManager manager, String messageId, String message, String correlationId, Object lockObject)
5/06/2012 7:52:22 AM:General:-1: 0: Information: :RequestId:10608. Started processing the request
5/06/2012 7:52:22 AM:General:-1: 0: Information: :RequestId:10608. Translation started for the request
5/06/2012 7:52:22 AM:General:-1: 0: Information: :Request id:10608 is processed by an instance of Telavance.AdvantageSuite.Wei.WeiService.DefaultParser
5/06/2012 7:52:22 AM:General:-1: 0: Information: :RequestId:10608. Message Has CTC
5/06/2012 7:52:22 AM:General:-1: 0: Information: :RequestId:10608. Translation complete
5/06/2012 7:52:22 AM:General:-1: 0: Error: :Error sending the message to  PrimeInput                                       queue. ExceptionMessage:MQRC_Q_FULL
5/06/2012 7:52:22 AM:General:-1: 0: Error: :   at IBM.WMQ.MQBase.throwNewMQException()
   at IBM.WMQ.MQDestination.Put(MQMessage message, MQPutMessageOptions pmo)
   at Telavance.AdvantageSuite.Wei.MQDriver.MQDriver.sendMessage(String queueName, Int32 requestId, MQQueue queue, MQQueueManager manager, String messageId, String message, String correlationId, Object lockObject)
5/06/2012 7:52:22 AM:General:-1: 0: Error: :Cannot send for OFAC check for requestid:10608
5/06/2012 7:52:22 AM:General:-1: 0: Error: :Error sending the message to  WeiError                                         queue. ExceptionMessage:MQRC_Q_FULL
5/06/2012 7:52:22 AM:General:-1: 0: Error: :   at IBM.WMQ.MQBase.throwNewMQException()
   at IBM.WMQ.MQDestination.Put(MQMessage message, MQPutMessageOptions pmo)
   at Telavance.AdvantageSuite.Wei.MQDriver.MQDriver.sendMessage(String queueName, Int32 requestId, MQQueue queue, MQQueueManager manager, String messageId, String message, String correlationId, Object lockObject)
5/06/2012 7:52:46 AM:General:-1: 0: Information: :RequestId:10609. Started processing the request
5/06/2012 7:52:46 AM:General:-1: 0: Information: :RequestId:10609. Translation started for the request
5/06/2012 7:52:46 AM:General:-1: 0: Information: :Request id:10609 is processed by an instance of Telavance.AdvantageSuite.Wei.WeiService.DefaultParser
5/06/2012 7:52:46 AM:General:-1: 0: Information: :RequestId:10609. Message Has CTC
5/06/2012 7:52:46 AM:General:-1: 0: Information: :RequestId:10609. Translation complete
5/06/2012 7:52:46 AM:General:-1: 0: Error: :Error sending the message to  PrimeInput                                       queue. ExceptionMessage:MQRC_Q_FULL
5/06/2012 7:52:46 AM:General:-1: 0: Error: :   at IBM.WMQ.MQBase.throwNewMQException()
   at IBM.WMQ.MQDestination.Put(MQMessage message, MQPutMessageOptions pmo)
   at Telavance.AdvantageSuite.Wei.MQDriver.MQDriver.sendMessage(String queueName, Int32 requestId, MQQueue queue, MQQueueManager manager, String messageId, String message, String correlationId, Object lockObject)
5/06/2012 7:52:46 AM:General:-1: 0: Error: :Cannot send for OFAC check for requestid:10609
5/06/2012 7:52:46 AM:General:-1: 0: Error: :Error sending the message to  WeiError                                         queue. ExceptionMessage:MQRC_Q_FULL
5/06/2012 7:52:46 AM:General:-1: 0: Error: :   at IBM.WMQ.MQBase.throwNewMQException()
   at IBM.WMQ.MQDestination.Put(MQMessage message, MQPutMessageOptions pmo)
   at Telavance.AdvantageSuite.Wei.MQDriver.MQDriver.sendMessage(String queueName, Int32 requestId, MQQueue queue, MQQueueManager manager, String messageId, String message, String correlationId, Object lockObject)
5/06/2012 7:52:51 AM:General:-1: 0: Information: :RequestId:10610. Started processing the request
5/06/2012 7:52:51 AM:General:-1: 0: Information: :RequestId:10610. Translation started for the request
5/06/2012 7:52:51 AM:General:-1: 0: Information: :Request id:10610 is processed by an instance of Telavance.AdvantageSuite.Wei.WeiService.DefaultParser
5/06/2012 7:52:51 AM:General:-1: 0: Information: :RequestId:10610. Message Has CTC
5/06/2012 7:52:51 AM:General:-1: 0: Information: :RequestId:10610. Translation complete
5/06/2012 7:52:51 AM:General:-1: 0: Error: :Error sending the message to  PrimeInput                                       queue. ExceptionMessage:MQRC_Q_FULL
5/06/2012 7:52:51 AM:General:-1: 0: Error: :   at IBM.WMQ.MQBase.throwNewMQException()
   at IBM.WMQ.MQDestination.Put(MQMessage message, MQPutMessageOptions pmo)
   at Telavance.AdvantageSuite.Wei.MQDriver.MQDriver.sendMessage(String queueName, Int32 requestId, MQQueue queue, MQQueueManager manager, String messageId, String message, String correlationId, Object lockObject)
5/06/2012 7:52:51 AM:General:-1: 0: Error: :Cannot send for OFAC check for requestid:10610
5/06/2012 7:52:52 AM:General:-1: 0: Error: :Error sending the message to  WeiError                                         queue. ExceptionMessage:MQRC_Q_FULL
5/06/2012 7:52:52 AM:General:-1: 0: Error: :   at IBM.WMQ.MQBase.throwNewMQException()
   at IBM.WMQ.MQDestination.Put(MQMessage message, MQPutMessageOptions pmo)
   at Telavance.AdvantageSuite.Wei.MQDriver.MQDriver.sendMessage(String queueName, Int32 requestId, MQQueue queue, MQQueueManager manager, String messageId, String message, String correlationId, Object lockObject)
5/06/2012 7:52:52 AM:General:-1: 0: Information: :RequestId:10611. Started processing the request
5/06/2012 7:52:52 AM:General:-1: 0: Information: :RequestId:10611. Translation started for the request
5/06/2012 7:52:52 AM:General:-1: 0: Information: :Request id:10611 is processed by an instance of Telavance.AdvantageSuite.Wei.WeiService.DefaultParser
5/06/2012 7:52:52 AM:General:-1: 0: Information: :RequestId:10611. Message Has CTC
5/06/2012 7:52:52 AM:General:-1: 0: Information: :RequestId:10611. Translation complete
5/06/2012 7:52:52 AM:General:-1: 0: Error: :Error sending the message to  PrimeInput                                       queue. ExceptionMessage:MQRC_Q_FULL
5/06/2012 7:52:52 AM:General:-1: 0: Error: :   at IBM.WMQ.MQBase.throwNewMQException()
   at IBM.WMQ.MQDestination.Put(MQMessage message, MQPutMessageOptions pmo)
   at Telavance.AdvantageSuite.Wei.MQDriver.MQDriver.sendMessage(String queueName, Int32 requestId, MQQueue queue, MQQueueManager manager, String messageId, String message, String correlationId, Object lockObject)
5/06/2012 7:52:52 AM:General:-1: 0: Error: :Cannot send for OFAC check for requestid:10611
5/06/2012 7:52:52 AM:General:-1: 0: Error: :Error sending the message to  WeiError                                         queue. ExceptionMessage:MQRC_Q_FULL
5/06/2012 7:52:52 AM:General:-1: 0: Error: :   at IBM.WMQ.MQBase.throwNewMQException()
   at IBM.WMQ.MQDestination.Put(MQMessage message, MQPutMessageOptions pmo)
   at Telavance.AdvantageSuite.Wei.MQDriver.MQDriver.sendMessage(String queueName, Int32 requestId, MQQueue queue, MQQueueManager manager, String messageId, String message, String correlationId, Object lockObject)
5/06/2012 7:55:32 AM:General:-1: 0: Information: :Starting Wei Service
5/06/2012 7:55:32 AM:General:-1: 0: Information: :Error reading mapfile:C:\Telavance\Development\Wei\code\WeiService\data\Traditional Chinese.ctc.map for line:System.String[].Exception Message:Item has already been added. Key in dictionary: '0488'  Key being added: '0488'
5/06/2012 7:55:32 AM:General:-1: 0: Information: :Error reading mapfile:C:\Telavance\Development\Wei\code\WeiService\data\Traditional Chinese.ctc.map for line:System.String[].Exception Message:Item has already been added. Key in dictionary: '6480'  Key being added: '6480'
5/06/2012 7:55:33 AM:General:-1: 0: Verbose: :Starting initailize in InterfaceManager
5/06/2012 7:55:33 AM:General:-1: 0: Verbose: :Executed getInterfaces
5/06/2012 7:55:33 AM:General:-1: 0: Verbose: :Has data from getInterfaces
5/06/2012 7:55:33 AM:General:-1: 0: Information: :Starting Interface:MQDriver1 with interface id 3 DriverType:MQ Driver HandlerType: PRIME
5/06/2012 7:55:33 AM:General:-1: 0: Information: :config:remote:False;queueManager:QM_MQ1;connectionName:;channelName:;inputQueue:WeiInput;okQueue:WeiOk;confirmQueue:WeiConfirm;errorQueue:WeiError;ofacInputQueue:PrimeInput;ofacOkQueue:PrimeOk;ofacConfirmQueue:PrimeConfirm
5/06/2012 7:55:33 AM:General:-1: 0: Information: :Succesully connected to the queue manager:QM_MQ1
5/06/2012 7:55:33 AM:General:-1: 0: Information: :Succesully connected to the queue:WeiInput
5/06/2012 7:55:33 AM:General:-1: 0: Information: :Succesully connected to the queue:WeiOk
5/06/2012 7:55:33 AM:General:-1: 0: Information: :Succesully connected to the queue:WeiConfirm
5/06/2012 7:55:33 AM:General:-1: 0: Information: :Succesully connected to the queue:WeiError
5/06/2012 7:55:33 AM:General:-1: 0: Information: :Succesully connected to the queue:PrimeInput
5/06/2012 7:55:33 AM:General:-1: 0: Information: :Succesully connected to the queue:PrimeOk
5/06/2012 7:55:33 AM:General:-1: 0: Information: :Succesully connected to the queue:PrimeConfirm
5/06/2012 7:55:34 AM:General:-1: 0: Information: :Started Interface:MQDriver1
5/06/2012 7:55:34 AM:General:-1: 0: Verbose: :Exiting initailize in InterfaceManager
5/06/2012 7:55:35 AM:General:-1: 0: Information: :Started Wei Service
5/06/2012 7:56:19 AM:General:-1: 0: Information: :Starting Wei Service
5/06/2012 7:56:19 AM:General:-1: 0: Information: :Error reading mapfile:C:\Telavance\Development\Wei\code\WeiService\data\Traditional Chinese.ctc.map for line:System.String[].Exception Message:Item has already been added. Key in dictionary: '0488'  Key being added: '0488'
5/06/2012 7:56:20 AM:General:-1: 0: Information: :Error reading mapfile:C:\Telavance\Development\Wei\code\WeiService\data\Traditional Chinese.ctc.map for line:System.String[].Exception Message:Item has already been added. Key in dictionary: '6480'  Key being added: '6480'
5/06/2012 7:56:20 AM:General:-1: 0: Verbose: :Starting initailize in InterfaceManager
5/06/2012 7:56:20 AM:General:-1: 0: Verbose: :Executed getInterfaces
5/06/2012 7:56:20 AM:General:-1: 0: Verbose: :Has data from getInterfaces
5/06/2012 7:56:20 AM:General:-1: 0: Information: :Starting Interface:MQDriver1 with interface id 3 DriverType:MQ Driver HandlerType: PRIME
5/06/2012 7:56:20 AM:General:-1: 0: Information: :config:remote:False;queueManager:QM_MQ1;connectionName:;channelName:;inputQueue:WeiInput;okQueue:WeiOk;confirmQueue:WeiConfirm;errorQueue:WeiError;ofacInputQueue:PrimeInput;ofacOkQueue:PrimeOk;ofacConfirmQueue:PrimeConfirm
5/06/2012 7:56:20 AM:General:-1: 0: Information: :Succesully connected to the queue manager:QM_MQ1
5/06/2012 7:56:20 AM:General:-1: 0: Information: :Succesully connected to the queue:WeiInput
5/06/2012 7:56:20 AM:General:-1: 0: Information: :Succesully connected to the queue:WeiOk
5/06/2012 7:56:20 AM:General:-1: 0: Information: :Succesully connected to the queue:WeiConfirm
5/06/2012 7:56:20 AM:General:-1: 0: Information: :Succesully connected to the queue:WeiError
5/06/2012 7:56:20 AM:General:-1: 0: Information: :Succesully connected to the queue:PrimeInput
5/06/2012 7:56:20 AM:General:-1: 0: Information: :Succesully connected to the queue:PrimeOk
5/06/2012 7:56:20 AM:General:-1: 0: Information: :Succesully connected to the queue:PrimeConfirm
5/06/2012 7:56:20 AM:General:-1: 0: Information: :Started Interface:MQDriver1
5/06/2012 7:56:20 AM:General:-1: 0: Verbose: :Exiting initailize in InterfaceManager
5/06/2012 7:56:20 AM:General:-1: 0: Information: :Started Wei Service
5/06/2012 7:56:43 AM:General:-1: 0: Information: :RequestId:10607. Started processing the request
5/06/2012 7:56:43 AM:General:-1: 0: Information: :RequestId:10607. Translation started for the request
5/06/2012 7:56:43 AM:General:-1: 0: Information: :Request id:10607 is processed by an instance of Telavance.AdvantageSuite.Wei.WeiService.DefaultParser
5/06/2012 7:56:43 AM:General:-1: 0: Information: :RequestId:10607. Message Has CTC
5/06/2012 7:56:43 AM:General:-1: 0: Information: :RequestId:10607. Translation complete
5/06/2012 7:56:43 AM:General:-1: 0: Error: :Error sending the message to  PrimeInput                                       queue. ExceptionMessage:MQRC_Q_FULL
5/06/2012 7:56:43 AM:General:-1: 0: Error: :   at IBM.WMQ.MQBase.throwNewMQException()
   at IBM.WMQ.MQDestination.Put(MQMessage message, MQPutMessageOptions pmo)
   at Telavance.AdvantageSuite.Wei.MQDriver.MQDriver.sendMessage(String queueName, Int32 requestId, MQQueue queue, MQQueueManager manager, String messageId, String message, String correlationId, Object lockObject)
5/06/2012 7:56:43 AM:General:-1: 0: Error: :Cannot send for OFAC check for requestid:10607
5/06/2012 7:56:44 AM:General:-1: 0: Error: :Error sending the message to  WeiError                                         queue. ExceptionMessage:MQRC_Q_FULL
5/06/2012 7:56:44 AM:General:-1: 0: Error: :   at IBM.WMQ.MQBase.throwNewMQException()
   at IBM.WMQ.MQDestination.Put(MQMessage message, MQPutMessageOptions pmo)
   at Telavance.AdvantageSuite.Wei.MQDriver.MQDriver.sendMessage(String queueName, Int32 requestId, MQQueue queue, MQQueueManager manager, String messageId, String message, String correlationId, Object lockObject)
5/06/2012 7:56:44 AM:General:-1: 0: Information: :RequestId:10608. Started processing the request
5/06/2012 7:56:44 AM:General:-1: 0: Information: :RequestId:10608. Translation started for the request
5/06/2012 7:56:44 AM:General:-1: 0: Information: :Request id:10608 is processed by an instance of Telavance.AdvantageSuite.Wei.WeiService.DefaultParser
5/06/2012 7:56:44 AM:General:-1: 0: Information: :RequestId:10608. Message Has CTC
5/06/2012 7:56:44 AM:General:-1: 0: Information: :RequestId:10608. Translation complete
5/06/2012 7:56:44 AM:General:-1: 0: Error: :Error sending the message to  PrimeInput                                       queue. ExceptionMessage:MQRC_Q_FULL
5/06/2012 7:56:44 AM:General:-1: 0: Error: :   at IBM.WMQ.MQBase.throwNewMQException()
   at IBM.WMQ.MQDestination.Put(MQMessage message, MQPutMessageOptions pmo)
   at Telavance.AdvantageSuite.Wei.MQDriver.MQDriver.sendMessage(String queueName, Int32 requestId, MQQueue queue, MQQueueManager manager, String messageId, String message, String correlationId, Object lockObject)
5/06/2012 7:56:44 AM:General:-1: 0: Error: :Cannot send for OFAC check for requestid:10608
5/06/2012 7:56:44 AM:General:-1: 0: Error: :Error sending the message to  WeiError                                         queue. ExceptionMessage:MQRC_Q_FULL
5/06/2012 7:56:44 AM:General:-1: 0: Error: :   at IBM.WMQ.MQBase.throwNewMQException()
   at IBM.WMQ.MQDestination.Put(MQMessage message, MQPutMessageOptions pmo)
   at Telavance.AdvantageSuite.Wei.MQDriver.MQDriver.sendMessage(String queueName, Int32 requestId, MQQueue queue, MQQueueManager manager, String messageId, String message, String correlationId, Object lockObject)
5/06/2012 7:56:44 AM:General:-1: 0: Information: :RequestId:10609. Started processing the request
5/06/2012 7:56:44 AM:General:-1: 0: Information: :RequestId:10609. Translation started for the request
5/06/2012 7:56:44 AM:General:-1: 0: Information: :Request id:10609 is processed by an instance of Telavance.AdvantageSuite.Wei.WeiService.DefaultParser
5/06/2012 7:56:44 AM:General:-1: 0: Information: :RequestId:10609. Message Has CTC
5/06/2012 7:56:44 AM:General:-1: 0: Information: :RequestId:10609. Translation complete
5/06/2012 7:56:44 AM:General:-1: 0: Error: :Error sending the message to  PrimeInput                                       queue. ExceptionMessage:MQRC_Q_FULL
5/06/2012 7:56:44 AM:General:-1: 0: Error: :   at IBM.WMQ.MQBase.throwNewMQException()
   at IBM.WMQ.MQDestination.Put(MQMessage message, MQPutMessageOptions pmo)
   at Telavance.AdvantageSuite.Wei.MQDriver.MQDriver.sendMessage(String queueName, Int32 requestId, MQQueue queue, MQQueueManager manager, String messageId, String message, String correlationId, Object lockObject)
5/06/2012 7:56:44 AM:General:-1: 0: Error: :Cannot send for OFAC check for requestid:10609
5/06/2012 7:56:44 AM:General:-1: 0: Error: :Error sending the message to  WeiError                                         queue. ExceptionMessage:MQRC_Q_FULL
5/06/2012 7:56:44 AM:General:-1: 0: Error: :   at IBM.WMQ.MQBase.throwNewMQException()
   at IBM.WMQ.MQDestination.Put(MQMessage message, MQPutMessageOptions pmo)
   at Telavance.AdvantageSuite.Wei.MQDriver.MQDriver.sendMessage(String queueName, Int32 requestId, MQQueue queue, MQQueueManager manager, String messageId, String message, String correlationId, Object lockObject)
5/06/2012 7:56:44 AM:General:-1: 0: Information: :RequestId:10610. Started processing the request
5/06/2012 7:56:44 AM:General:-1: 0: Information: :RequestId:10610. Translation started for the request
5/06/2012 7:56:44 AM:General:-1: 0: Information: :Request id:10610 is processed by an instance of Telavance.AdvantageSuite.Wei.WeiService.DefaultParser
5/06/2012 7:56:44 AM:General:-1: 0: Information: :RequestId:10610. Message Has CTC
5/06/2012 7:56:44 AM:General:-1: 0: Information: :RequestId:10610. Translation complete
5/06/2012 7:56:44 AM:General:-1: 0: Error: :Error sending the message to  PrimeInput                                       queue. ExceptionMessage:MQRC_Q_FULL
5/06/2012 7:56:44 AM:General:-1: 0: Error: :   at IBM.WMQ.MQBase.throwNewMQException()
   at IBM.WMQ.MQDestination.Put(MQMessage message, MQPutMessageOptions pmo)
   at Telavance.AdvantageSuite.Wei.MQDriver.MQDriver.sendMessage(String queueName, Int32 requestId, MQQueue queue, MQQueueManager manager, String messageId, String message, String correlationId, Object lockObject)
5/06/2012 7:56:44 AM:General:-1: 0: Error: :Cannot send for OFAC check for requestid:10610
5/06/2012 7:56:44 AM:General:-1: 0: Error: :Error sending the message to  WeiError                                         queue. ExceptionMessage:MQRC_Q_FULL
5/06/2012 7:56:44 AM:General:-1: 0: Error: :   at IBM.WMQ.MQBase.throwNewMQException()
   at IBM.WMQ.MQDestination.Put(MQMessage message, MQPutMessageOptions pmo)
   at Telavance.AdvantageSuite.Wei.MQDriver.MQDriver.sendMessage(String queueName, Int32 requestId, MQQueue queue, MQQueueManager manager, String messageId, String message, String correlationId, Object lockObject)
5/06/2012 7:56:44 AM:General:-1: 0: Information: :RequestId:10611. Started processing the request
5/06/2012 7:56:44 AM:General:-1: 0: Information: :RequestId:10611. Translation started for the request
5/06/2012 7:56:44 AM:General:-1: 0: Information: :Request id:10611 is processed by an instance of Telavance.AdvantageSuite.Wei.WeiService.DefaultParser
5/06/2012 7:56:44 AM:General:-1: 0: Information: :RequestId:10611. Message Has CTC
5/06/2012 7:56:44 AM:General:-1: 0: Information: :RequestId:10611. Translation complete
5/06/2012 7:56:44 AM:General:-1: 0: Error: :Error sending the message to  PrimeInput                                       queue. ExceptionMessage:MQRC_Q_FULL
5/06/2012 7:56:44 AM:General:-1: 0: Error: :   at IBM.WMQ.MQBase.throwNewMQException()
   at IBM.WMQ.MQDestination.Put(MQMessage message, MQPutMessageOptions pmo)
   at Telavance.AdvantageSuite.Wei.MQDriver.MQDriver.sendMessage(String queueName, Int32 requestId, MQQueue queue, MQQueueManager manager, String messageId, String message, String correlationId, Object lockObject)
5/06/2012 7:56:44 AM:General:-1: 0: Error: :Cannot send for OFAC check for requestid:10611
5/06/2012 7:56:44 AM:General:-1: 0: Error: :Error sending the message to  WeiError                                         queue. ExceptionMessage:MQRC_Q_FULL
5/06/2012 7:56:44 AM:General:-1: 0: Error: :   at IBM.WMQ.MQBase.throwNewMQException()
   at IBM.WMQ.MQDestination.Put(MQMessage message, MQPutMessageOptions pmo)
   at Telavance.AdvantageSuite.Wei.MQDriver.MQDriver.sendMessage(String queueName, Int32 requestId, MQQueue queue, MQQueueManager manager, String messageId, String message, String correlationId, Object lockObject)
5/06/2012 7:58:22 AM:General:-1: 0: Information: :RequestId:10607. Started processing the request
5/06/2012 7:58:22 AM:General:-1: 0: Information: :RequestId:10607. Translation started for the request
5/06/2012 7:58:22 AM:General:-1: 0: Information: :Request id:10607 is processed by an instance of Telavance.AdvantageSuite.Wei.WeiService.DefaultParser
5/06/2012 7:58:22 AM:General:-1: 0: Information: :RequestId:10607. Message Has CTC
5/06/2012 7:58:22 AM:General:-1: 0: Information: :RequestId:10607. Translation complete
5/06/2012 7:58:22 AM:General:-1: 0: Error: :Error sending the message to  PrimeInput                                       queue. ExceptionMessage:MQRC_Q_FULL
5/06/2012 7:58:22 AM:General:-1: 0: Error: :   at IBM.WMQ.MQBase.throwNewMQException()
   at IBM.WMQ.MQDestination.Put(MQMessage message, MQPutMessageOptions pmo)
   at Telavance.AdvantageSuite.Wei.MQDriver.MQDriver.sendMessage(String queueName, Int32 requestId, MQQueue queue, MQQueueManager manager, String messageId, String message, String correlationId, Object lockObject)
5/06/2012 7:58:22 AM:General:-1: 0: Error: :Cannot send for OFAC check for requestid:10607
5/06/2012 7:58:22 AM:General:-1: 0: Error: :Error sending the message to  WeiError                                         queue. ExceptionMessage:MQRC_Q_FULL
5/06/2012 7:58:22 AM:General:-1: 0: Error: :   at IBM.WMQ.MQBase.throwNewMQException()
   at IBM.WMQ.MQDestination.Put(MQMessage message, MQPutMessageOptions pmo)
   at Telavance.AdvantageSuite.Wei.MQDriver.MQDriver.sendMessage(String queueName, Int32 requestId, MQQueue queue, MQQueueManager manager, String messageId, String message, String correlationId, Object lockObject)
5/06/2012 7:58:22 AM:General:-1: 0: Information: :RequestId:10608. Started processing the request
5/06/2012 7:58:22 AM:General:-1: 0: Information: :RequestId:10608. Translation started for the request
5/06/2012 7:58:22 AM:General:-1: 0: Information: :Request id:10608 is processed by an instance of Telavance.AdvantageSuite.Wei.WeiService.DefaultParser
5/06/2012 7:58:22 AM:General:-1: 0: Information: :RequestId:10608. Message Has CTC
5/06/2012 7:58:22 AM:General:-1: 0: Information: :RequestId:10608. Translation complete
5/06/2012 7:58:22 AM:General:-1: 0: Error: :Error sending the message to  PrimeInput                                       queue. ExceptionMessage:MQRC_Q_FULL
5/06/2012 7:58:22 AM:General:-1: 0: Error: :   at IBM.WMQ.MQBase.throwNewMQException()
   at IBM.WMQ.MQDestination.Put(MQMessage message, MQPutMessageOptions pmo)
   at Telavance.AdvantageSuite.Wei.MQDriver.MQDriver.sendMessage(String queueName, Int32 requestId, MQQueue queue, MQQueueManager manager, String messageId, String message, String correlationId, Object lockObject)
5/06/2012 7:58:22 AM:General:-1: 0: Error: :Cannot send for OFAC check for requestid:10608
5/06/2012 7:58:22 AM:General:-1: 0: Error: :Error sending the message to  WeiError                                         queue. ExceptionMessage:MQRC_Q_FULL
5/06/2012 7:58:22 AM:General:-1: 0: Error: :   at IBM.WMQ.MQBase.throwNewMQException()
   at IBM.WMQ.MQDestination.Put(MQMessage message, MQPutMessageOptions pmo)
   at Telavance.AdvantageSuite.Wei.MQDriver.MQDriver.sendMessage(String queueName, Int32 requestId, MQQueue queue, MQQueueManager manager, String messageId, String message, String correlationId, Object lockObject)
5/06/2012 7:58:22 AM:General:-1: 0: Information: :RequestId:10609. Started processing the request
5/06/2012 7:58:22 AM:General:-1: 0: Information: :RequestId:10609. Translation started for the request
5/06/2012 7:58:22 AM:General:-1: 0: Information: :Request id:10609 is processed by an instance of Telavance.AdvantageSuite.Wei.WeiService.DefaultParser
5/06/2012 7:58:22 AM:General:-1: 0: Information: :RequestId:10609. Message Has CTC
5/06/2012 7:58:22 AM:General:-1: 0: Information: :RequestId:10609. Translation complete
5/06/2012 7:58:22 AM:General:-1: 0: Error: :Error sending the message to  PrimeInput                                       queue. ExceptionMessage:MQRC_Q_FULL
5/06/2012 7:58:22 AM:General:-1: 0: Error: :   at IBM.WMQ.MQBase.throwNewMQException()
   at IBM.WMQ.MQDestination.Put(MQMessage message, MQPutMessageOptions pmo)
   at Telavance.AdvantageSuite.Wei.MQDriver.MQDriver.sendMessage(String queueName, Int32 requestId, MQQueue queue, MQQueueManager manager, String messageId, String message, String correlationId, Object lockObject)
5/06/2012 7:58:22 AM:General:-1: 0: Error: :Cannot send for OFAC check for requestid:10609
5/06/2012 7:58:22 AM:General:-1: 0: Error: :Error sending the message to  WeiError                                         queue. ExceptionMessage:MQRC_Q_FULL
5/06/2012 7:58:22 AM:General:-1: 0: Error: :   at IBM.WMQ.MQBase.throwNewMQException()
   at IBM.WMQ.MQDestination.Put(MQMessage message, MQPutMessageOptions pmo)
   at Telavance.AdvantageSuite.Wei.MQDriver.MQDriver.sendMessage(String queueName, Int32 requestId, MQQueue queue, MQQueueManager manager, String messageId, String message, String correlationId, Object lockObject)
5/06/2012 7:58:22 AM:General:-1: 0: Information: :RequestId:10610. Started processing the request
5/06/2012 7:58:22 AM:General:-1: 0: Information: :RequestId:10610. Translation started for the request
5/06/2012 7:58:22 AM:General:-1: 0: Information: :Request id:10610 is processed by an instance of Telavance.AdvantageSuite.Wei.WeiService.DefaultParser
5/06/2012 7:58:22 AM:General:-1: 0: Information: :RequestId:10610. Message Has CTC
5/06/2012 7:58:22 AM:General:-1: 0: Information: :RequestId:10610. Translation complete
5/06/2012 7:58:22 AM:General:-1: 0: Error: :Error sending the message to  PrimeInput                                       queue. ExceptionMessage:MQRC_Q_FULL
5/06/2012 7:58:22 AM:General:-1: 0: Error: :   at IBM.WMQ.MQBase.throwNewMQException()
   at IBM.WMQ.MQDestination.Put(MQMessage message, MQPutMessageOptions pmo)
   at Telavance.AdvantageSuite.Wei.MQDriver.MQDriver.sendMessage(String queueName, Int32 requestId, MQQueue queue, MQQueueManager manager, String messageId, String message, String correlationId, Object lockObject)
5/06/2012 7:58:22 AM:General:-1: 0: Error: :Cannot send for OFAC check for requestid:10610
5/06/2012 7:58:22 AM:General:-1: 0: Error: :Error sending the message to  WeiError                                         queue. ExceptionMessage:MQRC_Q_FULL
5/06/2012 7:58:22 AM:General:-1: 0: Error: :   at IBM.WMQ.MQBase.throwNewMQException()
   at IBM.WMQ.MQDestination.Put(MQMessage message, MQPutMessageOptions pmo)
   at Telavance.AdvantageSuite.Wei.MQDriver.MQDriver.sendMessage(String queueName, Int32 requestId, MQQueue queue, MQQueueManager manager, String messageId, String message, String correlationId, Object lockObject)
5/06/2012 7:58:22 AM:General:-1: 0: Information: :RequestId:10611. Started processing the request
5/06/2012 7:58:22 AM:General:-1: 0: Information: :RequestId:10611. Translation started for the request
5/06/2012 7:58:22 AM:General:-1: 0: Information: :Request id:10611 is processed by an instance of Telavance.AdvantageSuite.Wei.WeiService.DefaultParser
5/06/2012 7:58:22 AM:General:-1: 0: Information: :RequestId:10611. Message Has CTC
5/06/2012 7:58:22 AM:General:-1: 0: Information: :RequestId:10611. Translation complete
5/06/2012 7:58:22 AM:General:-1: 0: Error: :Error sending the message to  PrimeInput                                       queue. ExceptionMessage:MQRC_Q_FULL
5/06/2012 7:58:22 AM:General:-1: 0: Error: :   at IBM.WMQ.MQBase.throwNewMQException()
   at IBM.WMQ.MQDestination.Put(MQMessage message, MQPutMessageOptions pmo)
   at Telavance.AdvantageSuite.Wei.MQDriver.MQDriver.sendMessage(String queueName, Int32 requestId, MQQueue queue, MQQueueManager manager, String messageId, String message, String correlationId, Object lockObject)
5/06/2012 7:58:22 AM:General:-1: 0: Error: :Cannot send for OFAC check for requestid:10611
5/06/2012 7:58:22 AM:General:-1: 0: Error: :Error sending the message to  WeiError                                         queue. ExceptionMessage:MQRC_Q_FULL
5/06/2012 7:58:22 AM:General:-1: 0: Error: :   at IBM.WMQ.MQBase.throwNewMQException()
   at IBM.WMQ.MQDestination.Put(MQMessage message, MQPutMessageOptions pmo)
   at Telavance.AdvantageSuite.Wei.MQDriver.MQDriver.sendMessage(String queueName, Int32 requestId, MQQueue queue, MQQueueManager manager, String messageId, String message, String correlationId, Object lockObject)
5/06/2012 8:04:30 AM:General:-1: 0: Information: :RequestId:10608. Started processing the request
5/06/2012 8:04:30 AM:General:-1: 0: Information: :RequestId:10608. Translation started for the request
5/06/2012 8:04:30 AM:General:-1: 0: Information: :Request id:10608 is processed by an instance of Telavance.AdvantageSuite.Wei.WeiService.DefaultParser
5/06/2012 8:04:30 AM:General:-1: 0: Information: :RequestId:10608. Message Has CTC
5/06/2012 8:04:30 AM:General:-1: 0: Information: :RequestId:10608. Translation complete
5/06/2012 8:04:30 AM:General:-1: 0: Error: :Error sending the message to  PrimeInput                                       queue. ExceptionMessage:MQRC_Q_FULL
5/06/2012 8:04:30 AM:General:-1: 0: Error: :   at IBM.WMQ.MQBase.throwNewMQException()
   at IBM.WMQ.MQDestination.Put(MQMessage message, MQPutMessageOptions pmo)
   at Telavance.AdvantageSuite.Wei.MQDriver.MQDriver.sendMessage(String queueName, Int32 requestId, MQQueue queue, MQQueueManager manager, String messageId, String message, String correlationId, Object lockObject)
5/06/2012 8:04:30 AM:General:-1: 0: Error: :Cannot send for OFAC check for requestid:10608
5/06/2012 8:04:30 AM:General:-1: 0: Error: :Error sending the message to  WeiError                                         queue. ExceptionMessage:MQRC_Q_FULL
5/06/2012 8:04:30 AM:General:-1: 0: Error: :   at IBM.WMQ.MQBase.throwNewMQException()
   at IBM.WMQ.MQDestination.Put(MQMessage message, MQPutMessageOptions pmo)
   at Telavance.AdvantageSuite.Wei.MQDriver.MQDriver.sendMessage(String queueName, Int32 requestId, MQQueue queue, MQQueueManager manager, String messageId, String message, String correlationId, Object lockObject)
5/06/2012 8:04:30 AM:General:-1: 0: Information: :RequestId:10609. Started processing the request
5/06/2012 8:04:30 AM:General:-1: 0: Information: :RequestId:10609. Translation started for the request
5/06/2012 8:04:30 AM:General:-1: 0: Information: :Request id:10609 is processed by an instance of Telavance.AdvantageSuite.Wei.WeiService.DefaultParser
5/06/2012 8:04:30 AM:General:-1: 0: Information: :RequestId:10609. Message Has CTC
5/06/2012 8:04:30 AM:General:-1: 0: Information: :RequestId:10609. Translation complete
5/06/2012 8:04:30 AM:General:-1: 0: Error: :Error sending the message to  PrimeInput                                       queue. ExceptionMessage:MQRC_Q_FULL
5/06/2012 8:04:30 AM:General:-1: 0: Error: :   at IBM.WMQ.MQBase.throwNewMQException()
   at IBM.WMQ.MQDestination.Put(MQMessage message, MQPutMessageOptions pmo)
   at Telavance.AdvantageSuite.Wei.MQDriver.MQDriver.sendMessage(String queueName, Int32 requestId, MQQueue queue, MQQueueManager manager, String messageId, String message, String correlationId, Object lockObject)
5/06/2012 8:04:30 AM:General:-1: 0: Error: :Cannot send for OFAC check for requestid:10609
5/06/2012 8:04:30 AM:General:-1: 0: Error: :Error sending the message to  WeiError                                         queue. ExceptionMessage:MQRC_Q_FULL
5/06/2012 8:04:30 AM:General:-1: 0: Error: :   at IBM.WMQ.MQBase.throwNewMQException()
   at IBM.WMQ.MQDestination.Put(MQMessage message, MQPutMessageOptions pmo)
   at Telavance.AdvantageSuite.Wei.MQDriver.MQDriver.sendMessage(String queueName, Int32 requestId, MQQueue queue, MQQueueManager manager, String messageId, String message, String correlationId, Object lockObject)
5/06/2012 8:04:30 AM:General:-1: 0: Information: :RequestId:10610. Started processing the request
5/06/2012 8:04:30 AM:General:-1: 0: Information: :RequestId:10610. Translation started for the request
5/06/2012 8:04:31 AM:General:-1: 0: Information: :Request id:10610 is processed by an instance of Telavance.AdvantageSuite.Wei.WeiService.DefaultParser
5/06/2012 8:04:31 AM:General:-1: 0: Information: :RequestId:10610. Message Has CTC
5/06/2012 8:04:31 AM:General:-1: 0: Information: :RequestId:10610. Translation complete
5/06/2012 8:04:31 AM:General:-1: 0: Error: :Error sending the message to  PrimeInput                                       queue. ExceptionMessage:MQRC_Q_FULL
5/06/2012 8:04:31 AM:General:-1: 0: Error: :   at IBM.WMQ.MQBase.throwNewMQException()
   at IBM.WMQ.MQDestination.Put(MQMessage message, MQPutMessageOptions pmo)
   at Telavance.AdvantageSuite.Wei.MQDriver.MQDriver.sendMessage(String queueName, Int32 requestId, MQQueue queue, MQQueueManager manager, String messageId, String message, String correlationId, Object lockObject)
5/06/2012 8:04:31 AM:General:-1: 0: Error: :Cannot send for OFAC check for requestid:10610
5/06/2012 8:04:31 AM:General:-1: 0: Error: :Error sending the message to  WeiError                                         queue. ExceptionMessage:MQRC_Q_FULL
5/06/2012 8:04:31 AM:General:-1: 0: Error: :   at IBM.WMQ.MQBase.throwNewMQException()
   at IBM.WMQ.MQDestination.Put(MQMessage message, MQPutMessageOptions pmo)
   at Telavance.AdvantageSuite.Wei.MQDriver.MQDriver.sendMessage(String queueName, Int32 requestId, MQQueue queue, MQQueueManager manager, String messageId, String message, String correlationId, Object lockObject)
5/06/2012 8:04:31 AM:General:-1: 0: Information: :RequestId:10611. Started processing the request
5/06/2012 8:04:31 AM:General:-1: 0: Information: :RequestId:10611. Translation started for the request
5/06/2012 8:04:31 AM:General:-1: 0: Information: :Request id:10611 is processed by an instance of Telavance.AdvantageSuite.Wei.WeiService.DefaultParser
5/06/2012 8:04:31 AM:General:-1: 0: Information: :RequestId:10611. Message Has CTC
5/06/2012 8:04:31 AM:General:-1: 0: Information: :RequestId:10611. Translation complete
5/06/2012 8:04:31 AM:General:-1: 0: Error: :Error sending the message to  PrimeInput                                       queue. ExceptionMessage:MQRC_Q_FULL
5/06/2012 8:04:31 AM:General:-1: 0: Error: :   at IBM.WMQ.MQBase.throwNewMQException()
   at IBM.WMQ.MQDestination.Put(MQMessage message, MQPutMessageOptions pmo)
   at Telavance.AdvantageSuite.Wei.MQDriver.MQDriver.sendMessage(String queueName, Int32 requestId, MQQueue queue, MQQueueManager manager, String messageId, String message, String correlationId, Object lockObject)
5/06/2012 8:04:31 AM:General:-1: 0: Error: :Cannot send for OFAC check for requestid:10611
5/06/2012 8:04:31 AM:General:-1: 0: Error: :Error sending the message to  WeiError                                         queue. ExceptionMessage:MQRC_Q_FULL
5/06/2012 8:04:31 AM:General:-1: 0: Error: :   at IBM.WMQ.MQBase.throwNewMQException()
   at IBM.WMQ.MQDestination.Put(MQMessage message, MQPutMessageOptions pmo)
   at Telavance.AdvantageSuite.Wei.MQDriver.MQDriver.sendMessage(String queueName, Int32 requestId, MQQueue queue, MQQueueManager manager, String messageId, String message, String correlationId, Object lockObject)
5/06/2012 8:13:13 AM:General:-1: 0: Information: :RequestId:10607. Started processing the request
5/06/2012 8:13:13 AM:General:-1: 0: Information: :RequestId:10607. Translation started for the request
5/06/2012 8:13:13 AM:General:-1: 0: Information: :Request id:10607 is processed by an instance of Telavance.AdvantageSuite.Wei.WeiService.DefaultParser
5/06/2012 8:13:13 AM:General:-1: 0: Information: :RequestId:10607. Message Has CTC
5/06/2012 8:13:13 AM:General:-1: 0: Information: :RequestId:10607. Translation complete
5/06/2012 8:13:13 AM:General:-1: 0: Error: :Error sending the message to  PrimeInput                                       queue. ExceptionMessage:MQRC_Q_FULL
5/06/2012 8:13:13 AM:General:-1: 0: Error: :   at IBM.WMQ.MQBase.throwNewMQException()
   at IBM.WMQ.MQDestination.Put(MQMessage message, MQPutMessageOptions pmo)
   at Telavance.AdvantageSuite.Wei.MQDriver.MQDriver.sendMessage(String queueName, Int32 requestId, MQQueue queue, MQQueueManager manager, String messageId, String message, String correlationId, Object lockObject)
5/06/2012 8:13:13 AM:General:-1: 0: Error: :Cannot send for OFAC check for requestid:10607
5/06/2012 8:13:13 AM:General:-1: 0: Error: :Error sending the message to  WeiError                                         queue. ExceptionMessage:MQRC_Q_FULL
5/06/2012 8:13:13 AM:General:-1: 0: Error: :   at IBM.WMQ.MQBase.throwNewMQException()
   at IBM.WMQ.MQDestination.Put(MQMessage message, MQPutMessageOptions pmo)
   at Telavance.AdvantageSuite.Wei.MQDriver.MQDriver.sendMessage(String queueName, Int32 requestId, MQQueue queue, MQQueueManager manager, String messageId, String message, String correlationId, Object lockObject)
5/06/2012 8:13:13 AM:General:-1: 0: Information: :RequestId:10609. Started processing the request
5/06/2012 8:13:13 AM:General:-1: 0: Information: :RequestId:10609. Translation started for the request
5/06/2012 8:13:13 AM:General:-1: 0: Information: :Request id:10609 is processed by an instance of Telavance.AdvantageSuite.Wei.WeiService.DefaultParser
5/06/2012 8:13:13 AM:General:-1: 0: Information: :RequestId:10609. Message Has CTC
5/06/2012 8:13:13 AM:General:-1: 0: Information: :RequestId:10609. Translation complete
5/06/2012 8:13:13 AM:General:-1: 0: Error: :Error sending the message to  PrimeInput                                       queue. ExceptionMessage:MQRC_Q_FULL
5/06/2012 8:13:13 AM:General:-1: 0: Error: :   at IBM.WMQ.MQBase.throwNewMQException()
   at IBM.WMQ.MQDestination.Put(MQMessage message, MQPutMessageOptions pmo)
   at Telavance.AdvantageSuite.Wei.MQDriver.MQDriver.sendMessage(String queueName, Int32 requestId, MQQueue queue, MQQueueManager manager, String messageId, String message, String correlationId, Object lockObject)
5/06/2012 8:13:13 AM:General:-1: 0: Error: :Cannot send for OFAC check for requestid:10609
5/06/2012 8:13:13 AM:General:-1: 0: Error: :Error sending the message to  WeiError                                         queue. ExceptionMessage:MQRC_Q_FULL
5/06/2012 8:13:13 AM:General:-1: 0: Error: :   at IBM.WMQ.MQBase.throwNewMQException()
   at IBM.WMQ.MQDestination.Put(MQMessage message, MQPutMessageOptions pmo)
   at Telavance.AdvantageSuite.Wei.MQDriver.MQDriver.sendMessage(String queueName, Int32 requestId, MQQueue queue, MQQueueManager manager, String messageId, String message, String correlationId, Object lockObject)
5/06/2012 8:13:13 AM:General:-1: 0: Information: :RequestId:10610. Started processing the request
5/06/2012 8:13:13 AM:General:-1: 0: Information: :RequestId:10610. Translation started for the request
5/06/2012 8:13:13 AM:General:-1: 0: Information: :Request id:10610 is processed by an instance of Telavance.AdvantageSuite.Wei.WeiService.DefaultParser
5/06/2012 8:13:13 AM:General:-1: 0: Information: :RequestId:10610. Message Has CTC
5/06/2012 8:13:13 AM:General:-1: 0: Information: :RequestId:10610. Translation complete
5/06/2012 8:13:13 AM:General:-1: 0: Error: :Error sending the message to  PrimeInput                                       queue. ExceptionMessage:MQRC_Q_FULL
5/06/2012 8:13:13 AM:General:-1: 0: Error: :   at IBM.WMQ.MQBase.throwNewMQException()
   at IBM.WMQ.MQDestination.Put(MQMessage message, MQPutMessageOptions pmo)
   at Telavance.AdvantageSuite.Wei.MQDriver.MQDriver.sendMessage(String queueName, Int32 requestId, MQQueue queue, MQQueueManager manager, String messageId, String message, String correlationId, Object lockObject)
5/06/2012 8:13:13 AM:General:-1: 0: Error: :Cannot send for OFAC check for requestid:10610
5/06/2012 8:13:13 AM:General:-1: 0: Error: :Error sending the message to  WeiError                                         queue. ExceptionMessage:MQRC_Q_FULL
5/06/2012 8:13:13 AM:General:-1: 0: Error: :   at IBM.WMQ.MQBase.throwNewMQException()
   at IBM.WMQ.MQDestination.Put(MQMessage message, MQPutMessageOptions pmo)
   at Telavance.AdvantageSuite.Wei.MQDriver.MQDriver.sendMessage(String queueName, Int32 requestId, MQQueue queue, MQQueueManager manager, String messageId, String message, String correlationId, Object lockObject)
5/06/2012 8:13:13 AM:General:-1: 0: Information: :RequestId:10611. Started processing the request
5/06/2012 8:13:13 AM:General:-1: 0: Information: :RequestId:10611. Translation started for the request
5/06/2012 8:13:13 AM:General:-1: 0: Information: :Request id:10611 is processed by an instance of Telavance.AdvantageSuite.Wei.WeiService.DefaultParser
5/06/2012 8:13:13 AM:General:-1: 0: Information: :RequestId:10611. Message Has CTC
5/06/2012 8:13:13 AM:General:-1: 0: Information: :RequestId:10611. Translation complete
5/06/2012 8:13:13 AM:General:-1: 0: Error: :Error sending the message to  PrimeInput                                       queue. ExceptionMessage:MQRC_Q_FULL
5/06/2012 8:13:13 AM:General:-1: 0: Error: :   at IBM.WMQ.MQBase.throwNewMQException()
   at IBM.WMQ.MQDestination.Put(MQMessage message, MQPutMessageOptions pmo)
   at Telavance.AdvantageSuite.Wei.MQDriver.MQDriver.sendMessage(String queueName, Int32 requestId, MQQueue queue, MQQueueManager manager, String messageId, String message, String correlationId, Object lockObject)
5/06/2012 8:13:13 AM:General:-1: 0: Error: :Cannot send for OFAC check for requestid:10611
5/06/2012 8:13:13 AM:General:-1: 0: Error: :Error sending the message to  WeiError                                         queue. ExceptionMessage:MQRC_Q_FULL
5/06/2012 8:13:13 AM:General:-1: 0: Error: :   at IBM.WMQ.MQBase.throwNewMQException()
   at IBM.WMQ.MQDestination.Put(MQMessage message, MQPutMessageOptions pmo)
   at Telavance.AdvantageSuite.Wei.MQDriver.MQDriver.sendMessage(String queueName, Int32 requestId, MQQueue queue, MQQueueManager manager, String messageId, String message, String correlationId, Object lockObject)
